INFO - [♥] Lovely 0.8.0
INFO - [♥] Game directory is at "C:\\Program Files (x86)\\Steam\\steamapps\\common\\Balatro"
INFO - [♥] Writing logs to "C:\\Users\\irene\\AppData\\Roaming\\Balatro\\Mods\\lovely\\log"
INFO - [♥] Using mod directory at "C:\\Users\\irene\\AppData\\Roaming\\Balatro\\Mods"
WARN - [♥] Unknown key `patches.0.?.match_indent` found in patch file at "C:\\Users\\irene\\AppData\\Roaming\\Balatro\\Mods\\smods-main\\lovely\\scoring_calculation.toml", ignoring it
INFO - [♥] Cleaning up dumps directory at "C:\\Users\\irene\\AppData\\Roaming\\Balatro\\Mods\\lovely\\dump"
INFO - [♥] Initialization complete in 81ms
INFO - [♥] Applied 1 patch to 'conf.lua'
INFO - [♥] Applied 11 patches to 'main.lua'
INFO - [♥] Applied 10 patches to 'engine/controller.lua'
INFO - [♥] Applied 15 patches to 'back.lua'
INFO - [♥] Applied 8 patches to 'tag.lua'
INFO - [♥] Applied 2 patches to 'engine/moveable.lua'
INFO - [♥] Applied 2 patches to 'engine/sprite.lua'
INFO - [♥] Applied 2 patches to 'engine/animatedsprite.lua'
INFO - [♥] Applied 78 patches to 'functions/misc_functions.lua'
INFO - [♥] Applied 52 patches to 'game.lua'
INFO - [♥] Applied 1 patch to 'globals.lua'
INFO - [♥] Applied 7 patches to 'engine/ui.lua'
INFO - [♥] Applied 106 patches to 'functions/UI_definitions.lua'
INFO - [♥] Applied 55 patches to 'functions/state_events.lua'
INFO - [♥] Applied 122 patches to 'functions/common_events.lua'
INFO - [♥] Applied 54 patches to 'functions/button_callbacks.lua'
WARN - [♥] Regex 'localize\\(\'k_upgrade_ex\'\\)\\}\\); return true\n[ \\t]*end\\}\\)\\)\n[ \\t]*end\n(?<indent>[ \\t]*)return' on target 'card.lua' for regex patch from smods-main\lovely\joker_retriggers.toml resulted in no matches
WARN - [♥] Regex '[ \\t]*G\\.C\\.MULT\\}\\)\n[ \\t]*return true\n[ \\t]*end\\)\\}\\)\\)\n(?<indent>[ \\t]*)end' on target 'card.lua' for regex patch from smods-main\lovely\joker_retriggers.toml resulted in no matches
WARN - [♥] Regex '[ \\t]*func = function\\(\\) card_eval_status_text\\(self, \'extra\', nil, nil, nil, \\{message = localize\\{type = \'variable\', key = \'a_xmult\', vars = \\{self\\.ability\\.caino_xmult\\}\\}\\}\\); return true\n(?<indent>[ \\t]*)end\\}\\)\\)' on target 'card.lua' for regex patch from smods-main\lovely\joker_retriggers.toml resulted in no matches
WARN - [♥] Regex 'glass_cards\\}\\}\\}\\)\n[ \\t]*return true\n[ \\t]*end\n(?<indent>[ \\t]*)\\}\\)\\)' on target 'card.lua' for regex patch from smods-main\lovely\joker_retriggers.toml resulted in no matches
INFO - [♥] Applied 218 patches to 'card.lua'
INFO - [♥] Applied 20 patches to 'cardarea.lua'
INFO - [♥] Applied 40 patches to 'blind.lua'
INFO - [♥] Applied 10 patches to 'card_character.lua'
INFO - [♥] Applied 10 patches to 'engine/text.lua'
INFO - [G] Failed to connect to the debug server 
INFO - [G] 2025-09-15 15:39:38 :: DEBUG :: DebugConsole :: Steamodded Debug Socket started ! 
INFO - [G] 2025-09-15 15:39:38 :: INFO  :: SMODS :: Steamodded v1.0.0~BETA-0906c 
INFO - [♥] Applied 9 patches to 'engine/sound_manager.lua'
INFO - [♥] Applied 1 patch to 'engine/save_manager.lua'
INFO - [G] 2025-09-15 15:39:39 :: ERROR :: Loader :: Found invalid metadata JSON file at C:\Users\irene\AppData\Roaming\Balatro\Mods/.vscode/settings.json, ignoring: [SMODS _ "src/loader.lua"]:226: id 
INFO - [G] 2025-09-15 15:39:39 :: ERROR :: Loader :: Found invalid metadata JSON file at C:\Users\irene\AppData\Roaming\Balatro\Mods/DebugPlus-master/.luarc.json, ignoring: [SMODS _ "src/loader.lua"]:226: id 
INFO - [G] 2025-09-15 15:39:39 :: ERROR :: Loader :: Found invalid metadata JSON file at C:\Users\irene\AppData\Roaming\Balatro\Mods/DebugPlus-master/dev/.luarc.json, ignoring: [SMODS _ "src/loader.lua"]:226: id 
INFO - [G] 2025-09-15 15:39:39 :: INFO  :: Loader :: Valid JSON file found 
INFO - [G] 2025-09-15 15:39:39 :: TRACE :: Loader :: Processing Mod file (Legacy header): Main.lua 
INFO - [G] 2025-09-15 15:39:39 :: TRACE :: Loader :: Saving Mod Info: SimpleJoker 
INFO - [G] 2025-09-15 15:39:39 :: INFO  :: TIMER :: [0000] Injected Fonts in 0.003 ms 
INFO - [G] 2025-09-15 15:39:39 :: INFO  :: TIMER :: [0000] Injected DynaTextEffects in 0.007 ms 
INFO - [G] 2025-09-15 15:39:39 :: INFO  :: TIMER :: [0000] Injected Language in 0.002 ms 
INFO - [G] 2025-09-15 15:39:39 :: INFO  :: TIMER :: [0000] Injected [INTERNAL] in 3.215 ms 
INFO - [G] 2025-09-15 15:39:40 :: INFO  :: TIMER :: [0008] Injected Atlas in 688.529 ms 
INFO - [G] 2025-09-15 15:39:40 :: INFO  :: TIMER :: [0002] Injected Sound in 1.176 ms 
INFO - [G] 2025-09-15 15:39:40 :: INFO  :: TIMER :: [0008] Injected Stake in 1.218 ms 
INFO - [G] 2025-09-15 15:39:40 :: INFO  :: TIMER :: [0004] Injected Rarity in 0.196 ms 
INFO - [G] 2025-09-15 15:39:40 :: INFO  :: TIMER :: [0004] Injected ObjectType in 0.105 ms 
INFO - [G] 2025-09-15 15:39:40 :: INFO  :: TIMER :: [0053] Injected Center in 1.049 ms 
INFO - [G] 2025-09-15 15:39:40 :: INFO  :: TIMER :: [0007] Injected Undiscovered Sprite in 0.053 ms 
INFO - [G] 2025-09-15 15:39:40 :: INFO  :: TIMER :: [0004] Injected Blind in 0.241 ms 
INFO - [G] 2025-09-15 15:39:40 :: INFO  :: TIMER :: [0004] Injected Seal in 0.766 ms 
INFO - [G] 2025-09-15 15:39:40 :: INFO  :: TIMER :: [0004] Injected Suit in 0.442 ms 
INFO - [G] 2025-09-15 15:39:40 :: INFO  :: TIMER :: [0013] Injected Rank in 0.599 ms 
INFO - [G] 2025-09-15 15:39:40 :: INFO  :: TIMER :: [0028] Injected DeckSkin in 0.649 ms 
INFO - [G] 2025-09-15 15:39:40 :: INFO  :: TIMER :: [0017] Injected JimboQuip in 0.106 ms 
INFO - [G] 2025-09-15 15:39:40 :: INFO  :: TIMER :: [0012] Injected PokerHand in 0.456 ms 
INFO - [G] 2025-09-15 15:39:40 :: INFO  :: TIMER :: [0020] Injected Challenge in 0.196 ms 
INFO - [G] 2025-09-15 15:39:40 :: INFO  :: TIMER :: [0000] Injected Tag in 0.003 ms 
INFO - [G] 2025-09-15 15:39:40 :: INFO  :: TIMER :: [0004] Injected Sticker in 0.444 ms 
INFO - [G] 2025-09-15 15:39:40 :: INFO  :: TIMER :: [0000] Injected Shader in 0.002 ms 
INFO - [G] 2025-09-15 15:39:40 :: INFO  :: TIMER :: [0002] Injected Keybind in 0.092 ms 
INFO - [G] 2025-09-15 15:39:41 :: INFO  :: TIMER :: [0000] Injected Achievement in 0.256 ms 
INFO - [G] 2025-09-15 15:39:41 :: INFO  :: TIMER :: [0002] Injected nil in 0.065 ms 
INFO - [G] 2025-09-15 15:39:41 :: INFO  :: TIMER :: [0002] Injected Scoring_Parameters in 0.317 ms 
INFO - [G] 2025-09-15 15:39:41 :: INFO  :: TIMER :: [0003] Injected Scoring_Calculations in 0.035 ms 
INFO - [G] 2025-09-15 15:39:41 :: INFO  :: TIMER :: [0021] Injected Draw Step in 0.231 ms 
INFO - [G] 2025-09-15 15:39:41 :: INFO  :: TIMER :: [0000] Injected [INTERNAL] in 0.687 ms 
INFO - [G] [DebugPlus] Press [-] to toggle console and press [shift] + [-] to toggle new log previews 
INFO - [G] line not found
INFO - [G] file not found: main.lua: No such file or directory
INFO - [G] file not found: main.lua: No such file or directory
INFO - [G] 2025-09-15 15:40:06 :: ERROR :: StackTrace :: Oops! The game crashed
Thread error (Thread: 0x027470d0e570)

Could not open file resources/sounds/21_kid_sound.ogg. Does not exist.
stack traceback:
	[C]: at 0x7ff90a9258a0
	[C]: in function 'newSource'
	engine/sound_manager.lua:63: in function 'PLAY_SOUND'
	engine/sound_manager.lua:197: in main chunk
Stack Traceback
===============
(1) Lua upvalue 'orig' at file 'main.lua:612'
	Local variables:
	 msg = string: "Thread error (Thread: 0x027470d0e570)\
\
Could not open file resources/sounds/21_kid_sound.ogg. Does not exist.\
stack traceback:\
\9[C]: at 0x7ff90a9258a0\
\9[C]: in function 'newSource'\
\9engine/sound_manager.lua:63: in function 'PLAY_SOUND'\
\9engine/sound_manager.lua:197: in main chunk"
	 (*temporary) = Lua function '?' (defined at line 31 of chunk [SMODS _ "src/logging.lua"])
	 (*temporary) = string: "Oops! The game crashed\
"
(2) Lua local 'handler' at file 'debugplus/console.lua:606' (from lovely module debugplus.console)
	Local variables:
	 msg = string: "Thread error (Thread: 0x027470d0e570)\
\
Could not open file resources/sounds/21_kid_sound.ogg. Does not exist.\
stack traceback:\
\9[C]: at 0x7ff90a9258a0\
\9[C]: in function 'newSource'\
\9engine/sound_manager.lua:63: in function 'PLAY_SOUND'\
\9engine/sound_manager.lua:197: in main chunk"
(3) LÖVE function at file 'boot.lua:352' (best guess)
	Local variables:
	 errhand = Lua function '(LÖVE Function)' (defined at line 605 of chunk [lovely debugplus.console "debugplus/console.lua"])
	 handler = Lua function '(LÖVE Function)' (defined at line 605 of chunk [lovely debugplus.console "debugplus/console.lua"])
(4) upvalue C function 'error'
(5) LÖVE function at file 'callbacks.lua:181' (best guess)
	Local variables:
	 t = Thread: 0x027470d0e570
	 err = string: "Could not open file resources/sounds/21_kid_sound.ogg. Does not exist.\
stack traceback:\
\9[C]: at 0x7ff90a9258a0\
\9[C]: in function 'newSource'\
\9engine/sound_manager.lua:63: in function 'PLAY_SOUND'\
\9engine/sound_manager.lua:197: in main chunk"
(6) Lua function '?' at file 'main.lua:938' (best guess)
	Local variables:
	 _n = nil
	 _a = nil
	 _b = nil
	 _c = nil
	 _d = nil
	 _e = nil
	 _f = nil
	 touched = nil
	 (for generator) = C function: 0x2741a708
	 (for state) = nil
	 (for control) = string: "threaderror"
	 name = string: "threaderror"
	 a = Thread: 0x027470d0e570
	 b = string: "Could not open file resources/sounds/21_kid_sound.ogg. Does not exist.\
stack traceback:\
\9[C]: at 0x7ff90a9258a0\
\9[C]: in function 'newSource'\
\9engine/sound_manager.lua:63: in function 'PLAY_SOUND'\
\9engine/sound_manager.lua:197: in main chunk"
	 c = nil
	 d = nil
	 e = nil
	 f = nil
(7) global C function 'xpcall'
(8) LÖVE function at file 'boot.lua:377' (best guess)
	Local variables:
	 func = Lua function '?' (defined at line 921 of chunk main.lua)
	 inerror = boolean: true
	 deferErrhand = Lua function '(LÖVE Function)' (defined at line 348 of chunk [love "boot.lua"])
	 earlyinit = Lua function '(LÖVE Function)' (defined at line 355 of chunk [love "boot.lua"])
 
INFO - [G] file not found: main.lua: No such file or directory
INFO - [G] file not found: main.lua: No such file or directory
INFO - [G] 2025-09-15 15:40:06 :: INFO  :: StackTrace :: Additional Context:
Balatro Version: 1.0.1o-FULL
Modded Version: 1.0.0~BETA-0906c-STEAMODDED
LÖVE Version: 11.5.0
Lovely Version: 0.8.0
Platform: Windows
Steamodded Mods:
    1: Simple by Gonçalo, Braz, Hernani [ID: SimpleJoker]
    2: DebugPlus by WilsontheWolf [ID: DebugPlus, Version: 1.5.1, Uses Lovely]
Lovely Mods: 
