INFO - [♥] Lovely 0.8.0
INFO - [♥] Game directory is at "C:\\Program Files (x86)\\Steam\\steamapps\\common\\Balatro"
INFO - [♥] Writing logs to "C:\\Users\\irene\\AppData\\Roaming\\Balatro\\Mods\\lovely\\log"
INFO - [♥] Using mod directory at "C:\\Users\\irene\\AppData\\Roaming\\Balatro\\Mods"
WARN - [♥] Unknown key `patches.0.?.match_indent` found in patch file at "C:\\Users\\irene\\AppData\\Roaming\\Balatro\\Mods\\smods-main\\lovely\\scoring_calculation.toml", ignoring it
INFO - [♥] Cleaning up dumps directory at "C:\\Users\\irene\\AppData\\Roaming\\Balatro\\Mods\\lovely\\dump"
INFO - [♥] Initialization complete in 94ms
INFO - [♥] Applied 1 patch to 'conf.lua'
INFO - [♥] Applied 11 patches to 'main.lua'
INFO - [♥] Applied 10 patches to 'engine/controller.lua'
INFO - [♥] Applied 15 patches to 'back.lua'
INFO - [♥] Applied 8 patches to 'tag.lua'
INFO - [♥] Applied 2 patches to 'engine/moveable.lua'
INFO - [♥] Applied 2 patches to 'engine/sprite.lua'
INFO - [♥] Applied 2 patches to 'engine/animatedsprite.lua'
INFO - [♥] Applied 78 patches to 'functions/misc_functions.lua'
INFO - [♥] Applied 52 patches to 'game.lua'
INFO - [♥] Applied 1 patch to 'globals.lua'
INFO - [♥] Applied 7 patches to 'engine/ui.lua'
INFO - [♥] Applied 106 patches to 'functions/UI_definitions.lua'
INFO - [♥] Applied 55 patches to 'functions/state_events.lua'
INFO - [♥] Applied 122 patches to 'functions/common_events.lua'
INFO - [♥] Applied 54 patches to 'functions/button_callbacks.lua'
WARN - [♥] Regex 'localize\\(\'k_upgrade_ex\'\\)\\}\\); return true\n[ \\t]*end\\}\\)\\)\n[ \\t]*end\n(?<indent>[ \\t]*)return' on target 'card.lua' for regex patch from smods-main\lovely\joker_retriggers.toml resulted in no matches
WARN - [♥] Regex '[ \\t]*G\\.C\\.MULT\\}\\)\n[ \\t]*return true\n[ \\t]*end\\)\\}\\)\\)\n(?<indent>[ \\t]*)end' on target 'card.lua' for regex patch from smods-main\lovely\joker_retriggers.toml resulted in no matches
WARN - [♥] Regex '[ \\t]*func = function\\(\\) card_eval_status_text\\(self, \'extra\', nil, nil, nil, \\{message = localize\\{type = \'variable\', key = \'a_xmult\', vars = \\{self\\.ability\\.caino_xmult\\}\\}\\}\\); return true\n(?<indent>[ \\t]*)end\\}\\)\\)' on target 'card.lua' for regex patch from smods-main\lovely\joker_retriggers.toml resulted in no matches
WARN - [♥] Regex 'glass_cards\\}\\}\\}\\)\n[ \\t]*return true\n[ \\t]*end\n(?<indent>[ \\t]*)\\}\\)\\)' on target 'card.lua' for regex patch from smods-main\lovely\joker_retriggers.toml resulted in no matches
INFO - [♥] Applied 218 patches to 'card.lua'
INFO - [♥] Applied 20 patches to 'cardarea.lua'
INFO - [♥] Applied 40 patches to 'blind.lua'
INFO - [♥] Applied 10 patches to 'card_character.lua'
INFO - [♥] Applied 10 patches to 'engine/text.lua'
INFO - [G] Failed to connect to the debug server 
INFO - [G] 2025-09-15 14:31:55 :: DEBUG :: DebugConsole :: Steamodded Debug Socket started ! 
INFO - [G] 2025-09-15 14:31:55 :: INFO  :: SMODS :: Steamodded v1.0.0~BETA-0906c 
INFO - [♥] Applied 9 patches to 'engine/sound_manager.lua'
INFO - [♥] Applied 1 patch to 'engine/save_manager.lua'
INFO - [G] 2025-09-15 14:31:57 :: ERROR :: Loader :: Found invalid metadata JSON file at C:\Users\irene\AppData\Roaming\Balatro\Mods/.vscode/settings.json, ignoring: [SMODS _ "src/loader.lua"]:226: id 
INFO - [G] 2025-09-15 14:31:57 :: ERROR :: Loader :: Found invalid metadata JSON file at C:\Users\irene\AppData\Roaming\Balatro\Mods/DebugPlus-master/.luarc.json, ignoring: [SMODS _ "src/loader.lua"]:226: id 
INFO - [G] 2025-09-15 14:31:57 :: ERROR :: Loader :: Found invalid metadata JSON file at C:\Users\irene\AppData\Roaming\Balatro\Mods/DebugPlus-master/dev/.luarc.json, ignoring: [SMODS _ "src/loader.lua"]:226: id 
INFO - [G] 2025-09-15 14:31:57 :: INFO  :: Loader :: Valid JSON file found 
INFO - [G] 2025-09-15 14:31:57 :: TRACE :: Loader :: Processing Mod file (Legacy header): Main.lua 
INFO - [G] 2025-09-15 14:31:57 :: TRACE :: Loader :: Saving Mod Info: SimpleJoker 
INFO - [G] 2025-09-15 14:31:57 :: INFO  :: TIMER :: [0000] Injected Fonts in 0.003 ms 
INFO - [G] 2025-09-15 14:31:57 :: INFO  :: TIMER :: [0000] Injected DynaTextEffects in 0.004 ms 
INFO - [G] 2025-09-15 14:31:57 :: INFO  :: TIMER :: [0000] Injected Language in 0.005 ms 
INFO - [G] 2025-09-15 14:31:57 :: INFO  :: TIMER :: [0000] Injected [INTERNAL] in 1.950 ms 
INFO - [G] 2025-09-15 14:31:58 :: INFO  :: TIMER :: [0008] Injected Atlas in 693.643 ms 
INFO - [G] 2025-09-15 14:31:58 :: INFO  :: TIMER :: [0002] Injected Sound in 1.090 ms 
INFO - [G] 2025-09-15 14:31:58 :: INFO  :: TIMER :: [0008] Injected Stake in 0.542 ms 
INFO - [G] 2025-09-15 14:31:58 :: INFO  :: TIMER :: [0004] Injected Rarity in 0.067 ms 
INFO - [G] 2025-09-15 14:31:58 :: INFO  :: TIMER :: [0004] Injected ObjectType in 0.134 ms 
INFO - [G] 2025-09-15 14:31:58 :: INFO  :: TIMER :: [0053] Injected Center in 0.686 ms 
INFO - [G] 2025-09-15 14:31:58 :: INFO  :: TIMER :: [0007] Injected Undiscovered Sprite in 0.067 ms 
INFO - [G] 2025-09-15 14:31:58 :: INFO  :: TIMER :: [0004] Injected Blind in 0.125 ms 
INFO - [G] 2025-09-15 14:31:58 :: INFO  :: TIMER :: [0004] Injected Seal in 1.370 ms 
INFO - [G] 2025-09-15 14:31:58 :: INFO  :: TIMER :: [0004] Injected Suit in 0.830 ms 
INFO - [G] 2025-09-15 14:31:58 :: INFO  :: TIMER :: [0013] Injected Rank in 0.719 ms 
INFO - [G] 2025-09-15 14:31:58 :: INFO  :: TIMER :: [0028] Injected DeckSkin in 0.992 ms 
INFO - [G] 2025-09-15 14:31:58 :: INFO  :: TIMER :: [0017] Injected JimboQuip in 0.168 ms 
INFO - [G] 2025-09-15 14:31:58 :: INFO  :: TIMER :: [0012] Injected PokerHand in 0.439 ms 
INFO - [G] 2025-09-15 14:31:58 :: INFO  :: TIMER :: [0020] Injected Challenge in 0.125 ms 
INFO - [G] 2025-09-15 14:31:58 :: INFO  :: TIMER :: [0000] Injected Tag in 0.003 ms 
INFO - [G] 2025-09-15 14:31:58 :: INFO  :: TIMER :: [0004] Injected Sticker in 0.833 ms 
INFO - [G] 2025-09-15 14:31:58 :: INFO  :: TIMER :: [0000] Injected Shader in 0.003 ms 
INFO - [G] 2025-09-15 14:31:58 :: INFO  :: TIMER :: [0002] Injected Keybind in 0.077 ms 
INFO - [G] 2025-09-15 14:31:58 :: INFO  :: TIMER :: [0000] Injected Achievement in 0.176 ms 
INFO - [G] 2025-09-15 14:31:58 :: INFO  :: TIMER :: [0002] Injected nil in 0.060 ms 
INFO - [G] 2025-09-15 14:31:58 :: INFO  :: TIMER :: [0002] Injected Scoring_Parameters in 0.441 ms 
INFO - [G] 2025-09-15 14:31:58 :: INFO  :: TIMER :: [0003] Injected Scoring_Calculations in 0.078 ms 
INFO - [G] 2025-09-15 14:31:59 :: INFO  :: TIMER :: [0021] Injected Draw Step in 0.315 ms 
INFO - [G] 2025-09-15 14:31:59 :: INFO  :: TIMER :: [0000] Injected [INTERNAL] in 0.541 ms 
INFO - [G] [DebugPlus] Press [-] to toggle console and press [shift] + [-] to toggle new log previews 
INFO - [G] line not found
INFO - [G] file not found: main.lua: No such file or directory
INFO - [G] file not found: main.lua: No such file or directory
INFO - [G] 2025-09-15 14:32:34 :: ERROR :: StackTrace :: Oops! The game crashed
[SMODS SimpleJoker "Main.lua"]:240: attempt to index field 'other_card' (a nil value)
Stack Traceback
===============
(1) Lua upvalue 'orig' at file 'main.lua:612'
	Local variables:
	 msg = string: "[SMODS SimpleJoker \"Main.lua\"]:240: attempt to index field 'other_card' (a nil value)"
	 (*temporary) = Lua function '?' (defined at line 31 of chunk [SMODS _ "src/logging.lua"])
	 (*temporary) = string: "Oops! The game crashed\
"
(2) Lua local 'handler' at file 'debugplus/console.lua:606' (from lovely module debugplus.console)
	Local variables:
	 msg = string: "[SMODS SimpleJoker \"Main.lua\"]:240: attempt to index field 'other_card' (a nil value)"
(3) LÖVE metamethod at file 'boot.lua:352'
	Local variables:
	 errhand = Lua function '(LÖVE Function)' (defined at line 605 of chunk [lovely debugplus.console "debugplus/console.lua"])
	 handler = Lua function '(LÖVE Function)' (defined at line 605 of chunk [lovely debugplus.console "debugplus/console.lua"])
(4) Lua method 'calculate' at file 'Main.lua:240' (from mod with id SimpleJoker)
	Local variables:
	 self = table: 0x1e5ded68  {alerted:true, _saved_d_u:true, original_key:21_kid, mod:table: 0x1e24ceb8, unlocked:true, registered:true, _discovered_unlocked_overwritten:true (more...)}
	 card = table: 0x1e5d6c88  {sticker_run:NONE, click_offset:table: 0x1e0bcee0, static_rotation:false, children:table: 0x1df5ee08, ambient_tilt:0.2, parent:table: 0x1e5e2808 (more...)}
	 context = table: 0x1e993c50  {main_eval:true, before:true, scoring_name:High Card, scoring_hand:table: 0x1edb67f0, full_hand:table: 0x1e34e328, cardarea:table: 0x1e5e2808 (more...)}
	 (*temporary) = nil
	 (*temporary) = string: "retriggers"
	 (*temporary) = table: 0x1e4a62b0  {click_offset:table: 0x1e4a6658, children:table: 0x1e4a69a8, animation:table: 0x1ea4c368, offset:table: 0x1e4a7898, role:table: 0x1e4a6ca0, last_aligned:-1 (more...)}
	 (*temporary) = string: "attempt to index field 'other_card' (a nil value)"
(5) Lua upvalue 'calculate_joker_ref' at file 'card.lua:2611'
	Local variables:
	 self = table: 0x1e5d6c88  {sticker_run:NONE, click_offset:table: 0x1e0bcee0, static_rotation:false, children:table: 0x1df5ee08, ambient_tilt:0.2, parent:table: 0x1e5e2808 (more...)}
	 context = table: 0x1e993c50  {main_eval:true, before:true, scoring_name:High Card, scoring_hand:table: 0x1edb67f0, full_hand:table: 0x1e34e328, cardarea:table: 0x1e5e2808 (more...)}
	 obj = table: 0x1e5ded68  {alerted:true, _saved_d_u:true, original_key:21_kid, mod:table: 0x1e24ceb8, unlocked:true, registered:true, _discovered_unlocked_overwritten:true (more...)}
(6) Lua method 'calculate_joker' at Steamodded file 'src/overrides.lua:2399' 
	Local variables:
	 self = table: 0x1e5d6c88  {sticker_run:NONE, click_offset:table: 0x1e0bcee0, static_rotation:false, children:table: 0x1df5ee08, ambient_tilt:0.2, parent:table: 0x1e5e2808 (more...)}
	 context = table: 0x1e993c50  {main_eval:true, before:true, scoring_name:High Card, scoring_hand:table: 0x1edb67f0, full_hand:table: 0x1e34e328, cardarea:table: 0x1e5e2808 (more...)}
(7) Lua upvalue 'eval_card_ref' at file 'functions/common_events.lua:758'
	Local variables:
	 card = table: 0x1e5d6c88  {sticker_run:NONE, click_offset:table: 0x1e0bcee0, static_rotation:false, children:table: 0x1df5ee08, ambient_tilt:0.2, parent:table: 0x1e5e2808 (more...)}
	 context = table: 0x1e993c50  {main_eval:true, before:true, scoring_name:High Card, scoring_hand:table: 0x1edb67f0, full_hand:table: 0x1e34e328, cardarea:table: 0x1e5e2808 (more...)}
	 ret = table: 0x1e993ec8  {}
	 post_trig = table: 0x1e993ef0  {}
	 areas = table: 0x1e993f18  {1:table: 0x1e5e2808, 2:table: 0x1e139ab8, 3:table: 0x1dde2460}
	 area_set = table: 0x1e993f60  {table: 0x1e5e2808:true, table: 0x1e139ab8:true, table: 0x1dde2460:true}
(8) Lua global 'eval_card' at Steamodded file 'src/overrides.lua:2383' 
	Local variables:
	 card = table: 0x1e5d6c88  {sticker_run:NONE, click_offset:table: 0x1e0bcee0, static_rotation:false, children:table: 0x1df5ee08, ambient_tilt:0.2, parent:table: 0x1e5e2808 (more...)}
	 context = table: 0x1e993c50  {main_eval:true, before:true, scoring_name:High Card, scoring_hand:table: 0x1edb67f0, full_hand:table: 0x1e34e328, cardarea:table: 0x1e5e2808 (more...)}
(9) Lua field 'calculate_card_areas' at Steamodded file 'src/utils.lua:1646' 
	Local variables:
	 _type = string: "jokers"
	 context = table: 0x1e993c50  {main_eval:true, before:true, scoring_name:High Card, scoring_hand:table: 0x1edb67f0, full_hand:table: 0x1e34e328, cardarea:table: 0x1e5e2808 (more...)}
	 return_table = nil
	 args = table: 0x1e993df8  {joker_area:true}
	 flags = table: 0x1e993e58  {}
	 (for generator) = C function: builtin#6
	 (for state) = table: 0x1e993e80  {1:table: 0x1e5e2808, 2:table: 0x1e139ab8, 3:table: 0x1dde2460}
	 (for control) = number: 1
	 _ = number: 1
	 area = table: 0x1e5e2808  {click_offset:table: 0x1e4ab1b0, static_rotation:false, shuffle_amt:0, T:table: 0x1e4ae9d0, offset:table: 0x1e526640, role:table: 0x1dd8aa98, last_aligned:-1 (more...)}
	 (for generator) = C function: builtin#6
	 (for state) = table: 0x1e7746e8  {1:table: 0x1e5d6c88}
	 (for control) = number: 1
	 _ = number: 1
	 _card = table: 0x1e5d6c88  {sticker_run:NONE, click_offset:table: 0x1e0bcee0, static_rotation:false, children:table: 0x1df5ee08, ambient_tilt:0.2, parent:table: 0x1e5e2808 (more...)}
(10) Lua field 'calculate_context' at Steamodded file 'src/utils.lua:1882' 
	Local variables:
	 context = table: 0x1e993c50  {main_eval:true, before:true, scoring_name:High Card, scoring_hand:table: 0x1edb67f0, full_hand:table: 0x1e34e328, cardarea:table: 0x1e5e2808 (more...)}
	 return_table = nil
	 no_resolve = nil
	 has_area = nil
	 flags = table: 0x1e993dd0  {}
	 (*temporary) = number: 1
(11) Lua field 'evaluate_play' at file 'functions/state_events.lua:608'
	Local variables:
	 e = nil
	 text = string: "High Card"
	 disp_text = string: "High Card"
	 poker_hands = table: 0x1ee06070  {Flush House:table: 0x1eb0c118, Full House:table: 0x1eb0c178, top:table: 0x1eb0c320, Flush:table: 0x1e9ba908, Pair:table: 0x1ea8cc70, Four of a Kind:table: 0x1ee06140 (more...)}
	 scoring_hand = table: 0x1edb67f0  {1:table: 0x1e57acb0}
	 non_loc_disp_text = string: "High Card"
	 final_scoring_hand = table: 0x1edb67f0  {1:table: 0x1e57acb0}
	 hand_text_set = boolean: false
(12) Lua field 'func' at file 'functions/state_events.lua:493'
(13) Lua method 'handle' at file 'engine/event.lua:99'
	Local variables:
	 self = table: 0x1ee58ac0  {start_timer:true, timer:TOTAL, blockable:true, trigger:immediate, func:function: 0x1e228620, delay:0, complete:false, time:114.24786368226, blocking:true (more...)}
	 _results = table: 0x1e4ba060  {blocking:true, pause_skip:false, time_done:false, completed:false}
(14) Lua method 'update' at file 'engine/event.lua:182'
	Local variables:
	 self = table: 0x1df35ef0  {queue_last_processed:35.449999999999, queues:table: 0x1df35f18, queue_dt:0.016666666666667, queue_timer:35.46670853564}
	 dt = number: 0.0166902
	 forced = nil
	 (for generator) = C function: next
	 (for state) = table: 0x1df35f18  {unlock:table: 0x1e2d8fd8, other:table: 0x1df354e8, tutorial:table: 0x1e2d9028, base:table: 0x1e2d9000, achievement:table: 0x1e2d9050}
	 (for control) = number: nan
	 k = string: "base"
	 v = table: 0x1e2d9000  {1:table: 0x1e24d818, 2:table: 0x1eb54348, 3:table: 0x1ee58ac0, 4:table: 0x1e9a32e8, 5:table: 0x1e9a3370, 6:table: 0x1e9ba848, 7:table: 0x1ecb0030 (more...)}
	 blocked = boolean: false
	 i = number: 3
	 results = table: 0x1e4ba060  {blocking:true, pause_skip:false, time_done:false, completed:false}
(15) Lua upvalue 'gameUpdateRef' at file 'game.lua:2578'
	Local variables:
	 self = table: 0x1dd0de50  {F_GUIDE:false, F_CRASH_REPORTS:false, F_QUIT_BUTTON:true, HUD_tags:table: 0x1e80a188, F_ENGLISH_ONLY:false, viewed_stake:1, HUD:table: 0x1e77f308 (more...)}
	 dt = number: 0.0166902
	 http_resp = nil
(16) Lua method 'update' at Steamodded file 'src/ui.lua:124' 
	Local variables:
	 self = table: 0x1dd0de50  {F_GUIDE:false, F_CRASH_REPORTS:false, F_QUIT_BUTTON:true, HUD_tags:table: 0x1e80a188, F_ENGLISH_ONLY:false, viewed_stake:1, HUD:table: 0x1e77f308 (more...)}
	 dt = number: 0.0166902
(17) Lua field 'update' at file 'main.lua:1011'
	Local variables:
	 dt = number: 0.0166902
(18) Lua function '?' at file 'main.lua:950' (best guess)
(19) global C function 'xpcall'
(20) LÖVE function at file 'boot.lua:377' (best guess)
	Local variables:
	 func = Lua function '?' (defined at line 921 of chunk main.lua)
	 inerror = boolean: true
	 deferErrhand = Lua function '(LÖVE Function)' (defined at line 348 of chunk [love "boot.lua"])
	 earlyinit = Lua function '(LÖVE Function)' (defined at line 355 of chunk [love "boot.lua"])
 
INFO - [G] file not found: main.lua: No such file or directory
INFO - [G] file not found: main.lua: No such file or directory
INFO - [G] 2025-09-15 14:32:34 :: INFO  :: StackTrace :: Additional Context:
Balatro Version: 1.0.1o-FULL
Modded Version: 1.0.0~BETA-0906c-STEAMODDED
LÖVE Version: 11.5.0
Lovely Version: 0.8.0
Platform: Windows
Steamodded Mods:
    1: Simple by Gonçalo, Braz, Hernani [ID: SimpleJoker]
    2: DebugPlus by WilsontheWolf [ID: DebugPlus, Version: 1.5.1, Uses Lovely]
Lovely Mods: 
