INFO - [♥] Lovely 0.8.0
INFO - [♥] Game directory is at "C:\\Program Files (x86)\\Steam\\steamapps\\common\\Balatro"
INFO - [♥] Writing logs to "C:\\Users\\irene\\AppData\\Roaming\\Balatro\\Mods\\lovely\\log"
INFO - [♥] Using mod directory at "C:\\Users\\irene\\AppData\\Roaming\\Balatro\\Mods"
WARN - [♥] Unknown key `patches.0.?.match_indent` found in patch file at "C:\\Users\\irene\\AppData\\Roaming\\Balatro\\Mods\\smods-main\\lovely\\scoring_calculation.toml", ignoring it
INFO - [♥] Cleaning up dumps directory at "C:\\Users\\irene\\AppData\\Roaming\\Balatro\\Mods\\lovely\\dump"
INFO - [♥] Initialization complete in 82ms
INFO - [♥] Applied 1 patch to 'conf.lua'
INFO - [♥] Applied 11 patches to 'main.lua'
INFO - [♥] Applied 10 patches to 'engine/controller.lua'
INFO - [♥] Applied 15 patches to 'back.lua'
INFO - [♥] Applied 8 patches to 'tag.lua'
INFO - [♥] Applied 2 patches to 'engine/moveable.lua'
INFO - [♥] Applied 2 patches to 'engine/sprite.lua'
INFO - [♥] Applied 2 patches to 'engine/animatedsprite.lua'
INFO - [♥] Applied 78 patches to 'functions/misc_functions.lua'
INFO - [♥] Applied 52 patches to 'game.lua'
INFO - [♥] Applied 1 patch to 'globals.lua'
INFO - [♥] Applied 7 patches to 'engine/ui.lua'
INFO - [♥] Applied 106 patches to 'functions/UI_definitions.lua'
INFO - [♥] Applied 55 patches to 'functions/state_events.lua'
INFO - [♥] Applied 122 patches to 'functions/common_events.lua'
INFO - [♥] Applied 54 patches to 'functions/button_callbacks.lua'
WARN - [♥] Regex 'localize\\(\'k_upgrade_ex\'\\)\\}\\); return true\n[ \\t]*end\\}\\)\\)\n[ \\t]*end\n(?<indent>[ \\t]*)return' on target 'card.lua' for regex patch from smods-main\lovely\joker_retriggers.toml resulted in no matches
WARN - [♥] Regex '[ \\t]*G\\.C\\.MULT\\}\\)\n[ \\t]*return true\n[ \\t]*end\\)\\}\\)\\)\n(?<indent>[ \\t]*)end' on target 'card.lua' for regex patch from smods-main\lovely\joker_retriggers.toml resulted in no matches
WARN - [♥] Regex '[ \\t]*func = function\\(\\) card_eval_status_text\\(self, \'extra\', nil, nil, nil, \\{message = localize\\{type = \'variable\', key = \'a_xmult\', vars = \\{self\\.ability\\.caino_xmult\\}\\}\\}\\); return true\n(?<indent>[ \\t]*)end\\}\\)\\)' on target 'card.lua' for regex patch from smods-main\lovely\joker_retriggers.toml resulted in no matches
WARN - [♥] Regex 'glass_cards\\}\\}\\}\\)\n[ \\t]*return true\n[ \\t]*end\n(?<indent>[ \\t]*)\\}\\)\\)' on target 'card.lua' for regex patch from smods-main\lovely\joker_retriggers.toml resulted in no matches
INFO - [♥] Applied 218 patches to 'card.lua'
INFO - [♥] Applied 20 patches to 'cardarea.lua'
INFO - [♥] Applied 40 patches to 'blind.lua'
INFO - [♥] Applied 10 patches to 'card_character.lua'
INFO - [♥] Applied 10 patches to 'engine/text.lua'
INFO - [G] Failed to connect to the debug server 
INFO - [G] 2025-09-13 19:36:40 :: DEBUG :: DebugConsole :: Steamodded Debug Socket started ! 
INFO - [G] 2025-09-13 19:36:40 :: INFO  :: SMODS :: Steamodded v1.0.0~BETA-0906c 
INFO - [♥] Applied 9 patches to 'engine/sound_manager.lua'
INFO - [♥] Applied 1 patch to 'engine/save_manager.lua'
INFO - [G] 2025-09-13 19:36:42 :: ERROR :: Loader :: Found invalid metadata JSON file at C:\Users\irene\AppData\Roaming\Balatro\Mods/.vscode/settings.json, ignoring: [SMODS _ "src/loader.lua"]:226: id 
INFO - [G] 2025-09-13 19:36:42 :: ERROR :: Loader :: Found invalid metadata JSON file at C:\Users\irene\AppData\Roaming\Balatro\Mods/DebugPlus-master/.luarc.json, ignoring: [SMODS _ "src/loader.lua"]:226: id 
INFO - [G] 2025-09-13 19:36:42 :: ERROR :: Loader :: Found invalid metadata JSON file at C:\Users\irene\AppData\Roaming\Balatro\Mods/DebugPlus-master/dev/.luarc.json, ignoring: [SMODS _ "src/loader.lua"]:226: id 
INFO - [G] 2025-09-13 19:36:42 :: INFO  :: Loader :: Valid JSON file found 
INFO - [G] 2025-09-13 19:36:42 :: TRACE :: Loader :: Processing Mod file (Legacy header): Main.lua 
INFO - [G] 2025-09-13 19:36:42 :: TRACE :: Loader :: Saving Mod Info: SimpleJoker 
INFO - [G] 2025-09-13 19:36:42 :: INFO  :: TIMER :: [0000] Injected Fonts in 0.002 ms 
INFO - [G] 2025-09-13 19:36:42 :: INFO  :: TIMER :: [0000] Injected DynaTextEffects in 0.002 ms 
INFO - [G] 2025-09-13 19:36:42 :: INFO  :: TIMER :: [0000] Injected Language in 0.003 ms 
INFO - [G] 2025-09-13 19:36:42 :: INFO  :: TIMER :: [0000] Injected [INTERNAL] in 2.200 ms 
INFO - [G] 2025-09-13 19:36:43 :: INFO  :: TIMER :: [0007] Injected Atlas in 723.612 ms 
INFO - [G] 2025-09-13 19:36:43 :: INFO  :: TIMER :: [0001] Injected Sound in 0.585 ms 
INFO - [G] 2025-09-13 19:36:43 :: INFO  :: TIMER :: [0008] Injected Stake in 0.417 ms 
INFO - [G] 2025-09-13 19:36:43 :: INFO  :: TIMER :: [0004] Injected Rarity in 0.098 ms 
INFO - [G] 2025-09-13 19:36:43 :: INFO  :: TIMER :: [0004] Injected ObjectType in 0.112 ms 
INFO - [G] 2025-09-13 19:36:43 :: INFO  :: TIMER :: [0052] Injected Center in 0.786 ms 
INFO - [G] 2025-09-13 19:36:43 :: INFO  :: TIMER :: [0007] Injected Undiscovered Sprite in 0.073 ms 
INFO - [G] 2025-09-13 19:36:43 :: INFO  :: TIMER :: [0004] Injected Blind in 0.044 ms 
INFO - [G] 2025-09-13 19:36:43 :: INFO  :: TIMER :: [0004] Injected Seal in 0.318 ms 
INFO - [G] 2025-09-13 19:36:43 :: INFO  :: TIMER :: [0004] Injected Suit in 0.325 ms 
INFO - [G] 2025-09-13 19:36:43 :: INFO  :: TIMER :: [0013] Injected Rank in 0.230 ms 
INFO - [G] 2025-09-13 19:36:43 :: INFO  :: TIMER :: [0028] Injected DeckSkin in 0.343 ms 
INFO - [G] 2025-09-13 19:36:43 :: INFO  :: TIMER :: [0017] Injected JimboQuip in 0.271 ms 
INFO - [G] 2025-09-13 19:36:43 :: INFO  :: TIMER :: [0012] Injected PokerHand in 0.251 ms 
INFO - [G] 2025-09-13 19:36:43 :: INFO  :: TIMER :: [0020] Injected Challenge in 0.062 ms 
INFO - [G] 2025-09-13 19:36:43 :: INFO  :: TIMER :: [0000] Injected Tag in 0.003 ms 
INFO - [G] 2025-09-13 19:36:43 :: INFO  :: TIMER :: [0004] Injected Sticker in 0.320 ms 
INFO - [G] 2025-09-13 19:36:43 :: INFO  :: TIMER :: [0000] Injected Shader in 0.003 ms 
INFO - [G] 2025-09-13 19:36:43 :: INFO  :: TIMER :: [0002] Injected Keybind in 0.026 ms 
INFO - [G] 2025-09-13 19:36:43 :: INFO  :: TIMER :: [0000] Injected Achievement in 0.062 ms 
INFO - [G] 2025-09-13 19:36:43 :: INFO  :: TIMER :: [0002] Injected nil in 0.030 ms 
INFO - [G] 2025-09-13 19:36:43 :: INFO  :: TIMER :: [0002] Injected Scoring_Parameters in 0.717 ms 
INFO - [G] 2025-09-13 19:36:43 :: INFO  :: TIMER :: [0003] Injected Scoring_Calculations in 0.063 ms 
INFO - [G] 2025-09-13 19:36:43 :: INFO  :: TIMER :: [0021] Injected Draw Step in 0.405 ms 
INFO - [G] 2025-09-13 19:36:43 :: INFO  :: TIMER :: [0000] Injected [INTERNAL] in 0.706 ms 
INFO - [G] [DebugPlus] Press [-] to toggle console and press [shift] + [-] to toggle new log previews 
INFO - [G] line not found
INFO - [G] file not found: main.lua: No such file or directory
INFO - [G] file not found: main.lua: No such file or directory
INFO - [G] 2025-09-13 19:36:58 :: ERROR :: StackTrace :: Oops! The game crashed
[SMODS SimpleJoker "Main.lua"]:121: bad argument #1 to 'pairs' (table expected, got nil)
Stack Traceback
===============
(1) Lua upvalue 'orig' at file 'main.lua:612'
	Local variables:
	 msg = string: "[SMODS SimpleJoker \"Main.lua\"]:121: bad argument #1 to 'pairs' (table expected, got nil)"
	 (*temporary) = Lua function '?' (defined at line 31 of chunk [SMODS _ "src/logging.lua"])
	 (*temporary) = string: "Oops! The game crashed\
"
(2) Lua local 'handler' at file 'debugplus/console.lua:606' (from lovely module debugplus.console)
	Local variables:
	 msg = string: "[SMODS SimpleJoker \"Main.lua\"]:121: bad argument #1 to 'pairs' (table expected, got nil)"
(3) LÖVE function at file 'boot.lua:352' (best guess)
	Local variables:
	 errhand = Lua function '(LÖVE Function)' (defined at line 605 of chunk [lovely debugplus.console "debugplus/console.lua"])
	 handler = Lua function '(LÖVE Function)' (defined at line 605 of chunk [lovely debugplus.console "debugplus/console.lua"])
(4) global C function 'pairs'
(5) Lua method 'calculate' at file 'Main.lua:121' (from mod with id SimpleJoker)
	Local variables:
	 self = table: 0x0e2e4f20  {alerted:true, _saved_d_u:true, original_key:Jack_of_all_jokers, mod:table: 0x0df439b0, unlocked:true, registered:true, _discovered_unlocked_overwritten:true (more...)}
	 card = table: 0x0e854748  {click_offset:table: 0x0e854af0, static_rotation:false, ambient_tilt:0.2, parent:table: 0x0e187db0, T:table: 0x0e854938, last_aligned:-1, extra_cost:0 (more...)}
	 context = table: 0x0e5d28a8  {main_eval:true, blind:table: 0x0dc7dc70, cardarea:table: 0x0e187db0, setting_blind:true}
	 current_jokers = number: 1
	 jokers_to_add = number: 2
	 jokers = table: 0x0e5d49b8  {}
(6) Lua upvalue 'calculate_joker_ref' at file 'card.lua:2611'
	Local variables:
	 self = table: 0x0e854748  {click_offset:table: 0x0e854af0, static_rotation:false, ambient_tilt:0.2, parent:table: 0x0e187db0, T:table: 0x0e854938, last_aligned:-1, extra_cost:0 (more...)}
	 context = table: 0x0e5d28a8  {main_eval:true, blind:table: 0x0dc7dc70, cardarea:table: 0x0e187db0, setting_blind:true}
	 obj = table: 0x0e2e4f20  {alerted:true, _saved_d_u:true, original_key:Jack_of_all_jokers, mod:table: 0x0df439b0, unlocked:true, registered:true, _discovered_unlocked_overwritten:true (more...)}
(7) Lua method 'calculate_joker' at Steamodded file 'src/overrides.lua:2399' 
	Local variables:
	 self = table: 0x0e854748  {click_offset:table: 0x0e854af0, static_rotation:false, ambient_tilt:0.2, parent:table: 0x0e187db0, T:table: 0x0e854938, last_aligned:-1, extra_cost:0 (more...)}
	 context = table: 0x0e5d28a8  {main_eval:true, blind:table: 0x0dc7dc70, cardarea:table: 0x0e187db0, setting_blind:true}
(8) Lua upvalue 'eval_card_ref' at file 'functions/common_events.lua:758'
	Local variables:
	 card = table: 0x0e854748  {click_offset:table: 0x0e854af0, static_rotation:false, ambient_tilt:0.2, parent:table: 0x0e187db0, T:table: 0x0e854938, last_aligned:-1, extra_cost:0 (more...)}
	 context = table: 0x0e5d28a8  {main_eval:true, blind:table: 0x0dc7dc70, cardarea:table: 0x0e187db0, setting_blind:true}
	 ret = table: 0x0e5f1418  {}
	 post_trig = table: 0x0e5f1440  {}
	 areas = table: 0x0e59ab40  {1:table: 0x0e187db0, 2:table: 0x0dcffe78, 3:table: 0x0e1bd318}
	 area_set = table: 0x0e5f1468  {table: 0x0e187db0:true, table: 0x0e1bd318:true, table: 0x0dcffe78:true}
(9) Lua global 'eval_card' at Steamodded file 'src/overrides.lua:2383' 
	Local variables:
	 card = table: 0x0e854748  {click_offset:table: 0x0e854af0, static_rotation:false, ambient_tilt:0.2, parent:table: 0x0e187db0, T:table: 0x0e854938, last_aligned:-1, extra_cost:0 (more...)}
	 context = table: 0x0e5d28a8  {main_eval:true, blind:table: 0x0dc7dc70, cardarea:table: 0x0e187db0, setting_blind:true}
(10) Lua field 'calculate_card_areas' at Steamodded file 'src/utils.lua:1646' 
	Local variables:
	 _type = string: "jokers"
	 context = table: 0x0e5d28a8  {main_eval:true, blind:table: 0x0dc7dc70, cardarea:table: 0x0e187db0, setting_blind:true}
	 return_table = nil
	 args = table: 0x0e5ef9b8  {joker_area:true}
	 flags = table: 0x0e5ef990  {}
	 (for generator) = C function: builtin#6
	 (for state) = table: 0x0e5f13d0  {1:table: 0x0e187db0, 2:table: 0x0dcffe78, 3:table: 0x0e1bd318}
	 (for control) = number: 1
	 _ = number: 1
	 area = table: 0x0e187db0  {click_offset:table: 0x0dc16c98, static_rotation:false, shuffle_amt:0, T:table: 0x0da76310, offset:table: 0x0e08be50, role:table: 0x0de5e818, last_aligned:-1 (more...)}
	 (for generator) = C function: builtin#6
	 (for state) = table: 0x0db677d8  {1:table: 0x0e854748}
	 (for control) = number: 1
	 _ = number: 1
	 _card = table: 0x0e854748  {click_offset:table: 0x0e854af0, static_rotation:false, ambient_tilt:0.2, parent:table: 0x0e187db0, T:table: 0x0e854938, last_aligned:-1, extra_cost:0 (more...)}
(11) Lua field 'calculate_context' at Steamodded file 'src/utils.lua:1882' 
	Local variables:
	 context = table: 0x0e5d28a8  {main_eval:true, blind:table: 0x0dc7dc70, cardarea:table: 0x0e187db0, setting_blind:true}
	 return_table = nil
	 no_resolve = nil
	 has_area = nil
	 flags = table: 0x0e5d4990  {}
	 (*temporary) = number: 1
(12) Lua field 'func' at file 'functions/state_events.lua:280'
	Local variables:
	 blhash = string: "S"
(13) Lua method 'handle' at file 'engine/event.lua:99'
	Local variables:
	 self = table: 0x0e6fd718  {start_timer:true, timer:TOTAL, blockable:true, trigger:immediate, func:function: 0x0e4dd638, delay:0, complete:false, time:21.998398787674, blocking:true (more...)}
	 _results = table: 0x0e23ed20  {blocking:true, pause_skip:false, time_done:false, completed:false}
(14) Lua method 'update' at file 'engine/event.lua:182'
	Local variables:
	 self = table: 0x0dc87998  {queue_last_processed:14.783333333334, queues:table: 0x0dc879c0, queue_dt:0.016666666666667, queue_timer:14.842455504432}
	 dt = number: 0.0166492
	 forced = nil
	 (for generator) = C function: next
	 (for state) = table: 0x0dc879c0  {unlock:table: 0x0dc50c00, other:table: 0x0dda4498, tutorial:table: 0x0dc50c50, base:table: 0x0dc50c28, achievement:table: 0x0dc50c78}
	 (for control) = number: nan
	 k = string: "base"
	 v = table: 0x0dc50c28  {1:table: 0x0de4e678, 2:table: 0x0e6fd718, 3:table: 0x0e080078, 4:table: 0x0ea6e880, 5:table: 0x0e2d0b58, 6:table: 0x0e0fa0d8, 7:table: 0x0e482e00 (more...)}
	 blocked = boolean: false
	 i = number: 2
	 results = table: 0x0e23ed20  {blocking:true, pause_skip:false, time_done:false, completed:false}
(15) Lua upvalue 'gameUpdateRef' at file 'game.lua:2578'
	Local variables:
	 self = table: 0x0da2dd58  {F_GUIDE:false, F_CRASH_REPORTS:false, F_QUIT_BUTTON:true, HUD_tags:table: 0x0e4e1150, F_ENGLISH_ONLY:false, viewed_stake:1, HUD:table: 0x0e201fe8 (more...)}
	 dt = number: 0.0166492
	 http_resp = nil
(16) Lua method 'update' at Steamodded file 'src/ui.lua:124' 
	Local variables:
	 self = table: 0x0da2dd58  {F_GUIDE:false, F_CRASH_REPORTS:false, F_QUIT_BUTTON:true, HUD_tags:table: 0x0e4e1150, F_ENGLISH_ONLY:false, viewed_stake:1, HUD:table: 0x0e201fe8 (more...)}
	 dt = number: 0.0166492
(17) Lua field 'update' at file 'main.lua:1011'
	Local variables:
	 dt = number: 0.0166492
(18) Lua function '?' at file 'main.lua:950' (best guess)
(19) global C function 'xpcall'
(20) LÖVE function at file 'boot.lua:377' (best guess)
	Local variables:
	 func = Lua function '?' (defined at line 921 of chunk main.lua)
	 inerror = boolean: true
	 deferErrhand = Lua function '(LÖVE Function)' (defined at line 348 of chunk [love "boot.lua"])
	 earlyinit = Lua function '(LÖVE Function)' (defined at line 355 of chunk [love "boot.lua"])
 
INFO - [G] file not found: main.lua: No such file or directory
INFO - [G] file not found: main.lua: No such file or directory
INFO - [G] 2025-09-13 19:36:58 :: INFO  :: StackTrace :: Additional Context:
Balatro Version: 1.0.1o-FULL
Modded Version: 1.0.0~BETA-0906c-STEAMODDED
LÖVE Version: 11.5.0
Lovely Version: 0.8.0
Platform: Windows
Steamodded Mods:
    1: Simple by Gonçalo, Braz, Hernani [ID: SimpleJoker]
    2: DebugPlus by WilsontheWolf [ID: DebugPlus, Version: 1.5.1, Uses Lovely]
Lovely Mods: 
