INFO - [♥] Lovely 0.8.0
INFO - [♥] Game directory is at "C:\\Program Files (x86)\\Steam\\steamapps\\common\\Balatro"
INFO - [♥] Writing logs to "C:\\Users\\irene\\AppData\\Roaming\\Balatro\\Mods\\lovely\\log"
INFO - [♥] Using mod directory at "C:\\Users\\irene\\AppData\\Roaming\\Balatro\\Mods"
WARN - [♥] Unknown key `patches.0.?.match_indent` found in patch file at "C:\\Users\\irene\\AppData\\Roaming\\Balatro\\Mods\\smods-main\\lovely\\scoring_calculation.toml", ignoring it
INFO - [♥] Cleaning up dumps directory at "C:\\Users\\irene\\AppData\\Roaming\\Balatro\\Mods\\lovely\\dump"
INFO - [♥] Initialization complete in 118ms
INFO - [♥] Applied 1 patch to 'conf.lua'
INFO - [♥] Applied 11 patches to 'main.lua'
INFO - [♥] Applied 10 patches to 'engine/controller.lua'
INFO - [♥] Applied 15 patches to 'back.lua'
INFO - [♥] Applied 8 patches to 'tag.lua'
INFO - [♥] Applied 2 patches to 'engine/moveable.lua'
INFO - [♥] Applied 2 patches to 'engine/sprite.lua'
INFO - [♥] Applied 2 patches to 'engine/animatedsprite.lua'
INFO - [♥] Applied 78 patches to 'functions/misc_functions.lua'
INFO - [♥] Applied 52 patches to 'game.lua'
INFO - [♥] Applied 1 patch to 'globals.lua'
INFO - [♥] Applied 7 patches to 'engine/ui.lua'
INFO - [♥] Applied 106 patches to 'functions/UI_definitions.lua'
INFO - [♥] Applied 55 patches to 'functions/state_events.lua'
INFO - [♥] Applied 122 patches to 'functions/common_events.lua'
INFO - [♥] Applied 54 patches to 'functions/button_callbacks.lua'
WARN - [♥] Regex 'localize\\(\'k_upgrade_ex\'\\)\\}\\); return true\n[ \\t]*end\\}\\)\\)\n[ \\t]*end\n(?<indent>[ \\t]*)return' on target 'card.lua' for regex patch from smods-main\lovely\joker_retriggers.toml resulted in no matches
WARN - [♥] Regex '[ \\t]*G\\.C\\.MULT\\}\\)\n[ \\t]*return true\n[ \\t]*end\\)\\}\\)\\)\n(?<indent>[ \\t]*)end' on target 'card.lua' for regex patch from smods-main\lovely\joker_retriggers.toml resulted in no matches
WARN - [♥] Regex '[ \\t]*func = function\\(\\) card_eval_status_text\\(self, \'extra\', nil, nil, nil, \\{message = localize\\{type = \'variable\', key = \'a_xmult\', vars = \\{self\\.ability\\.caino_xmult\\}\\}\\}\\); return true\n(?<indent>[ \\t]*)end\\}\\)\\)' on target 'card.lua' for regex patch from smods-main\lovely\joker_retriggers.toml resulted in no matches
WARN - [♥] Regex 'glass_cards\\}\\}\\}\\)\n[ \\t]*return true\n[ \\t]*end\n(?<indent>[ \\t]*)\\}\\)\\)' on target 'card.lua' for regex patch from smods-main\lovely\joker_retriggers.toml resulted in no matches
INFO - [♥] Applied 218 patches to 'card.lua'
INFO - [♥] Applied 20 patches to 'cardarea.lua'
INFO - [♥] Applied 40 patches to 'blind.lua'
INFO - [♥] Applied 10 patches to 'card_character.lua'
INFO - [♥] Applied 10 patches to 'engine/text.lua'
INFO - [G] Failed to connect to the debug server 
INFO - [G] 2025-09-16 09:17:31 :: DEBUG :: DebugConsole :: Steamodded Debug Socket started ! 
INFO - [G] 2025-09-16 09:17:31 :: INFO  :: SMODS :: Steamodded v1.0.0~BETA-0906c 
INFO - [♥] Applied 9 patches to 'engine/sound_manager.lua'
INFO - [♥] Applied 1 patch to 'engine/save_manager.lua'
INFO - [G] 2025-09-16 09:17:34 :: ERROR :: Loader :: Found invalid metadata JSON file at C:\Users\irene\AppData\Roaming\Balatro\Mods/.vscode/settings.json, ignoring: [SMODS _ "src/loader.lua"]:226: id 
INFO - [G] 2025-09-16 09:17:34 :: ERROR :: Loader :: Found invalid metadata JSON file at C:\Users\irene\AppData\Roaming\Balatro\Mods/DebugPlus-master/.luarc.json, ignoring: [SMODS _ "src/loader.lua"]:226: id 
INFO - [G] 2025-09-16 09:17:34 :: ERROR :: Loader :: Found invalid metadata JSON file at C:\Users\irene\AppData\Roaming\Balatro\Mods/DebugPlus-master/dev/.luarc.json, ignoring: [SMODS _ "src/loader.lua"]:226: id 
INFO - [G] 2025-09-16 09:17:34 :: INFO  :: Loader :: Valid JSON file found 
INFO - [G] 2025-09-16 09:17:34 :: TRACE :: Loader :: Processing Mod file (Legacy header): Main.lua 
INFO - [G] 2025-09-16 09:17:34 :: TRACE :: Loader :: Saving Mod Info: SimpleJoker 
INFO - [G] 2025-09-16 09:17:34 :: INFO  :: TIMER :: [0000] Injected Fonts in 0.031 ms 
INFO - [G] 2025-09-16 09:17:34 :: INFO  :: TIMER :: [0000] Injected DynaTextEffects in 0.003 ms 
INFO - [G] 2025-09-16 09:17:34 :: INFO  :: TIMER :: [0000] Injected Language in 0.004 ms 
INFO - [G] 2025-09-16 09:17:34 :: INFO  :: TIMER :: [0000] Injected [INTERNAL] in 6.158 ms 
INFO - [G] 2025-09-16 09:17:35 :: INFO  :: TIMER :: [0009] Injected Atlas in 910.803 ms 
INFO - [G] 2025-09-16 09:17:35 :: INFO  :: TIMER :: [0002] Injected Sound in 0.738 ms 
INFO - [G] 2025-09-16 09:17:35 :: INFO  :: TIMER :: [0008] Injected Stake in 1.437 ms 
INFO - [G] 2025-09-16 09:17:35 :: INFO  :: TIMER :: [0004] Injected Rarity in 0.099 ms 
INFO - [G] 2025-09-16 09:17:35 :: INFO  :: TIMER :: [0004] Injected ObjectType in 0.149 ms 
INFO - [G] 2025-09-16 09:17:35 :: INFO  :: TIMER :: [0054] Injected Center in 0.942 ms 
INFO - [G] 2025-09-16 09:17:35 :: INFO  :: TIMER :: [0007] Injected Undiscovered Sprite in 0.062 ms 
INFO - [G] 2025-09-16 09:17:35 :: INFO  :: TIMER :: [0004] Injected Blind in 0.236 ms 
INFO - [G] 2025-09-16 09:17:35 :: INFO  :: TIMER :: [0004] Injected Seal in 0.568 ms 
INFO - [G] 2025-09-16 09:17:35 :: INFO  :: TIMER :: [0004] Injected Suit in 0.191 ms 
INFO - [G] 2025-09-16 09:17:35 :: INFO  :: TIMER :: [0013] Injected Rank in 0.281 ms 
INFO - [G] 2025-09-16 09:17:35 :: INFO  :: TIMER :: [0028] Injected DeckSkin in 0.653 ms 
INFO - [G] 2025-09-16 09:17:35 :: INFO  :: TIMER :: [0017] Injected JimboQuip in 0.106 ms 
INFO - [G] 2025-09-16 09:17:35 :: INFO  :: TIMER :: [0012] Injected PokerHand in 0.297 ms 
INFO - [G] 2025-09-16 09:17:35 :: INFO  :: TIMER :: [0020] Injected Challenge in 0.153 ms 
INFO - [G] 2025-09-16 09:17:35 :: INFO  :: TIMER :: [0000] Injected Tag in 0.004 ms 
INFO - [G] 2025-09-16 09:17:35 :: INFO  :: TIMER :: [0004] Injected Sticker in 0.225 ms 
INFO - [G] 2025-09-16 09:17:35 :: INFO  :: TIMER :: [0000] Injected Shader in 0.004 ms 
INFO - [G] 2025-09-16 09:17:35 :: INFO  :: TIMER :: [0002] Injected Keybind in 0.074 ms 
INFO - [G] 2025-09-16 09:17:35 :: INFO  :: TIMER :: [0000] Injected Achievement in 0.079 ms 
INFO - [G] 2025-09-16 09:17:35 :: INFO  :: TIMER :: [0002] Injected nil in 0.047 ms 
INFO - [G] 2025-09-16 09:17:35 :: INFO  :: TIMER :: [0002] Injected Scoring_Parameters in 0.562 ms 
INFO - [G] 2025-09-16 09:17:35 :: INFO  :: TIMER :: [0003] Injected Scoring_Calculations in 0.203 ms 
INFO - [G] 2025-09-16 09:17:35 :: INFO  :: TIMER :: [0021] Injected Draw Step in 0.367 ms 
INFO - [G] 2025-09-16 09:17:35 :: INFO  :: TIMER :: [0000] Injected [INTERNAL] in 0.639 ms 
INFO - [G] [DebugPlus] Press [-] to toggle console and press [shift] + [-] to toggle new log previews 
INFO - [G] line not found
INFO - [G] file not found: main.lua: No such file or directory
INFO - [G] file not found: main.lua: No such file or directory
INFO - [G] 2025-09-16 09:18:32 :: ERROR :: StackTrace :: Oops! The game crashed
functions/common_events.lua:2200: attempt to concatenate local '_type' (a nil value)
Stack Traceback
===============
(1) Lua upvalue 'orig' at file 'main.lua:612'
	Local variables:
	 msg = string: "functions/common_events.lua:2200: attempt to concatenate local '_type' (a nil value)"
	 (*temporary) = Lua function '?' (defined at line 31 of chunk [SMODS _ "src/logging.lua"])
	 (*temporary) = string: "Oops! The game crashed\
"
(2) Lua local 'handler' at file 'debugplus/console.lua:606' (from lovely module debugplus.console)
	Local variables:
	 msg = string: "functions/common_events.lua:2200: attempt to concatenate local '_type' (a nil value)"
(3) LÖVE metamethod at file 'boot.lua:352'
	Local variables:
	 errhand = Lua function '(LÖVE Function)' (defined at line 605 of chunk [lovely debugplus.console "debugplus/console.lua"])
	 handler = Lua function '(LÖVE Function)' (defined at line 605 of chunk [lovely debugplus.console "debugplus/console.lua"])
(4) Lua global 'get_current_pool' at file 'functions/common_events.lua:2200'
	Local variables:
	 _type = nil
	 _rarity = nil
	 _legendary = nil
	 _append = nil
	 _pool = table: 0x0b1970b0  {}
	 _starting_pool = nil
	 _pool_key = string: ""
	 _pool_size = number: 0
	 (*temporary) = nil
	 (*temporary) = nil
	 (*temporary) = string: ""
	 (*temporary) = string: "tag_economy"
	 (*temporary) = nil
	 (*temporary) = number: 0.88
	 (*temporary) = number: 0
	 (*temporary) = number: 0
	 (*temporary) = number: 0
	 (*temporary) = number: 1
	 (*temporary) = number: 1
	 (*temporary) = number: 2.5
	 (*temporary) = number: 1
	 (*temporary) = table: 0x0b76ed00  {y:2.399, h:0.45, x:1.9, w:2.8}
	 (*temporary) = table: 0x0bbd96f0  {y:2.399, h:0.3735, x:4.7, w:2.8}
	 (*temporary) = number: 0
	 (*temporary) = string: "attempt to concatenate local '_type' (a nil value)"
(5) Lua global 'create_card' at file 'functions/common_events.lua:2358'
	Local variables:
	 _type = nil
	 area = table: 0x0b6c8a58  {click_offset:table: 0x0b6c8bb8, static_rotation:false, shuffle_amt:0, T:table: 0x0b6c8b90, offset:table: 0x0b6c9178, role:table: 0x0b6c8fa8, last_aligned:-1 (more...)}
	 legendary = nil
	 _rarity = nil
	 skip_materialize = nil
	 soulable = nil
	 forced_key = nil
	 key_append = nil
	 area = table: 0x0b6c8a58  {click_offset:table: 0x0b6c8bb8, static_rotation:false, shuffle_amt:0, T:table: 0x0b6c8b90, offset:table: 0x0b6c9178, role:table: 0x0b6c8fa8, last_aligned:-1 (more...)}
	 center = table: 0x0aef69f8  {order:1, _d:true, set:Back, stake:1, key:b_red, discovered:true, alerted:true, pos:table: 0x0aef6ae8, unlocked:true, _u:true, _discovered_unlocked_overwritten:true (more...)}
(6) Lua method 'calculate' at file 'Main.lua:124' (from mod with id SimpleJoker)
	Local variables:
	 self = table: 0x0adf4500  {alerted:true, _saved_d_u:true, original_key:Jack_of_all_jokers, mod:table: 0x0af2e8a0, unlocked:true, registered:true, _discovered_unlocked_overwritten:true (more...)}
	 card = table: 0x0b6daa60  {click_offset:table: 0x0b6df660, static_rotation:false, rank:1, parent:table: 0x0b6c8a58, T:table: 0x0b6df610, last_aligned:-1, extra_cost:0, highlighted:false (more...)}
	 context = table: 0x0b478198  {end_of_round:true, main_eval:true, game_over:false, beat_boss:true, cardarea:table: 0x0b6c8a58}
	 current_jokers = number: 1
	 jokers_to_add = number: 2
	 jokers = table: 0x0b318620  {}
	 (for index) = number: 1
	 (for limit) = number: 2
	 (for step) = number: 1
	 i = number: 1
	 random_key = nil
(7) Lua upvalue 'calculate_joker_ref' at file 'card.lua:2611'
	Local variables:
	 self = table: 0x0b6daa60  {click_offset:table: 0x0b6df660, static_rotation:false, rank:1, parent:table: 0x0b6c8a58, T:table: 0x0b6df610, last_aligned:-1, extra_cost:0, highlighted:false (more...)}
	 context = table: 0x0b478198  {end_of_round:true, main_eval:true, game_over:false, beat_boss:true, cardarea:table: 0x0b6c8a58}
	 obj = table: 0x0adf4500  {alerted:true, _saved_d_u:true, original_key:Jack_of_all_jokers, mod:table: 0x0af2e8a0, unlocked:true, registered:true, _discovered_unlocked_overwritten:true (more...)}
(8) Lua method 'calculate_joker' at Steamodded file 'src/overrides.lua:2399' 
	Local variables:
	 self = table: 0x0b6daa60  {click_offset:table: 0x0b6df660, static_rotation:false, rank:1, parent:table: 0x0b6c8a58, T:table: 0x0b6df610, last_aligned:-1, extra_cost:0, highlighted:false (more...)}
	 context = table: 0x0b478198  {end_of_round:true, main_eval:true, game_over:false, beat_boss:true, cardarea:table: 0x0b6c8a58}
(9) Lua upvalue 'eval_card_ref' at file 'functions/common_events.lua:758'
	Local variables:
	 card = table: 0x0b6daa60  {click_offset:table: 0x0b6df660, static_rotation:false, rank:1, parent:table: 0x0b6c8a58, T:table: 0x0b6df610, last_aligned:-1, extra_cost:0, highlighted:false (more...)}
	 context = table: 0x0b478198  {end_of_round:true, main_eval:true, game_over:false, beat_boss:true, cardarea:table: 0x0b6c8a58}
	 ret = table: 0x0b7046c0  {}
	 post_trig = table: 0x0ae98a70  {}
	 areas = table: 0x0bb2c658  {1:table: 0x0b6c8a58, 2:table: 0x0b6c8088, 3:table: 0x0b6c9e18}
	 area_set = table: 0x0b288a38  {table: 0x0b6c8a58:true, table: 0x0b6c8088:true, table: 0x0b6c9e18:true}
(10) Lua global 'eval_card' at Steamodded file 'src/overrides.lua:2383' 
	Local variables:
	 card = table: 0x0b6daa60  {click_offset:table: 0x0b6df660, static_rotation:false, rank:1, parent:table: 0x0b6c8a58, T:table: 0x0b6df610, last_aligned:-1, extra_cost:0, highlighted:false (more...)}
	 context = table: 0x0b478198  {end_of_round:true, main_eval:true, game_over:false, beat_boss:true, cardarea:table: 0x0b6c8a58}
(11) Lua field 'calculate_card_areas' at Steamodded file 'src/utils.lua:1646' 
	Local variables:
	 _type = string: "jokers"
	 context = table: 0x0b478198  {end_of_round:true, main_eval:true, game_over:false, beat_boss:true, cardarea:table: 0x0b6c8a58}
	 return_table = nil
	 args = table: 0x0ad2d910  {joker_area:true}
	 flags = table: 0x0affdf38  {}
	 (for generator) = C function: builtin#6
	 (for state) = table: 0x0ae60c20  {1:table: 0x0b6c8a58, 2:table: 0x0b6c8088, 3:table: 0x0b6c9e18}
	 (for control) = number: 1
	 _ = number: 1
	 area = table: 0x0b6c8a58  {click_offset:table: 0x0b6c8bb8, static_rotation:false, shuffle_amt:0, T:table: 0x0b6c8b90, offset:table: 0x0b6c9178, role:table: 0x0b6c8fa8, last_aligned:-1 (more...)}
	 (for generator) = C function: builtin#6
	 (for state) = table: 0x0b6c9358  {1:table: 0x0b6daa60}
	 (for control) = number: 1
	 _ = number: 1
	 _card = table: 0x0b6daa60  {click_offset:table: 0x0b6df660, static_rotation:false, rank:1, parent:table: 0x0b6c8a58, T:table: 0x0b6df610, last_aligned:-1, extra_cost:0, highlighted:false (more...)}
(12) Lua field 'calculate_context' at Steamodded file 'src/utils.lua:1882' 
	Local variables:
	 context = table: 0x0b478198  {end_of_round:true, main_eval:true, game_over:false, beat_boss:true, cardarea:table: 0x0b6c8a58}
	 return_table = nil
	 no_resolve = nil
	 has_area = nil
	 flags = table: 0x0ae5ee80  {}
	 (*temporary) = number: 1
(13) Lua field 'func' at file 'functions/state_events.lua:108'
	Local variables:
	 game_over = boolean: false
	 game_won = boolean: false
(14) Lua method 'handle' at file 'engine/event.lua:55'
	Local variables:
	 self = table: 0x0b2f6aa0  {start_timer:true, timer:TOTAL, blockable:true, trigger:after, func:function: 0x0ad62e10, delay:0.2, complete:false, time:139.35642182806, blocking:true (more...)}
	 _results = table: 0x0b3f4fb8  {blocking:true, pause_skip:false, time_done:true, completed:false}
(15) Lua method 'update' at file 'engine/event.lua:182'
	Local variables:
	 self = table: 0x0b064558  {queue_last_processed:54.883333333331, queues:table: 0x0b064580, queue_dt:0.016666666666667, queue_timer:56.759152156853}
	 dt = number: 0.0166178
	 forced = nil
	 (for generator) = C function: next
	 (for state) = table: 0x0b064580  {unlock:table: 0x0b064670, other:table: 0x0b064710, tutorial:table: 0x0b0646c0, base:table: 0x0b064698, achievement:table: 0x0b0646e8}
	 (for control) = number: nan
	 k = string: "base"
	 v = table: 0x0b064698  {1:table: 0x0b6cd178, 2:table: 0x0b2f6aa0}
	 blocked = boolean: false
	 i = number: 2
	 results = table: 0x0b3f4fb8  {blocking:true, pause_skip:false, time_done:true, completed:false}
(16) Lua upvalue 'gameUpdateRef' at file 'game.lua:2578'
	Local variables:
	 self = table: 0x0ac3dea0  {F_GUIDE:false, F_CRASH_REPORTS:false, F_QUIT_BUTTON:true, HUD_tags:table: 0x0b777ca0, F_ENGLISH_ONLY:false, viewed_stake:1, HUD:table: 0x0b2d6500 (more...)}
	 dt = number: 0.0166178
	 http_resp = nil
(17) Lua method 'update' at Steamodded file 'src/ui.lua:124' 
	Local variables:
	 self = table: 0x0ac3dea0  {F_GUIDE:false, F_CRASH_REPORTS:false, F_QUIT_BUTTON:true, HUD_tags:table: 0x0b777ca0, F_ENGLISH_ONLY:false, viewed_stake:1, HUD:table: 0x0b2d6500 (more...)}
	 dt = number: 0.0166178
(18) Lua field 'update' at file 'main.lua:1011'
	Local variables:
	 dt = number: 0.0166178
(19) Lua function '?' at file 'main.lua:950' (best guess)
(20) global C function 'xpcall'
(21) LÖVE function at file 'boot.lua:377' (best guess)
	Local variables:
	 func = Lua function '?' (defined at line 921 of chunk main.lua)
	 inerror = boolean: true
	 deferErrhand = Lua function '(LÖVE Function)' (defined at line 348 of chunk [love "boot.lua"])
	 earlyinit = Lua function '(LÖVE Function)' (defined at line 355 of chunk [love "boot.lua"])
 
INFO - [G] file not found: main.lua: No such file or directory
INFO - [G] file not found: main.lua: No such file or directory
INFO - [G] 2025-09-16 09:18:32 :: INFO  :: StackTrace :: Additional Context:
Balatro Version: 1.0.1o-FULL
Modded Version: 1.0.0~BETA-0906c-STEAMODDED
LÖVE Version: 11.5.0
Lovely Version: 0.8.0
Platform: Windows
Steamodded Mods:
    1: Simple by Gonçalo, Braz, Hernani [ID: SimpleJoker]
    2: DebugPlus by WilsontheWolf [ID: DebugPlus, Version: 1.5.1, Uses Lovely]
Lovely Mods: 
