INFO - [♥] Lovely 0.8.0
INFO - [♥] Game directory is at "C:\\Program Files (x86)\\Steam\\steamapps\\common\\Balatro"
INFO - [♥] Writing logs to "C:\\Users\\irene\\AppData\\Roaming\\Balatro\\Mods\\lovely\\log"
INFO - [♥] Using mod directory at "C:\\Users\\irene\\AppData\\Roaming\\Balatro\\Mods"
WARN - [♥] Unknown key `patches.0.?.match_indent` found in patch file at "C:\\Users\\irene\\AppData\\Roaming\\Balatro\\Mods\\smods-main\\lovely\\scoring_calculation.toml", ignoring it
INFO - [♥] Cleaning up dumps directory at "C:\\Users\\irene\\AppData\\Roaming\\Balatro\\Mods\\lovely\\dump"
INFO - [♥] Initialization complete in 84ms
INFO - [♥] Applied 1 patch to 'conf.lua'
INFO - [♥] Applied 11 patches to 'main.lua'
INFO - [♥] Applied 10 patches to 'engine/controller.lua'
INFO - [♥] Applied 15 patches to 'back.lua'
INFO - [♥] Applied 8 patches to 'tag.lua'
INFO - [♥] Applied 2 patches to 'engine/moveable.lua'
INFO - [♥] Applied 2 patches to 'engine/sprite.lua'
INFO - [♥] Applied 2 patches to 'engine/animatedsprite.lua'
INFO - [♥] Applied 78 patches to 'functions/misc_functions.lua'
INFO - [♥] Applied 52 patches to 'game.lua'
INFO - [♥] Applied 1 patch to 'globals.lua'
INFO - [♥] Applied 7 patches to 'engine/ui.lua'
INFO - [♥] Applied 106 patches to 'functions/UI_definitions.lua'
INFO - [♥] Applied 55 patches to 'functions/state_events.lua'
INFO - [♥] Applied 122 patches to 'functions/common_events.lua'
INFO - [♥] Applied 54 patches to 'functions/button_callbacks.lua'
WARN - [♥] Regex 'localize\\(\'k_upgrade_ex\'\\)\\}\\); return true\n[ \\t]*end\\}\\)\\)\n[ \\t]*end\n(?<indent>[ \\t]*)return' on target 'card.lua' for regex patch from smods-main\lovely\joker_retriggers.toml resulted in no matches
WARN - [♥] Regex '[ \\t]*G\\.C\\.MULT\\}\\)\n[ \\t]*return true\n[ \\t]*end\\)\\}\\)\\)\n(?<indent>[ \\t]*)end' on target 'card.lua' for regex patch from smods-main\lovely\joker_retriggers.toml resulted in no matches
WARN - [♥] Regex '[ \\t]*func = function\\(\\) card_eval_status_text\\(self, \'extra\', nil, nil, nil, \\{message = localize\\{type = \'variable\', key = \'a_xmult\', vars = \\{self\\.ability\\.caino_xmult\\}\\}\\}\\); return true\n(?<indent>[ \\t]*)end\\}\\)\\)' on target 'card.lua' for regex patch from smods-main\lovely\joker_retriggers.toml resulted in no matches
WARN - [♥] Regex 'glass_cards\\}\\}\\}\\)\n[ \\t]*return true\n[ \\t]*end\n(?<indent>[ \\t]*)\\}\\)\\)' on target 'card.lua' for regex patch from smods-main\lovely\joker_retriggers.toml resulted in no matches
INFO - [♥] Applied 218 patches to 'card.lua'
INFO - [♥] Applied 20 patches to 'cardarea.lua'
INFO - [♥] Applied 40 patches to 'blind.lua'
INFO - [♥] Applied 10 patches to 'card_character.lua'
INFO - [♥] Applied 10 patches to 'engine/text.lua'
INFO - [G] Failed to connect to the debug server 
INFO - [G] 2025-09-16 08:53:00 :: DEBUG :: DebugConsole :: Steamodded Debug Socket started ! 
INFO - [G] 2025-09-16 08:53:00 :: INFO  :: SMODS :: Steamodded v1.0.0~BETA-0906c 
INFO - [♥] Applied 9 patches to 'engine/sound_manager.lua'
INFO - [♥] Applied 1 patch to 'engine/save_manager.lua'
INFO - [G] 2025-09-16 08:53:02 :: ERROR :: Loader :: Found invalid metadata JSON file at C:\Users\irene\AppData\Roaming\Balatro\Mods/.vscode/settings.json, ignoring: [SMODS _ "src/loader.lua"]:226: id 
INFO - [G] 2025-09-16 08:53:02 :: ERROR :: Loader :: Found invalid metadata JSON file at C:\Users\irene\AppData\Roaming\Balatro\Mods/DebugPlus-master/.luarc.json, ignoring: [SMODS _ "src/loader.lua"]:226: id 
INFO - [G] 2025-09-16 08:53:02 :: ERROR :: Loader :: Found invalid metadata JSON file at C:\Users\irene\AppData\Roaming\Balatro\Mods/DebugPlus-master/dev/.luarc.json, ignoring: [SMODS _ "src/loader.lua"]:226: id 
INFO - [G] 2025-09-16 08:53:02 :: INFO  :: Loader :: Valid JSON file found 
INFO - [G] 2025-09-16 08:53:02 :: TRACE :: Loader :: Processing Mod file (Legacy header): Main.lua 
INFO - [G] 2025-09-16 08:53:02 :: TRACE :: Loader :: Saving Mod Info: SimpleJoker 
INFO - [G] 2025-09-16 08:53:02 :: INFO  :: TIMER :: [0000] Injected Fonts in 0.003 ms 
INFO - [G] 2025-09-16 08:53:02 :: INFO  :: TIMER :: [0000] Injected DynaTextEffects in 0.003 ms 
INFO - [G] 2025-09-16 08:53:02 :: INFO  :: TIMER :: [0000] Injected Language in 0.002 ms 
INFO - [G] 2025-09-16 08:53:02 :: INFO  :: TIMER :: [0000] Injected [INTERNAL] in 3.505 ms 
INFO - [G] 2025-09-16 08:53:03 :: INFO  :: TIMER :: [0009] Injected Atlas in 741.421 ms 
INFO - [G] 2025-09-16 08:53:03 :: INFO  :: TIMER :: [0002] Injected Sound in 0.902 ms 
INFO - [G] 2025-09-16 08:53:03 :: INFO  :: TIMER :: [0008] Injected Stake in 1.260 ms 
INFO - [G] 2025-09-16 08:53:03 :: INFO  :: TIMER :: [0004] Injected Rarity in 0.066 ms 
INFO - [G] 2025-09-16 08:53:03 :: INFO  :: TIMER :: [0004] Injected ObjectType in 0.110 ms 
INFO - [G] 2025-09-16 08:53:03 :: INFO  :: TIMER :: [0054] Injected Center in 0.915 ms 
INFO - [G] 2025-09-16 08:53:03 :: INFO  :: TIMER :: [0007] Injected Undiscovered Sprite in 0.048 ms 
INFO - [G] 2025-09-16 08:53:03 :: INFO  :: TIMER :: [0004] Injected Blind in 0.057 ms 
INFO - [G] 2025-09-16 08:53:03 :: INFO  :: TIMER :: [0004] Injected Seal in 0.620 ms 
INFO - [G] 2025-09-16 08:53:03 :: INFO  :: TIMER :: [0004] Injected Suit in 0.398 ms 
INFO - [G] 2025-09-16 08:53:03 :: INFO  :: TIMER :: [0013] Injected Rank in 0.127 ms 
INFO - [G] 2025-09-16 08:53:03 :: INFO  :: TIMER :: [0028] Injected DeckSkin in 0.286 ms 
INFO - [G] 2025-09-16 08:53:03 :: INFO  :: TIMER :: [0017] Injected JimboQuip in 0.197 ms 
INFO - [G] 2025-09-16 08:53:03 :: INFO  :: TIMER :: [0012] Injected PokerHand in 0.176 ms 
INFO - [G] 2025-09-16 08:53:03 :: INFO  :: TIMER :: [0020] Injected Challenge in 0.060 ms 
INFO - [G] 2025-09-16 08:53:03 :: INFO  :: TIMER :: [0000] Injected Tag in 0.002 ms 
INFO - [G] 2025-09-16 08:53:03 :: INFO  :: TIMER :: [0004] Injected Sticker in 0.127 ms 
INFO - [G] 2025-09-16 08:53:03 :: INFO  :: TIMER :: [0000] Injected Shader in 0.002 ms 
INFO - [G] 2025-09-16 08:53:03 :: INFO  :: TIMER :: [0002] Injected Keybind in 0.033 ms 
INFO - [G] 2025-09-16 08:53:03 :: INFO  :: TIMER :: [0000] Injected Achievement in 0.042 ms 
INFO - [G] 2025-09-16 08:53:03 :: INFO  :: TIMER :: [0002] Injected nil in 0.029 ms 
INFO - [G] 2025-09-16 08:53:03 :: INFO  :: TIMER :: [0002] Injected Scoring_Parameters in 0.191 ms 
INFO - [G] 2025-09-16 08:53:03 :: INFO  :: TIMER :: [0003] Injected Scoring_Calculations in 0.029 ms 
INFO - [G] 2025-09-16 08:53:03 :: INFO  :: TIMER :: [0021] Injected Draw Step in 0.171 ms 
INFO - [G] 2025-09-16 08:53:03 :: INFO  :: TIMER :: [0000] Injected [INTERNAL] in 0.341 ms 
INFO - [G] [DebugPlus] Press [-] to toggle console and press [shift] + [-] to toggle new log previews 
INFO - [G] line not found
INFO - [G] file not found: main.lua: No such file or directory
INFO - [G] file not found: main.lua: No such file or directory
INFO - [G] 2025-09-16 08:53:31 :: ERROR :: StackTrace :: Oops! The game crashed
functions/common_events.lua:2356: attempt to index local 'center' (a nil value)
Stack Traceback
===============
(1) Lua upvalue 'orig' at file 'main.lua:612'
	Local variables:
	 msg = string: "functions/common_events.lua:2356: attempt to index local 'center' (a nil value)"
	 (*temporary) = Lua function '?' (defined at line 31 of chunk [SMODS _ "src/logging.lua"])
	 (*temporary) = string: "Oops! The game crashed\
"
(2) Lua local 'handler' at file 'debugplus/console.lua:606' (from lovely module debugplus.console)
	Local variables:
	 msg = string: "functions/common_events.lua:2356: attempt to index local 'center' (a nil value)"
(3) LÖVE metamethod at file 'boot.lua:352'
	Local variables:
	 errhand = Lua function '(LÖVE Function)' (defined at line 605 of chunk [lovely debugplus.console "debugplus/console.lua"])
	 handler = Lua function '(LÖVE Function)' (defined at line 605 of chunk [lovely debugplus.console "debugplus/console.lua"])
(4) Lua global 'create_card' at file 'functions/common_events.lua:2356'
	Local variables:
	 _type = string: "Joker"
	 area = table: 0x1a2f55f8  {click_offset:table: 0x1a577be0, static_rotation:false, shuffle_amt:0, T:table: 0x19ef90f8, offset:table: 0x1a34d910, role:table: 0x1a348560, last_aligned:-1 (more...)}
	 legendary = nil
	 _rarity = nil
	 skip_materialize = nil
	 soulable = nil
	 forced_key = string: "Joker"
	 key_append = nil
	 area = table: 0x1a2f55f8  {click_offset:table: 0x1a577be0, static_rotation:false, shuffle_amt:0, T:table: 0x19ef90f8, offset:table: 0x1a34d910, role:table: 0x1a348560, last_aligned:-1 (more...)}
	 center = nil
	 (*temporary) = table: 0x19cef710  {j_mime:table: 0x19bf27a8, j_ring_master:table: 0x1a070478, b_challenge:table: 0x19f1aa30, c_medium:table: 0x1a02f758, p_standard_jumbo_2:table: 0x19d958b0 (more...)}
	 (*temporary) = number: 5
	 (*temporary) = nil
	 (*temporary) = number: 0
	 (*temporary) = number: 0.327776
	 (*temporary) = number: 0
	 (*temporary) = number: 0.004
	 (*temporary) = number: 0.004
	 (*temporary) = number: 44
	 (*temporary) = number: 83
	 (*temporary) = number: 0.8
	 (*temporary) = number: 0
	 (*temporary) = number: 0.361128
	 (*temporary) = string: "attempt to index local 'center' (a nil value)"
(5) Lua method 'calculate' at file 'Main.lua:123' (from mod with id SimpleJoker)
	Local variables:
	 self = table: 0x19edb478  {alerted:true, _saved_d_u:true, original_key:Jack_of_all_jokers, mod:table: 0x19fcc7c8, unlocked:true, registered:true, _discovered_unlocked_overwritten:true (more...)}
	 card = table: 0x1a8f5760  {click_offset:table: 0x1a5aaa58, static_rotation:false, rank:1, parent:table: 0x1a2f55f8, T:table: 0x1a5aa8a0, last_aligned:-1, extra_cost:0, highlighted:false (more...)}
	 context = table: 0x1a0cd1f0  {end_of_round:true, main_eval:true, game_over:false, beat_boss:true, cardarea:table: 0x1a2f55f8}
	 current_jokers = number: 1
	 jokers_to_add = number: 1
	 jokers = table: 0x1aa23538  {}
	 random_key = nil
(6) Lua upvalue 'calculate_joker_ref' at file 'card.lua:2611'
	Local variables:
	 self = table: 0x1a8f5760  {click_offset:table: 0x1a5aaa58, static_rotation:false, rank:1, parent:table: 0x1a2f55f8, T:table: 0x1a5aa8a0, last_aligned:-1, extra_cost:0, highlighted:false (more...)}
	 context = table: 0x1a0cd1f0  {end_of_round:true, main_eval:true, game_over:false, beat_boss:true, cardarea:table: 0x1a2f55f8}
	 obj = table: 0x19edb478  {alerted:true, _saved_d_u:true, original_key:Jack_of_all_jokers, mod:table: 0x19fcc7c8, unlocked:true, registered:true, _discovered_unlocked_overwritten:true (more...)}
(7) Lua method 'calculate_joker' at Steamodded file 'src/overrides.lua:2399' 
	Local variables:
	 self = table: 0x1a8f5760  {click_offset:table: 0x1a5aaa58, static_rotation:false, rank:1, parent:table: 0x1a2f55f8, T:table: 0x1a5aa8a0, last_aligned:-1, extra_cost:0, highlighted:false (more...)}
	 context = table: 0x1a0cd1f0  {end_of_round:true, main_eval:true, game_over:false, beat_boss:true, cardarea:table: 0x1a2f55f8}
(8) Lua upvalue 'eval_card_ref' at file 'functions/common_events.lua:758'
	Local variables:
	 card = table: 0x1a8f5760  {click_offset:table: 0x1a5aaa58, static_rotation:false, rank:1, parent:table: 0x1a2f55f8, T:table: 0x1a5aa8a0, last_aligned:-1, extra_cost:0, highlighted:false (more...)}
	 context = table: 0x1a0cd1f0  {end_of_round:true, main_eval:true, game_over:false, beat_boss:true, cardarea:table: 0x1a2f55f8}
	 ret = table: 0x1a735400  {}
	 post_trig = table: 0x1a735428  {}
	 areas = table: 0x19bf7560  {1:table: 0x1a2f55f8, 2:table: 0x19e18878, 3:table: 0x1a3b4230}
	 area_set = table: 0x1a3cc4b8  {table: 0x19e18878:true, table: 0x1a2f55f8:true, table: 0x1a3b4230:true}
(9) Lua global 'eval_card' at Steamodded file 'src/overrides.lua:2383' 
	Local variables:
	 card = table: 0x1a8f5760  {click_offset:table: 0x1a5aaa58, static_rotation:false, rank:1, parent:table: 0x1a2f55f8, T:table: 0x1a5aa8a0, last_aligned:-1, extra_cost:0, highlighted:false (more...)}
	 context = table: 0x1a0cd1f0  {end_of_round:true, main_eval:true, game_over:false, beat_boss:true, cardarea:table: 0x1a2f55f8}
(10) Lua field 'calculate_card_areas' at Steamodded file 'src/utils.lua:1646' 
	Local variables:
	 _type = string: "jokers"
	 context = table: 0x1a0cd1f0  {end_of_round:true, main_eval:true, game_over:false, beat_boss:true, cardarea:table: 0x1a2f55f8}
	 return_table = nil
	 args = table: 0x1a423308  {joker_area:true}
	 flags = table: 0x1a423368  {}
	 (for generator) = C function: builtin#6
	 (for state) = table: 0x19bf7518  {1:table: 0x1a2f55f8, 2:table: 0x19e18878, 3:table: 0x1a3b4230}
	 (for control) = number: 1
	 _ = number: 1
	 area = table: 0x1a2f55f8  {click_offset:table: 0x1a577be0, static_rotation:false, shuffle_amt:0, T:table: 0x19ef90f8, offset:table: 0x1a34d910, role:table: 0x1a348560, last_aligned:-1 (more...)}
	 (for generator) = C function: builtin#6
	 (for state) = table: 0x1a495128  {1:table: 0x1a8f5760}
	 (for control) = number: 1
	 _ = number: 1
	 _card = table: 0x1a8f5760  {click_offset:table: 0x1a5aaa58, static_rotation:false, rank:1, parent:table: 0x1a2f55f8, T:table: 0x1a5aa8a0, last_aligned:-1, extra_cost:0, highlighted:false (more...)}
(11) Lua field 'calculate_context' at Steamodded file 'src/utils.lua:1882' 
	Local variables:
	 context = table: 0x1a0cd1f0  {end_of_round:true, main_eval:true, game_over:false, beat_boss:true, cardarea:table: 0x1a2f55f8}
	 return_table = nil
	 no_resolve = nil
	 has_area = nil
	 flags = table: 0x19f54b68  {}
	 (*temporary) = number: 1
(12) Lua field 'func' at file 'functions/state_events.lua:108'
	Local variables:
	 game_over = boolean: false
	 game_won = boolean: false
(13) Lua method 'handle' at file 'engine/event.lua:55'
	Local variables:
	 self = table: 0x1a56fe78  {start_timer:true, timer:TOTAL, blockable:true, trigger:after, func:function: 0x1ae55ae8, delay:0.2, complete:false, time:74.704163468507, blocking:true (more...)}
	 _results = table: 0x1a4fc6f8  {blocking:true, pause_skip:false, time_done:true, completed:false}
(14) Lua method 'update' at file 'engine/event.lua:182'
	Local variables:
	 self = table: 0x1a101488  {queue_last_processed:27.9, queues:table: 0x1a1014b0, queue_dt:0.016666666666667, queue_timer:28.134193309738}
	 dt = number: 0.0166961
	 forced = nil
	 (for generator) = C function: next
	 (for state) = table: 0x1a1014b0  {unlock:table: 0x1a1015a0, other:table: 0x1a101640, tutorial:table: 0x1a1015f0, base:table: 0x1a1015c8, achievement:table: 0x1a101618}
	 (for control) = number: nan
	 k = string: "base"
	 v = table: 0x1a1015c8  {1:table: 0x19fcd278, 2:table: 0x1afca688, 3:table: 0x1a56fe78}
	 blocked = boolean: false
	 i = number: 3
	 results = table: 0x1a4fc6f8  {blocking:true, pause_skip:false, time_done:true, completed:false}
(15) Lua upvalue 'gameUpdateRef' at file 'game.lua:2578'
	Local variables:
	 self = table: 0x19cddea8  {F_GUIDE:false, F_CRASH_REPORTS:false, F_QUIT_BUTTON:true, HUD_tags:table: 0x1a8c3c68, F_ENGLISH_ONLY:false, viewed_stake:1, HUD:table: 0x1a8471b0 (more...)}
	 dt = number: 0.0166961
	 http_resp = nil
(16) Lua method 'update' at Steamodded file 'src/ui.lua:124' 
	Local variables:
	 self = table: 0x19cddea8  {F_GUIDE:false, F_CRASH_REPORTS:false, F_QUIT_BUTTON:true, HUD_tags:table: 0x1a8c3c68, F_ENGLISH_ONLY:false, viewed_stake:1, HUD:table: 0x1a8471b0 (more...)}
	 dt = number: 0.0166961
(17) Lua field 'update' at file 'main.lua:1011'
	Local variables:
	 dt = number: 0.0166961
(18) Lua function '?' at file 'main.lua:950' (best guess)
(19) global C function 'xpcall'
(20) LÖVE function at file 'boot.lua:377' (best guess)
	Local variables:
	 func = Lua function '?' (defined at line 921 of chunk main.lua)
	 inerror = boolean: true
	 deferErrhand = Lua function '(LÖVE Function)' (defined at line 348 of chunk [love "boot.lua"])
	 earlyinit = Lua function '(LÖVE Function)' (defined at line 355 of chunk [love "boot.lua"])
 
INFO - [G] file not found: main.lua: No such file or directory
INFO - [G] file not found: main.lua: No such file or directory
INFO - [G] 2025-09-16 08:53:31 :: INFO  :: StackTrace :: Additional Context:
Balatro Version: 1.0.1o-FULL
Modded Version: 1.0.0~BETA-0906c-STEAMODDED
LÖVE Version: 11.5.0
Lovely Version: 0.8.0
Platform: Windows
Steamodded Mods:
    1: Simple by Gonçalo, Braz, Hernani [ID: SimpleJoker]
    2: DebugPlus by WilsontheWolf [ID: DebugPlus, Version: 1.5.1, Uses Lovely]
Lovely Mods: 
