INFO - [♥] Lovely 0.8.0
INFO - [♥] Game directory is at "C:\\Program Files (x86)\\Steam\\steamapps\\common\\Balatro"
INFO - [♥] Writing logs to "C:\\Users\\irene\\AppData\\Roaming\\Balatro\\Mods\\lovely\\log"
INFO - [♥] Using mod directory at "C:\\Users\\irene\\AppData\\Roaming\\Balatro\\Mods"
WARN - [♥] Unknown key `patches.0.?.match_indent` found in patch file at "C:\\Users\\irene\\AppData\\Roaming\\Balatro\\Mods\\smods-main\\lovely\\scoring_calculation.toml", ignoring it
INFO - [♥] Cleaning up dumps directory at "C:\\Users\\irene\\AppData\\Roaming\\Balatro\\Mods\\lovely\\dump"
INFO - [♥] Initialization complete in 71ms
INFO - [♥] Applied 1 patch to 'conf.lua'
INFO - [♥] Applied 11 patches to 'main.lua'
INFO - [♥] Applied 10 patches to 'engine/controller.lua'
INFO - [♥] Applied 15 patches to 'back.lua'
INFO - [♥] Applied 8 patches to 'tag.lua'
INFO - [♥] Applied 2 patches to 'engine/moveable.lua'
INFO - [♥] Applied 2 patches to 'engine/sprite.lua'
INFO - [♥] Applied 2 patches to 'engine/animatedsprite.lua'
INFO - [♥] Applied 78 patches to 'functions/misc_functions.lua'
INFO - [♥] Applied 52 patches to 'game.lua'
INFO - [♥] Applied 1 patch to 'globals.lua'
INFO - [♥] Applied 7 patches to 'engine/ui.lua'
INFO - [♥] Applied 106 patches to 'functions/UI_definitions.lua'
INFO - [♥] Applied 55 patches to 'functions/state_events.lua'
INFO - [♥] Applied 122 patches to 'functions/common_events.lua'
INFO - [♥] Applied 54 patches to 'functions/button_callbacks.lua'
WARN - [♥] Regex 'localize\\(\'k_upgrade_ex\'\\)\\}\\); return true\n[ \\t]*end\\}\\)\\)\n[ \\t]*end\n(?<indent>[ \\t]*)return' on target 'card.lua' for regex patch from smods-main\lovely\joker_retriggers.toml resulted in no matches
WARN - [♥] Regex '[ \\t]*G\\.C\\.MULT\\}\\)\n[ \\t]*return true\n[ \\t]*end\\)\\}\\)\\)\n(?<indent>[ \\t]*)end' on target 'card.lua' for regex patch from smods-main\lovely\joker_retriggers.toml resulted in no matches
WARN - [♥] Regex '[ \\t]*func = function\\(\\) card_eval_status_text\\(self, \'extra\', nil, nil, nil, \\{message = localize\\{type = \'variable\', key = \'a_xmult\', vars = \\{self\\.ability\\.caino_xmult\\}\\}\\}\\); return true\n(?<indent>[ \\t]*)end\\}\\)\\)' on target 'card.lua' for regex patch from smods-main\lovely\joker_retriggers.toml resulted in no matches
WARN - [♥] Regex 'glass_cards\\}\\}\\}\\)\n[ \\t]*return true\n[ \\t]*end\n(?<indent>[ \\t]*)\\}\\)\\)' on target 'card.lua' for regex patch from smods-main\lovely\joker_retriggers.toml resulted in no matches
INFO - [♥] Applied 218 patches to 'card.lua'
INFO - [♥] Applied 20 patches to 'cardarea.lua'
INFO - [♥] Applied 40 patches to 'blind.lua'
INFO - [♥] Applied 10 patches to 'card_character.lua'
INFO - [♥] Applied 10 patches to 'engine/text.lua'
INFO - [G] Failed to connect to the debug server 
INFO - [G] 2025-09-13 19:54:42 :: DEBUG :: DebugConsole :: Steamodded Debug Socket started ! 
INFO - [G] 2025-09-13 19:54:42 :: INFO  :: SMODS :: Steamodded v1.0.0~BETA-0906c 
INFO - [♥] Applied 9 patches to 'engine/sound_manager.lua'
INFO - [♥] Applied 1 patch to 'engine/save_manager.lua'
INFO - [G] 2025-09-13 19:54:44 :: ERROR :: Loader :: Found invalid metadata JSON file at C:\Users\irene\AppData\Roaming\Balatro\Mods/.vscode/settings.json, ignoring: [SMODS _ "src/loader.lua"]:226: id 
INFO - [G] 2025-09-13 19:54:44 :: ERROR :: Loader :: Found invalid metadata JSON file at C:\Users\irene\AppData\Roaming\Balatro\Mods/DebugPlus-master/.luarc.json, ignoring: [SMODS _ "src/loader.lua"]:226: id 
INFO - [G] 2025-09-13 19:54:44 :: ERROR :: Loader :: Found invalid metadata JSON file at C:\Users\irene\AppData\Roaming\Balatro\Mods/DebugPlus-master/dev/.luarc.json, ignoring: [SMODS _ "src/loader.lua"]:226: id 
INFO - [G] 2025-09-13 19:54:44 :: INFO  :: Loader :: Valid JSON file found 
INFO - [G] 2025-09-13 19:54:44 :: TRACE :: Loader :: Processing Mod file (Legacy header): Main.lua 
INFO - [G] 2025-09-13 19:54:44 :: TRACE :: Loader :: Saving Mod Info: SimpleJoker 
INFO - [G] 2025-09-13 19:54:44 :: INFO  :: TIMER :: [0000] Injected Fonts in 0.003 ms 
INFO - [G] 2025-09-13 19:54:44 :: INFO  :: TIMER :: [0000] Injected DynaTextEffects in 0.003 ms 
INFO - [G] 2025-09-13 19:54:44 :: INFO  :: TIMER :: [0000] Injected Language in 0.003 ms 
INFO - [G] 2025-09-13 19:54:44 :: INFO  :: TIMER :: [0000] Injected [INTERNAL] in 4.104 ms 
INFO - [G] 2025-09-13 19:54:45 :: INFO  :: TIMER :: [0007] Injected Atlas in 765.527 ms 
INFO - [G] 2025-09-13 19:54:45 :: INFO  :: TIMER :: [0001] Injected Sound in 0.504 ms 
INFO - [G] 2025-09-13 19:54:45 :: INFO  :: TIMER :: [0008] Injected Stake in 1.606 ms 
INFO - [G] 2025-09-13 19:54:45 :: INFO  :: TIMER :: [0004] Injected Rarity in 0.065 ms 
INFO - [G] 2025-09-13 19:54:45 :: INFO  :: TIMER :: [0004] Injected ObjectType in 0.090 ms 
INFO - [G] 2025-09-13 19:54:45 :: INFO  :: TIMER :: [0052] Injected Center in 1.209 ms 
INFO - [G] 2025-09-13 19:54:45 :: INFO  :: TIMER :: [0007] Injected Undiscovered Sprite in 0.036 ms 
INFO - [G] 2025-09-13 19:54:45 :: INFO  :: TIMER :: [0004] Injected Blind in 0.083 ms 
INFO - [G] 2025-09-13 19:54:45 :: INFO  :: TIMER :: [0004] Injected Seal in 0.709 ms 
INFO - [G] 2025-09-13 19:54:45 :: INFO  :: TIMER :: [0004] Injected Suit in 0.223 ms 
INFO - [G] 2025-09-13 19:54:46 :: INFO  :: TIMER :: [0013] Injected Rank in 0.212 ms 
INFO - [G] 2025-09-13 19:54:46 :: INFO  :: TIMER :: [0028] Injected DeckSkin in 0.272 ms 
INFO - [G] 2025-09-13 19:54:46 :: INFO  :: TIMER :: [0017] Injected JimboQuip in 0.063 ms 
INFO - [G] 2025-09-13 19:54:46 :: INFO  :: TIMER :: [0012] Injected PokerHand in 0.149 ms 
INFO - [G] 2025-09-13 19:54:46 :: INFO  :: TIMER :: [0020] Injected Challenge in 0.175 ms 
INFO - [G] 2025-09-13 19:54:46 :: INFO  :: TIMER :: [0000] Injected Tag in 0.003 ms 
INFO - [G] 2025-09-13 19:54:46 :: INFO  :: TIMER :: [0004] Injected Sticker in 0.208 ms 
INFO - [G] 2025-09-13 19:54:46 :: INFO  :: TIMER :: [0000] Injected Shader in 0.003 ms 
INFO - [G] 2025-09-13 19:54:46 :: INFO  :: TIMER :: [0002] Injected Keybind in 0.026 ms 
INFO - [G] 2025-09-13 19:54:46 :: INFO  :: TIMER :: [0000] Injected Achievement in 0.056 ms 
INFO - [G] 2025-09-13 19:54:46 :: INFO  :: TIMER :: [0002] Injected nil in 0.033 ms 
INFO - [G] 2025-09-13 19:54:46 :: INFO  :: TIMER :: [0002] Injected Scoring_Parameters in 0.127 ms 
INFO - [G] 2025-09-13 19:54:46 :: INFO  :: TIMER :: [0003] Injected Scoring_Calculations in 0.030 ms 
INFO - [G] 2025-09-13 19:54:46 :: INFO  :: TIMER :: [0021] Injected Draw Step in 0.106 ms 
INFO - [G] 2025-09-13 19:54:46 :: INFO  :: TIMER :: [0000] Injected [INTERNAL] in 0.446 ms 
INFO - [G] [DebugPlus] Press [-] to toggle console and press [shift] + [-] to toggle new log previews 
INFO - [G] line not found
INFO - [G] file not found: main.lua: No such file or directory
INFO - [G] file not found: main.lua: No such file or directory
INFO - [G] 2025-09-13 19:55:02 :: ERROR :: StackTrace :: Oops! The game crashed
[SMODS SimpleJoker "Main.lua"]:126: attempt to perform arithmetic on local 'current_jokers' (a table value)
Stack Traceback
===============
(1) Lua upvalue 'orig' at file 'main.lua:612'
	Local variables:
	 msg = string: "[SMODS SimpleJoker \"Main.lua\"]:126: attempt to perform arithmetic on local 'current_jokers' (a table value)"
	 (*temporary) = Lua function '?' (defined at line 31 of chunk [SMODS _ "src/logging.lua"])
	 (*temporary) = string: "Oops! The game crashed\
"
(2) Lua local 'handler' at file 'debugplus/console.lua:606' (from lovely module debugplus.console)
	Local variables:
	 msg = string: "[SMODS SimpleJoker \"Main.lua\"]:126: attempt to perform arithmetic on local 'current_jokers' (a table value)"
(3) LÖVE metamethod at file 'boot.lua:352'
	Local variables:
	 errhand = Lua function '(LÖVE Function)' (defined at line 605 of chunk [lovely debugplus.console "debugplus/console.lua"])
	 handler = Lua function '(LÖVE Function)' (defined at line 605 of chunk [lovely debugplus.console "debugplus/console.lua"])
(4) Lua method 'calculate' at file 'Main.lua:126' (from mod with id SimpleJoker)
	Local variables:
	 self = table: 0x192bda68  {alerted:true, _saved_d_u:true, original_key:Jack_of_all_jokers, mod:table: 0x1975c1f0, unlocked:true, registered:true, _discovered_unlocked_overwritten:true (more...)}
	 card = table: 0x19269be8  {ARGS:table: 0x19db0bd8, rank:1, click_offset:table: 0x1938a1a8, dissolve_colours:table: 0x19884cc0, static_rotation:false, ambient_tilt:0.2, parent:table: 0x19254a28 (more...)}
	 context = table: 0x19d3b900  {main_eval:true, blind:table: 0x193010d8, cardarea:table: 0x19254a28, setting_blind:true}
	 current_jokers = table: 0x196970a0  {1:table: 0x19269be8}
	 jokers_to_add = number: 2
	 jokers = table: 0x19d3e4b0  {}
	 (*temporary) = string: "nil"
	 (*temporary) = nil
	 (*temporary) = string: "retriggers"
	 (*temporary) = table: 0x19c53130  {click_offset:table: 0x19c53410, children:table: 0x19c54250, animation:table: 0x19c54b58, offset:table: 0x19c54780, role:table: 0x19c542f0, last_aligned:-1 (more...)}
	 (*temporary) = table: 0x1a0296d8  {}
	 (*temporary) = table: 0x1a0296d8  {}
	 (*temporary) = nil
	 (*temporary) = string: "nil"
	 (*temporary) = nil
	 (*temporary) = table: 0x19d0eff8  {}
	 (*temporary) = table: 0x19d0eff8  {}
	 (*temporary) = nil
	 (*temporary) = string: "nil"
	 (*temporary) = string: "attempt to perform arithmetic on local 'current_jokers' (a table value)"
(5) Lua upvalue 'calculate_joker_ref' at file 'card.lua:2611'
	Local variables:
	 self = table: 0x19269be8  {ARGS:table: 0x19db0bd8, rank:1, click_offset:table: 0x1938a1a8, dissolve_colours:table: 0x19884cc0, static_rotation:false, ambient_tilt:0.2, parent:table: 0x19254a28 (more...)}
	 context = table: 0x19d3b900  {main_eval:true, blind:table: 0x193010d8, cardarea:table: 0x19254a28, setting_blind:true}
	 obj = table: 0x192bda68  {alerted:true, _saved_d_u:true, original_key:Jack_of_all_jokers, mod:table: 0x1975c1f0, unlocked:true, registered:true, _discovered_unlocked_overwritten:true (more...)}
(6) Lua method 'calculate_joker' at Steamodded file 'src/overrides.lua:2399' 
	Local variables:
	 self = table: 0x19269be8  {ARGS:table: 0x19db0bd8, rank:1, click_offset:table: 0x1938a1a8, dissolve_colours:table: 0x19884cc0, static_rotation:false, ambient_tilt:0.2, parent:table: 0x19254a28 (more...)}
	 context = table: 0x19d3b900  {main_eval:true, blind:table: 0x193010d8, cardarea:table: 0x19254a28, setting_blind:true}
(7) Lua upvalue 'eval_card_ref' at file 'functions/common_events.lua:758'
	Local variables:
	 card = table: 0x19269be8  {ARGS:table: 0x19db0bd8, rank:1, click_offset:table: 0x1938a1a8, dissolve_colours:table: 0x19884cc0, static_rotation:false, ambient_tilt:0.2, parent:table: 0x19254a28 (more...)}
	 context = table: 0x19d3b900  {main_eval:true, blind:table: 0x193010d8, cardarea:table: 0x19254a28, setting_blind:true}
	 ret = table: 0x19450e88  {}
	 post_trig = table: 0x19450eb0  {}
	 areas = table: 0x19d3e3a0  {1:table: 0x19254a28, 2:table: 0x199551e8, 3:table: 0x19327a00}
	 area_set = table: 0x19d3e3e8  {table: 0x19254a28:true, table: 0x19327a00:true, table: 0x199551e8:true}
(8) Lua global 'eval_card' at Steamodded file 'src/overrides.lua:2383' 
	Local variables:
	 card = table: 0x19269be8  {ARGS:table: 0x19db0bd8, rank:1, click_offset:table: 0x1938a1a8, dissolve_colours:table: 0x19884cc0, static_rotation:false, ambient_tilt:0.2, parent:table: 0x19254a28 (more...)}
	 context = table: 0x19d3b900  {main_eval:true, blind:table: 0x193010d8, cardarea:table: 0x19254a28, setting_blind:true}
(9) Lua field 'calculate_card_areas' at Steamodded file 'src/utils.lua:1646' 
	Local variables:
	 _type = string: "jokers"
	 context = table: 0x19d3b900  {main_eval:true, blind:table: 0x193010d8, cardarea:table: 0x19254a28, setting_blind:true}
	 return_table = nil
	 args = table: 0x19450e38  {joker_area:true}
	 flags = table: 0x19450e60  {}
	 (for generator) = C function: builtin#6
	 (for state) = table: 0x19d3b988  {1:table: 0x19254a28, 2:table: 0x199551e8, 3:table: 0x19327a00}
	 (for control) = number: 1
	 _ = number: 1
	 area = table: 0x19254a28  {click_offset:table: 0x194c1b50, static_rotation:false, shuffle_amt:0, T:table: 0x1922c558, offset:table: 0x1938ef50, role:table: 0x1990a5e0, last_aligned:-1 (more...)}
	 (for generator) = C function: builtin#6
	 (for state) = table: 0x196970a0  {1:table: 0x19269be8}
	 (for control) = number: 1
	 _ = number: 1
	 _card = table: 0x19269be8  {ARGS:table: 0x19db0bd8, rank:1, click_offset:table: 0x1938a1a8, dissolve_colours:table: 0x19884cc0, static_rotation:false, ambient_tilt:0.2, parent:table: 0x19254a28 (more...)}
(10) Lua field 'calculate_context' at Steamodded file 'src/utils.lua:1882' 
	Local variables:
	 context = table: 0x19d3b900  {main_eval:true, blind:table: 0x193010d8, cardarea:table: 0x19254a28, setting_blind:true}
	 return_table = nil
	 no_resolve = nil
	 has_area = nil
	 flags = table: 0x19450da8  {}
	 (*temporary) = number: 1
(11) Lua field 'func' at file 'functions/state_events.lua:280'
	Local variables:
	 blhash = string: "S"
(12) Lua method 'handle' at file 'engine/event.lua:99'
	Local variables:
	 self = table: 0x192f0e10  {start_timer:true, timer:TOTAL, blockable:true, trigger:immediate, func:function: 0x19772ae0, delay:0, complete:false, time:24.817632066669, blocking:true (more...)}
	 _results = table: 0x197a1818  {blocking:true, pause_skip:false, time_done:false, completed:false}
(13) Lua method 'update' at file 'engine/event.lua:182'
	Local variables:
	 self = table: 0x196ce018  {queue_last_processed:15.866666666667, queues:table: 0x196ce040, queue_dt:0.016666666666667, queue_timer:16.156573303793}
	 dt = number: 0.0167339
	 forced = nil
	 (for generator) = C function: next
	 (for state) = table: 0x196ce040  {unlock:table: 0x196ce130, other:table: 0x196ce1d0, tutorial:table: 0x196ce180, base:table: 0x196ce158, achievement:table: 0x196ce1a8}
	 (for control) = number: nan
	 k = string: "base"
	 v = table: 0x196ce158  {1:table: 0x19920da0, 2:table: 0x192f0e10, 3:table: 0x19968468, 4:table: 0x19bf7a48, 5:table: 0x19133948, 6:table: 0x198cd7c8, 7:table: 0x1984e158 (more...)}
	 blocked = boolean: false
	 i = number: 2
	 results = table: 0x197a1818  {blocking:true, pause_skip:false, time_done:false, completed:false}
(14) Lua upvalue 'gameUpdateRef' at file 'game.lua:2578'
	Local variables:
	 self = table: 0x19122e18  {F_GUIDE:false, F_CRASH_REPORTS:false, F_QUIT_BUTTON:true, HUD_tags:table: 0x19ce83f0, F_ENGLISH_ONLY:false, viewed_stake:1, HUD:table: 0x19c70758 (more...)}
	 dt = number: 0.0167339
	 http_resp = nil
(15) Lua method 'update' at Steamodded file 'src/ui.lua:124' 
	Local variables:
	 self = table: 0x19122e18  {F_GUIDE:false, F_CRASH_REPORTS:false, F_QUIT_BUTTON:true, HUD_tags:table: 0x19ce83f0, F_ENGLISH_ONLY:false, viewed_stake:1, HUD:table: 0x19c70758 (more...)}
	 dt = number: 0.0167339
(16) Lua field 'update' at file 'main.lua:1011'
	Local variables:
	 dt = number: 0.0167339
(17) Lua function '?' at file 'main.lua:950' (best guess)
(18) global C function 'xpcall'
(19) LÖVE function at file 'boot.lua:377' (best guess)
	Local variables:
	 func = Lua function '?' (defined at line 921 of chunk main.lua)
	 inerror = boolean: true
	 deferErrhand = Lua function '(LÖVE Function)' (defined at line 348 of chunk [love "boot.lua"])
	 earlyinit = Lua function '(LÖVE Function)' (defined at line 355 of chunk [love "boot.lua"])
 
INFO - [G] file not found: main.lua: No such file or directory
INFO - [G] file not found: main.lua: No such file or directory
INFO - [G] 2025-09-13 19:55:02 :: INFO  :: StackTrace :: Additional Context:
Balatro Version: 1.0.1o-FULL
Modded Version: 1.0.0~BETA-0906c-STEAMODDED
LÖVE Version: 11.5.0
Lovely Version: 0.8.0
Platform: Windows
Steamodded Mods:
    1: Simple by Gonçalo, Braz, Hernani [ID: SimpleJoker]
    2: DebugPlus by WilsontheWolf [ID: DebugPlus, Version: 1.5.1, Uses Lovely]
Lovely Mods: 
