INFO - [♥] Lovely 0.8.0
INFO - [♥] Game directory is at "C:\\Program Files (x86)\\Steam\\steamapps\\common\\Balatro"
INFO - [♥] Writing logs to "C:\\Users\\irene\\AppData\\Roaming\\Balatro\\Mods\\lovely\\log"
INFO - [♥] Using mod directory at "C:\\Users\\irene\\AppData\\Roaming\\Balatro\\Mods"
WARN - [♥] Unknown key `patches.0.?.match_indent` found in patch file at "C:\\Users\\irene\\AppData\\Roaming\\Balatro\\Mods\\smods-main\\lovely\\scoring_calculation.toml", ignoring it
INFO - [♥] Cleaning up dumps directory at "C:\\Users\\irene\\AppData\\Roaming\\Balatro\\Mods\\lovely\\dump"
INFO - [♥] Initialization complete in 173ms
INFO - [♥] Applied 1 patch to 'conf.lua'
INFO - [♥] Applied 11 patches to 'main.lua'
INFO - [♥] Applied 10 patches to 'engine/controller.lua'
INFO - [♥] Applied 15 patches to 'back.lua'
INFO - [♥] Applied 8 patches to 'tag.lua'
INFO - [♥] Applied 2 patches to 'engine/moveable.lua'
INFO - [♥] Applied 2 patches to 'engine/sprite.lua'
INFO - [♥] Applied 2 patches to 'engine/animatedsprite.lua'
INFO - [♥] Applied 78 patches to 'functions/misc_functions.lua'
INFO - [♥] Applied 52 patches to 'game.lua'
INFO - [♥] Applied 1 patch to 'globals.lua'
INFO - [♥] Applied 7 patches to 'engine/ui.lua'
INFO - [♥] Applied 106 patches to 'functions/UI_definitions.lua'
INFO - [♥] Applied 55 patches to 'functions/state_events.lua'
INFO - [♥] Applied 122 patches to 'functions/common_events.lua'
INFO - [♥] Applied 54 patches to 'functions/button_callbacks.lua'
WARN - [♥] Regex 'localize\\(\'k_upgrade_ex\'\\)\\}\\); return true\n[ \\t]*end\\}\\)\\)\n[ \\t]*end\n(?<indent>[ \\t]*)return' on target 'card.lua' for regex patch from smods-main\lovely\joker_retriggers.toml resulted in no matches
WARN - [♥] Regex '[ \\t]*G\\.C\\.MULT\\}\\)\n[ \\t]*return true\n[ \\t]*end\\)\\}\\)\\)\n(?<indent>[ \\t]*)end' on target 'card.lua' for regex patch from smods-main\lovely\joker_retriggers.toml resulted in no matches
WARN - [♥] Regex '[ \\t]*func = function\\(\\) card_eval_status_text\\(self, \'extra\', nil, nil, nil, \\{message = localize\\{type = \'variable\', key = \'a_xmult\', vars = \\{self\\.ability\\.caino_xmult\\}\\}\\}\\); return true\n(?<indent>[ \\t]*)end\\}\\)\\)' on target 'card.lua' for regex patch from smods-main\lovely\joker_retriggers.toml resulted in no matches
WARN - [♥] Regex 'glass_cards\\}\\}\\}\\)\n[ \\t]*return true\n[ \\t]*end\n(?<indent>[ \\t]*)\\}\\)\\)' on target 'card.lua' for regex patch from smods-main\lovely\joker_retriggers.toml resulted in no matches
INFO - [♥] Applied 218 patches to 'card.lua'
INFO - [♥] Applied 20 patches to 'cardarea.lua'
INFO - [♥] Applied 40 patches to 'blind.lua'
INFO - [♥] Applied 10 patches to 'card_character.lua'
INFO - [♥] Applied 10 patches to 'engine/text.lua'
INFO - [G] Failed to connect to the debug server 
INFO - [G] 2025-09-17 10:18:32 :: DEBUG :: DebugConsole :: Steamodded Debug Socket started ! 
INFO - [G] 2025-09-17 10:18:32 :: INFO  :: SMODS :: Steamodded v1.0.0~BETA-0906c 
INFO - [♥] Applied 9 patches to 'engine/sound_manager.lua'
INFO - [♥] Applied 1 patch to 'engine/save_manager.lua'
INFO - [G] 2025-09-17 10:18:34 :: ERROR :: Loader :: Found invalid metadata JSON file at C:\Users\irene\AppData\Roaming\Balatro\Mods/.vscode/settings.json, ignoring: [SMODS _ "src/loader.lua"]:226: id 
INFO - [G] 2025-09-17 10:18:34 :: ERROR :: Loader :: Found invalid metadata JSON file at C:\Users\irene\AppData\Roaming\Balatro\Mods/DebugPlus-master/.luarc.json, ignoring: [SMODS _ "src/loader.lua"]:226: id 
INFO - [G] 2025-09-17 10:18:34 :: ERROR :: Loader :: Found invalid metadata JSON file at C:\Users\irene\AppData\Roaming\Balatro\Mods/DebugPlus-master/dev/.luarc.json, ignoring: [SMODS _ "src/loader.lua"]:226: id 
INFO - [G] 2025-09-17 10:18:34 :: INFO  :: Loader :: Valid JSON file found 
INFO - [G] 2025-09-17 10:18:34 :: TRACE :: Loader :: Processing Mod file (Legacy header): Main.lua 
INFO - [G] 2025-09-17 10:18:34 :: TRACE :: Loader :: Saving Mod Info: SimpleJoker 
INFO - [G] 2025-09-17 10:18:34 :: INFO  :: TIMER :: [0000] Injected Fonts in 0.031 ms 
INFO - [G] 2025-09-17 10:18:34 :: INFO  :: TIMER :: [0000] Injected DynaTextEffects in 0.003 ms 
INFO - [G] 2025-09-17 10:18:34 :: INFO  :: TIMER :: [0000] Injected Language in 0.003 ms 
INFO - [G] 2025-09-17 10:18:34 :: INFO  :: TIMER :: [0000] Injected [INTERNAL] in 4.782 ms 
INFO - [G] 2025-09-17 10:18:35 :: INFO  :: TIMER :: [0010] Injected Atlas in 692.853 ms 
INFO - [G] 2025-09-17 10:18:35 :: INFO  :: TIMER :: [0002] Injected Sound in 1.765 ms 
INFO - [G] 2025-09-17 10:18:35 :: INFO  :: TIMER :: [0008] Injected Stake in 1.316 ms 
INFO - [G] 2025-09-17 10:18:35 :: INFO  :: TIMER :: [0004] Injected Rarity in 0.064 ms 
INFO - [G] 2025-09-17 10:18:35 :: INFO  :: TIMER :: [0004] Injected ObjectType in 0.107 ms 
INFO - [G] 2025-09-17 10:18:35 :: INFO  :: TIMER :: [0055] Injected Center in 0.569 ms 
INFO - [G] 2025-09-17 10:18:35 :: INFO  :: TIMER :: [0007] Injected Undiscovered Sprite in 0.033 ms 
INFO - [G] 2025-09-17 10:18:35 :: INFO  :: TIMER :: [0004] Injected Blind in 0.057 ms 
INFO - [G] 2025-09-17 10:18:35 :: INFO  :: TIMER :: [0004] Injected Seal in 0.226 ms 
INFO - [G] 2025-09-17 10:18:35 :: INFO  :: TIMER :: [0004] Injected Suit in 0.184 ms 
INFO - [G] 2025-09-17 10:18:35 :: INFO  :: TIMER :: [0013] Injected Rank in 0.172 ms 
INFO - [G] 2025-09-17 10:18:35 :: INFO  :: TIMER :: [0028] Injected DeckSkin in 0.443 ms 
INFO - [G] 2025-09-17 10:18:35 :: INFO  :: TIMER :: [0017] Injected JimboQuip in 0.089 ms 
INFO - [G] 2025-09-17 10:18:35 :: INFO  :: TIMER :: [0012] Injected PokerHand in 0.138 ms 
INFO - [G] 2025-09-17 10:18:35 :: INFO  :: TIMER :: [0020] Injected Challenge in 0.079 ms 
INFO - [G] 2025-09-17 10:18:35 :: INFO  :: TIMER :: [0000] Injected Tag in 0.005 ms 
INFO - [G] 2025-09-17 10:18:35 :: INFO  :: TIMER :: [0004] Injected Sticker in 0.193 ms 
INFO - [G] 2025-09-17 10:18:35 :: INFO  :: TIMER :: [0000] Injected Shader in 0.003 ms 
INFO - [G] 2025-09-17 10:18:35 :: INFO  :: TIMER :: [0002] Injected Keybind in 0.025 ms 
INFO - [G] 2025-09-17 10:18:35 :: INFO  :: TIMER :: [0000] Injected Achievement in 0.047 ms 
INFO - [G] 2025-09-17 10:18:35 :: INFO  :: TIMER :: [0002] Injected nil in 0.034 ms 
INFO - [G] 2025-09-17 10:18:35 :: INFO  :: TIMER :: [0002] Injected Scoring_Parameters in 0.204 ms 
INFO - [G] 2025-09-17 10:18:35 :: INFO  :: TIMER :: [0003] Injected Scoring_Calculations in 0.080 ms 
INFO - [G] 2025-09-17 10:18:35 :: INFO  :: TIMER :: [0021] Injected Draw Step in 0.224 ms 
INFO - [G] 2025-09-17 10:18:35 :: INFO  :: TIMER :: [0000] Injected [INTERNAL] in 0.390 ms 
INFO - [G] [DebugPlus] Press [-] to toggle console and press [shift] + [-] to toggle new log previews 
INFO - [G] line not found
INFO - [G] line not found
INFO - [G] file not found: main.lua: No such file or directory
INFO - [G] file not found: main.lua: No such file or directory
INFO - [G] 2025-09-17 10:18:50 :: ERROR :: StackTrace :: Oops! The game crashed
[SMODS _ "src/game_object.lua"]:3702: attempt to perform arithmetic on global 'mult' (a nil value)
Stack Traceback
===============
(1) Lua upvalue 'orig' at file 'main.lua:612'
	Local variables:
	 msg = string: "[SMODS _ \"src/game_object.lua\"]:3702: attempt to perform arithmetic on global 'mult' (a nil value)"
	 (*temporary) = Lua function '?' (defined at line 31 of chunk [SMODS _ "src/logging.lua"])
	 (*temporary) = string: "Oops! The game crashed\
"
(2) Lua local 'handler' at file 'debugplus/console.lua:606' (from lovely module debugplus.console)
	Local variables:
	 msg = string: "[SMODS _ \"src/game_object.lua\"]:3702: attempt to perform arithmetic on global 'mult' (a nil value)"
(3) LÖVE metamethod at file 'boot.lua:352'
	Local variables:
	 errhand = Lua function '(LÖVE Function)' (defined at line 605 of chunk [lovely debugplus.console "debugplus/console.lua"])
	 handler = Lua function '(LÖVE Function)' (defined at line 605 of chunk [lovely debugplus.console "debugplus/console.lua"])
(4) Lua field 'calculate_individual_effect' at Steamodded file 'src/game_object.lua:3702' 
	Local variables:
	 self = table: 0x181741b0  {lick:table: 0x17fc86a0, current:0, colour:table: 0x17c08b90, calc_effect:function: 0x18174248, original_key:mult, _saved_d_u:true, calculation_keys:table: 0x181741d8 (more...)}
	 effect = table: 0x18347da8  {xmult:2.1, card:table: 0x18309f20, colour:table: 0x17c02aa0, message:X2.1}
	 scored_card = table: 0x18309f20  {click_offset:table: 0x17d8eec8, static_rotation:false, rank:1, parent:table: 0x17d9f2d8, T:table: 0x17e52a00, last_aligned:-1, extra_cost:0, highlighted:false (more...)}
	 key = string: "xmult"
	 amount = number: 2.1
	 from_edition = boolean: false
	 (*temporary) = Lua function '?' (defined at line 3719 of chunk [SMODS _ "src/game_object.lua"])
	 (*temporary) = table: 0x181741b0  {lick:table: 0x17fc86a0, current:0, colour:table: 0x17c08b90, calc_effect:function: 0x18174248, original_key:mult, _saved_d_u:true, calculation_keys:table: 0x181741d8 (more...)}
	 (*temporary) = nil
	 (*temporary) = number: 1.1
	 (*temporary) = number: 2.1
	 (*temporary) = boolean: false
	 (*temporary) = number: 0.361128
	 (*temporary) = number: 0
	 (*temporary) = number: 0.0044
	 (*temporary) = number: 0.0044
	 (*temporary) = string: "attempt to perform arithmetic on global 'mult' (a nil value)"
(5) Lua field 'calculate_effect' at Steamodded file 'src/utils.lua:1416' 
	Local variables:
	 effect = table: 0x18347da8  {xmult:2.1, card:table: 0x18309f20, colour:table: 0x17c02aa0, message:X2.1}
	 scored_card = table: 0x18309f20  {click_offset:table: 0x17d8eec8, static_rotation:false, rank:1, parent:table: 0x17d9f2d8, T:table: 0x17e52a00, last_aligned:-1, extra_cost:0, highlighted:false (more...)}
	 from_edition = boolean: false
	 pre_jokers = nil
	 ret = table: 0x1847d6e0  {}
	 (for generator) = C function: builtin#6
	 (for state) = table: 0x17d14380  {1:chips, 2:h_chips, 3:chip_mod, 4:mult, 5:h_mult, 6:mult_mod, 7:x_chips, 8:xchips, 9:Xchip_mod, 10:x_mult, 11:Xmult, 12:xmult, 13:x_mult_mod (more...)}
	 (for control) = number: 12
	 _ = number: 12
	 key = string: "xmult"
(6) Lua field 'calculate_effect_table_key' at Steamodded file 'src/utils.lua:1399' 
	Local variables:
	 effect_table = table: 0x17e0d2d0  {jokers:table: 0x18347da8}
	 key = string: "jokers"
	 card = table: 0x18309f20  {click_offset:table: 0x17d8eec8, static_rotation:false, rank:1, parent:table: 0x17d9f2d8, T:table: 0x17e52a00, last_aligned:-1, extra_cost:0, highlighted:false (more...)}
	 ret = table: 0x183c8728  {}
	 effect = table: 0x18347da8  {xmult:2.1, card:table: 0x18309f20, colour:table: 0x17c02aa0, message:X2.1}
(7) Lua field 'trigger_effects' at Steamodded file 'src/utils.lua:1377' 
	Local variables:
	 effects = table: 0x18200720  {1:table: 0x17e0d2d0}
	 card = table: 0x18309f20  {click_offset:table: 0x17d8eec8, static_rotation:false, rank:1, parent:table: 0x17d9f2d8, T:table: 0x17e52a00, last_aligned:-1, extra_cost:0, highlighted:false (more...)}
	 ret = table: 0x183c8728  {}
	 (for generator) = C function: builtin#6
	 (for state) = table: 0x18200720  {1:table: 0x17e0d2d0}
	 (for control) = number: 1
	 _ = number: 1
	 effect_table = table: 0x17e0d2d0  {jokers:table: 0x18347da8}
	 (for generator) = C function: builtin#6
	 (for state) = table: 0x181bc428  {1:jokers, 2:retriggers}
	 (for control) = number: 1
	 _ = number: 1
	 key = string: "jokers"
(8) Lua field 'calculate_card_areas' at Steamodded file 'src/utils.lua:1686' 
	Local variables:
	 _type = string: "jokers"
	 context = table: 0x184a7b20  {to_area:table: 0x17db6fc8, from_area:table: 0x183b1fc0, cardarea:table: 0x17d9f2d8, main_eval:true, other_card:table: 0x17de0600, stay_flipped:true (more...)}
	 return_table = nil
	 args = table: 0x184bd6d8  {joker_area:true}
	 flags = table: 0x17dc8c40  {}
	 (for generator) = C function: builtin#6
	 (for state) = table: 0x181df470  {1:table: 0x17d9f2d8, 2:table: 0x182040e0, 3:table: 0x17c47768}
	 (for control) = number: 1
	 _ = number: 1
	 area = table: 0x17d9f2d8  {click_offset:table: 0x17f73580, static_rotation:false, shuffle_amt:0, T:table: 0x1847d9a8, offset:table: 0x17dc7fc0, role:table: 0x17e20100, last_aligned:-1 (more...)}
	 (for generator) = C function: builtin#6
	 (for state) = table: 0x183aa438  {1:table: 0x18309f20, 2:table: 0x181f55b8, 3:table: 0x186e4890, 4:table: 0x18320878, 5:table: 0x17e10f00}
	 (for control) = number: 1
	 _ = number: 1
	 _card = table: 0x18309f20  {click_offset:table: 0x17d8eec8, static_rotation:false, rank:1, parent:table: 0x17d9f2d8, T:table: 0x17e52a00, last_aligned:-1, extra_cost:0, highlighted:false (more...)}
	 eval = table: 0x17e0d2d0  {jokers:table: 0x18347da8}
	 post = table: 0x1817ff90  {}
	 effects = table: 0x18200720  {1:table: 0x17e0d2d0}
(9) Lua field 'calculate_context' at Steamodded file 'src/utils.lua:1882' 
	Local variables:
	 context = table: 0x184a7b20  {to_area:table: 0x17db6fc8, from_area:table: 0x183b1fc0, cardarea:table: 0x17d9f2d8, main_eval:true, other_card:table: 0x17de0600, stay_flipped:true (more...)}
	 return_table = nil
	 no_resolve = nil
	 has_area = nil
	 flags = table: 0x18278298  {}
	 (*temporary) = number: 1
(10) Lua method 'stay_flipped' at Steamodded file 'src/overrides.lua:2319' 
	Local variables:
	 self = table: 0x186fe398  {click_offset:table: 0x186fe520, children:table: 0x186ff488, ambient_tilt:0.3, parent:table: 0x1879d570, mult:1, T:table: 0x186fe498, offset:table: 0x186ff368 (more...)}
	 to_area = table: 0x17db6fc8  {click_offset:table: 0x17c165d0, static_rotation:false, shuffle_amt:0, T:table: 0x17e2eea0, offset:table: 0x17c06c78, role:table: 0x17ffb850, last_aligned:-1 (more...)}
	 card = table: 0x17de0600  {click_offset:table: 0x17afcb50, under_overlay:false, children:table: 0x17dca6d8, ambient_tilt:0.2, shadow_height:0.2, T:table: 0x17cfba18, offset:table: 0x1864b058 (more...)}
	 from_area = table: 0x183b1fc0  {click_offset:table: 0x18415028, static_rotation:false, shuffle_amt:0, T:table: 0x18197250, offset:table: 0x17c49ca8, role:table: 0x18002fa0, last_aligned:-1 (more...)}
	 ret = nil
(11) Lua field 'func' at file 'functions/common_events.lua:404'
(12) Lua method 'handle' at file 'engine/event.lua:93'
	Local variables:
	 self = table: 0x17e988d0  {start_timer:true, timer:TOTAL, blockable:true, trigger:before, func:function: 0x17e98888, delay:0.1, complete:false, time:28.153636927145, blocking:true (more...)}
	 _results = table: 0x183cdf70  {blocking:true, pause_skip:false, time_done:false, completed:false}
(13) Lua method 'update' at file 'engine/event.lua:182'
	Local variables:
	 self = table: 0x181a8d70  {queue_last_processed:14.9, queues:table: 0x181a8d98, queue_dt:0.016666666666667, queue_timer:14.941491862008}
	 dt = number: 0.0168006
	 forced = nil
	 (for generator) = C function: next
	 (for state) = table: 0x181a8d98  {unlock:table: 0x181a8e88, other:table: 0x181a8f28, tutorial:table: 0x181a8ed8, base:table: 0x181a8eb0, achievement:table: 0x181a8f00}
	 (for control) = number: nan
	 k = string: "base"
	 v = table: 0x181a8eb0  {1:table: 0x181ff270, 2:table: 0x17e988d0, 3:table: 0x1898adc0, 4:table: 0x18866f78, 5:table: 0x18867078, 6:table: 0x188d43d0, 7:table: 0x188d4420 (more...)}
	 blocked = boolean: false
	 i = number: 2
	 results = table: 0x183cdf70  {blocking:true, pause_skip:false, time_done:false, completed:false}
(14) Lua upvalue 'gameUpdateRef' at file 'game.lua:2578'
	Local variables:
	 self = table: 0x17bfde88  {F_GUIDE:false, F_CRASH_REPORTS:false, F_QUIT_BUTTON:true, HUD_tags:table: 0x1879a958, F_ENGLISH_ONLY:false, viewed_stake:1, HUD:table: 0x1871e470 (more...)}
	 dt = number: 0.0168006
	 http_resp = nil
(15) Lua method 'update' at Steamodded file 'src/ui.lua:124' 
	Local variables:
	 self = table: 0x17bfde88  {F_GUIDE:false, F_CRASH_REPORTS:false, F_QUIT_BUTTON:true, HUD_tags:table: 0x1879a958, F_ENGLISH_ONLY:false, viewed_stake:1, HUD:table: 0x1871e470 (more...)}
	 dt = number: 0.0168006
(16) Lua field 'update' at file 'main.lua:1011'
	Local variables:
	 dt = number: 0.0168006
(17) Lua function '?' at file 'main.lua:950' (best guess)
(18) global C function 'xpcall'
(19) LÖVE function at file 'boot.lua:377' (best guess)
	Local variables:
	 func = Lua function '?' (defined at line 921 of chunk main.lua)
	 inerror = boolean: true
	 deferErrhand = Lua function '(LÖVE Function)' (defined at line 348 of chunk [love "boot.lua"])
	 earlyinit = Lua function '(LÖVE Function)' (defined at line 355 of chunk [love "boot.lua"])
 
INFO - [G] line not found
INFO - [G] file not found: main.lua: No such file or directory
INFO - [G] file not found: main.lua: No such file or directory
INFO - [G] 2025-09-17 10:18:50 :: INFO  :: StackTrace :: Additional Context:
Balatro Version: 1.0.1o-FULL
Modded Version: 1.0.0~BETA-0906c-STEAMODDED
LÖVE Version: 11.5.0
Lovely Version: 0.8.0
Platform: Windows
Steamodded Mods:
    1: Simple by Gon, Wolfy_Stacy, Richard_Nixon [ID: SimpleJoker]
    2: DebugPlus by WilsontheWolf [ID: DebugPlus, Version: 1.5.1, Uses Lovely]
Lovely Mods: 
