INFO - [♥] Lovely 0.8.0
INFO - [♥] Game directory is at "C:\\Program Files (x86)\\Steam\\steamapps\\common\\Balatro"
INFO - [♥] Writing logs to "C:\\Users\\irene\\AppData\\Roaming\\Balatro\\Mods\\lovely\\log"
INFO - [♥] Using mod directory at "C:\\Users\\irene\\AppData\\Roaming\\Balatro\\Mods"
WARN - [♥] Unknown key `patches.0.?.match_indent` found in patch file at "C:\\Users\\irene\\AppData\\Roaming\\Balatro\\Mods\\smods-main\\lovely\\scoring_calculation.toml", ignoring it
INFO - [♥] Cleaning up dumps directory at "C:\\Users\\irene\\AppData\\Roaming\\Balatro\\Mods\\lovely\\dump"
INFO - [♥] Initialization complete in 98ms
INFO - [♥] Applied 1 patch to 'conf.lua'
INFO - [♥] Applied 11 patches to 'main.lua'
INFO - [♥] Applied 10 patches to 'engine/controller.lua'
INFO - [♥] Applied 15 patches to 'back.lua'
INFO - [♥] Applied 8 patches to 'tag.lua'
INFO - [♥] Applied 2 patches to 'engine/moveable.lua'
INFO - [♥] Applied 2 patches to 'engine/sprite.lua'
INFO - [♥] Applied 2 patches to 'engine/animatedsprite.lua'
INFO - [♥] Applied 78 patches to 'functions/misc_functions.lua'
INFO - [♥] Applied 52 patches to 'game.lua'
INFO - [♥] Applied 1 patch to 'globals.lua'
INFO - [♥] Applied 7 patches to 'engine/ui.lua'
INFO - [♥] Applied 106 patches to 'functions/UI_definitions.lua'
INFO - [♥] Applied 55 patches to 'functions/state_events.lua'
INFO - [♥] Applied 122 patches to 'functions/common_events.lua'
INFO - [♥] Applied 54 patches to 'functions/button_callbacks.lua'
WARN - [♥] Regex 'localize\\(\'k_upgrade_ex\'\\)\\}\\); return true\n[ \\t]*end\\}\\)\\)\n[ \\t]*end\n(?<indent>[ \\t]*)return' on target 'card.lua' for regex patch from smods-main\lovely\joker_retriggers.toml resulted in no matches
WARN - [♥] Regex '[ \\t]*G\\.C\\.MULT\\}\\)\n[ \\t]*return true\n[ \\t]*end\\)\\}\\)\\)\n(?<indent>[ \\t]*)end' on target 'card.lua' for regex patch from smods-main\lovely\joker_retriggers.toml resulted in no matches
WARN - [♥] Regex '[ \\t]*func = function\\(\\) card_eval_status_text\\(self, \'extra\', nil, nil, nil, \\{message = localize\\{type = \'variable\', key = \'a_xmult\', vars = \\{self\\.ability\\.caino_xmult\\}\\}\\}\\); return true\n(?<indent>[ \\t]*)end\\}\\)\\)' on target 'card.lua' for regex patch from smods-main\lovely\joker_retriggers.toml resulted in no matches
WARN - [♥] Regex 'glass_cards\\}\\}\\}\\)\n[ \\t]*return true\n[ \\t]*end\n(?<indent>[ \\t]*)\\}\\)\\)' on target 'card.lua' for regex patch from smods-main\lovely\joker_retriggers.toml resulted in no matches
INFO - [♥] Applied 218 patches to 'card.lua'
INFO - [♥] Applied 20 patches to 'cardarea.lua'
INFO - [♥] Applied 40 patches to 'blind.lua'
INFO - [♥] Applied 10 patches to 'card_character.lua'
INFO - [♥] Applied 10 patches to 'engine/text.lua'
INFO - [G] Failed to connect to the debug server 
INFO - [G] 2025-09-15 15:30:44 :: DEBUG :: DebugConsole :: Steamodded Debug Socket started ! 
INFO - [G] 2025-09-15 15:30:44 :: INFO  :: SMODS :: Steamodded v1.0.0~BETA-0906c 
INFO - [♥] Applied 9 patches to 'engine/sound_manager.lua'
INFO - [♥] Applied 1 patch to 'engine/save_manager.lua'
INFO - [G] 2025-09-15 15:30:47 :: ERROR :: Loader :: Found invalid metadata JSON file at C:\Users\irene\AppData\Roaming\Balatro\Mods/.vscode/settings.json, ignoring: [SMODS _ "src/loader.lua"]:226: id 
INFO - [G] 2025-09-15 15:30:47 :: ERROR :: Loader :: Found invalid metadata JSON file at C:\Users\irene\AppData\Roaming\Balatro\Mods/DebugPlus-master/.luarc.json, ignoring: [SMODS _ "src/loader.lua"]:226: id 
INFO - [G] 2025-09-15 15:30:47 :: ERROR :: Loader :: Found invalid metadata JSON file at C:\Users\irene\AppData\Roaming\Balatro\Mods/DebugPlus-master/dev/.luarc.json, ignoring: [SMODS _ "src/loader.lua"]:226: id 
INFO - [G] 2025-09-15 15:30:47 :: INFO  :: Loader :: Valid JSON file found 
INFO - [G] 2025-09-15 15:30:47 :: TRACE :: Loader :: Processing Mod file (Legacy header): Main.lua 
INFO - [G] 2025-09-15 15:30:47 :: TRACE :: Loader :: Saving Mod Info: SimpleJoker 
INFO - [G] 2025-09-15 15:30:47 :: INFO  :: TIMER :: [0000] Injected Fonts in 0.007 ms 
INFO - [G] 2025-09-15 15:30:47 :: INFO  :: TIMER :: [0000] Injected DynaTextEffects in 0.002 ms 
INFO - [G] 2025-09-15 15:30:47 :: INFO  :: TIMER :: [0000] Injected Language in 0.002 ms 
INFO - [G] 2025-09-15 15:30:47 :: INFO  :: TIMER :: [0000] Injected [INTERNAL] in 2.863 ms 
INFO - [G] 2025-09-15 15:30:48 :: INFO  :: TIMER :: [0008] Injected Atlas in 613.634 ms 
INFO - [G] 2025-09-15 15:30:48 :: INFO  :: TIMER :: [0002] Injected Sound in 0.994 ms 
INFO - [G] 2025-09-15 15:30:48 :: INFO  :: TIMER :: [0008] Injected Stake in 0.383 ms 
INFO - [G] 2025-09-15 15:30:48 :: INFO  :: TIMER :: [0004] Injected Rarity in 0.390 ms 
INFO - [G] 2025-09-15 15:30:48 :: INFO  :: TIMER :: [0004] Injected ObjectType in 0.156 ms 
INFO - [G] 2025-09-15 15:30:48 :: INFO  :: TIMER :: [0053] Injected Center in 0.854 ms 
INFO - [G] 2025-09-15 15:30:48 :: INFO  :: TIMER :: [0007] Injected Undiscovered Sprite in 0.080 ms 
INFO - [G] 2025-09-15 15:30:48 :: INFO  :: TIMER :: [0004] Injected Blind in 0.188 ms 
INFO - [G] 2025-09-15 15:30:48 :: INFO  :: TIMER :: [0004] Injected Seal in 0.709 ms 
INFO - [G] 2025-09-15 15:30:48 :: INFO  :: TIMER :: [0004] Injected Suit in 0.808 ms 
INFO - [G] 2025-09-15 15:30:48 :: INFO  :: TIMER :: [0013] Injected Rank in 0.629 ms 
INFO - [G] 2025-09-15 15:30:48 :: INFO  :: TIMER :: [0028] Injected DeckSkin in 0.788 ms 
INFO - [G] 2025-09-15 15:30:48 :: INFO  :: TIMER :: [0017] Injected JimboQuip in 0.197 ms 
INFO - [G] 2025-09-15 15:30:48 :: INFO  :: TIMER :: [0012] Injected PokerHand in 0.639 ms 
INFO - [G] 2025-09-15 15:30:48 :: INFO  :: TIMER :: [0020] Injected Challenge in 0.148 ms 
INFO - [G] 2025-09-15 15:30:48 :: INFO  :: TIMER :: [0000] Injected Tag in 0.003 ms 
INFO - [G] 2025-09-15 15:30:48 :: INFO  :: TIMER :: [0004] Injected Sticker in 0.710 ms 
INFO - [G] 2025-09-15 15:30:48 :: INFO  :: TIMER :: [0000] Injected Shader in 0.002 ms 
INFO - [G] 2025-09-15 15:30:48 :: INFO  :: TIMER :: [0002] Injected Keybind in 0.106 ms 
INFO - [G] 2025-09-15 15:30:48 :: INFO  :: TIMER :: [0000] Injected Achievement in 0.350 ms 
INFO - [G] 2025-09-15 15:30:48 :: INFO  :: TIMER :: [0002] Injected nil in 0.089 ms 
INFO - [G] 2025-09-15 15:30:48 :: INFO  :: TIMER :: [0002] Injected Scoring_Parameters in 0.544 ms 
INFO - [G] 2025-09-15 15:30:48 :: INFO  :: TIMER :: [0003] Injected Scoring_Calculations in 0.198 ms 
INFO - [G] 2025-09-15 15:30:48 :: INFO  :: TIMER :: [0021] Injected Draw Step in 0.252 ms 
INFO - [G] 2025-09-15 15:30:48 :: INFO  :: TIMER :: [0000] Injected [INTERNAL] in 0.600 ms 
INFO - [G] [DebugPlus] Press [-] to toggle console and press [shift] + [-] to toggle new log previews 
INFO - [G] line not found
INFO - [G] file not found: main.lua: No such file or directory
INFO - [G] file not found: main.lua: No such file or directory
INFO - [G] 2025-09-15 15:31:13 :: ERROR :: StackTrace :: Oops! The game crashed
[SMODS SimpleJoker "Main.lua"]:249: attempt to concatenate field 'mult' (a nil value)
Stack Traceback
===============
(1) Lua upvalue 'orig' at file 'main.lua:612'
	Local variables:
	 msg = string: "[SMODS SimpleJoker \"Main.lua\"]:249: attempt to concatenate field 'mult' (a nil value)"
	 (*temporary) = Lua function '?' (defined at line 31 of chunk [SMODS _ "src/logging.lua"])
	 (*temporary) = string: "Oops! The game crashed\
"
(2) Lua local 'handler' at file 'debugplus/console.lua:606' (from lovely module debugplus.console)
	Local variables:
	 msg = string: "[SMODS SimpleJoker \"Main.lua\"]:249: attempt to concatenate field 'mult' (a nil value)"
(3) LÖVE metamethod at file 'boot.lua:352'
	Local variables:
	 errhand = Lua function '(LÖVE Function)' (defined at line 605 of chunk [lovely debugplus.console "debugplus/console.lua"])
	 handler = Lua function '(LÖVE Function)' (defined at line 605 of chunk [lovely debugplus.console "debugplus/console.lua"])
(4) Lua method 'calculate' at file 'Main.lua:249' (from mod with id SimpleJoker)
	Local variables:
	 self = table: 0x13ab3788  {alerted:true, _saved_d_u:true, original_key:21_kid, mod:table: 0x134dc4a0, unlocked:true, registered:true, _discovered_unlocked_overwritten:true (more...)}
	 card = table: 0x13e234c8  {click_offset:table: 0x13c725f0, static_rotation:false, rank:1, parent:table: 0x139ea200, T:table: 0x13f3ac00, last_aligned:-1, extra_cost:0, highlighted:false (more...)}
	 context = table: 0x13a713f8  {poker_hands:table: 0x134c4338, scoring_name:Pair, scoring_hand:table: 0x13a47680, full_hand:table: 0x134902e8, cardarea:table: 0x139ea200, joker_main:true (more...)}
	 found_9 = boolean: true
	 found_10 = boolean: true
	 (*temporary) = table: 0x13f43aa8  {sounds:21_kid_sound, xmult:2.1, card:table: 0x13e234c8}
	 (*temporary) = string: "X"
	 (*temporary) = nil
	 (*temporary) = nil
	 (*temporary) = nil
	 (*temporary) = number: 6
	 (*temporary) = table: 0x13a0b618  {click_offset:table: 0x13810640, under_overlay:false, children:table: 0x134e4880, ambient_tilt:0.2, parent:table: 0x1350bd50, shadow_height:0.1 (more...)}
	 (*temporary) = string: "attempt to concatenate field 'mult' (a nil value)"
(5) Lua upvalue 'calculate_joker_ref' at file 'card.lua:2611'
	Local variables:
	 self = table: 0x13e234c8  {click_offset:table: 0x13c725f0, static_rotation:false, rank:1, parent:table: 0x139ea200, T:table: 0x13f3ac00, last_aligned:-1, extra_cost:0, highlighted:false (more...)}
	 context = table: 0x13a713f8  {poker_hands:table: 0x134c4338, scoring_name:Pair, scoring_hand:table: 0x13a47680, full_hand:table: 0x134902e8, cardarea:table: 0x139ea200, joker_main:true (more...)}
	 obj = table: 0x13ab3788  {alerted:true, _saved_d_u:true, original_key:21_kid, mod:table: 0x134dc4a0, unlocked:true, registered:true, _discovered_unlocked_overwritten:true (more...)}
(6) Lua method 'calculate_joker' at Steamodded file 'src/overrides.lua:2399' 
	Local variables:
	 self = table: 0x13e234c8  {click_offset:table: 0x13c725f0, static_rotation:false, rank:1, parent:table: 0x139ea200, T:table: 0x13f3ac00, last_aligned:-1, extra_cost:0, highlighted:false (more...)}
	 context = table: 0x13a713f8  {poker_hands:table: 0x134c4338, scoring_name:Pair, scoring_hand:table: 0x13a47680, full_hand:table: 0x134902e8, cardarea:table: 0x139ea200, joker_main:true (more...)}
(7) Lua upvalue 'eval_card_ref' at file 'functions/common_events.lua:758'
	Local variables:
	 card = table: 0x13e234c8  {click_offset:table: 0x13c725f0, static_rotation:false, rank:1, parent:table: 0x139ea200, T:table: 0x13f3ac00, last_aligned:-1, extra_cost:0, highlighted:false (more...)}
	 context = table: 0x13a713f8  {poker_hands:table: 0x134c4338, scoring_name:Pair, scoring_hand:table: 0x13a47680, full_hand:table: 0x134902e8, cardarea:table: 0x139ea200, joker_main:true (more...)}
	 ret = table: 0x13a71420  {}
	 post_trig = table: 0x13a71448  {}
	 areas = table: 0x13a71470  {1:table: 0x139ea200, 2:table: 0x13a7c020, 3:table: 0x1370f080}
	 area_set = table: 0x13cac878  {table: 0x139ea200:true, table: 0x13a7c020:true, table: 0x1370f080:true}
(8) Lua global 'eval_card' at Steamodded file 'src/overrides.lua:2383' 
	Local variables:
	 card = table: 0x13e234c8  {click_offset:table: 0x13c725f0, static_rotation:false, rank:1, parent:table: 0x139ea200, T:table: 0x13f3ac00, last_aligned:-1, extra_cost:0, highlighted:false (more...)}
	 context = table: 0x13a713f8  {poker_hands:table: 0x134c4338, scoring_name:Pair, scoring_hand:table: 0x13a47680, full_hand:table: 0x134902e8, cardarea:table: 0x139ea200, joker_main:true (more...)}
(9) Lua field 'evaluate_play' at file 'functions/state_events.lua:640'
	Local variables:
	 e = nil
	 text = string: "Pair"
	 disp_text = string: "Pair"
	 poker_hands = table: 0x134c4338  {Flush House:table: 0x13566980, Full House:table: 0x135669a8, top:table: 0x135d0578, Flush:table: 0x1345bc80, Pair:table: 0x13e48e10, Four of a Kind:table: 0x13f4d2f0 (more...)}
	 scoring_hand = table: 0x13a47680  {1:table: 0x1390b760, 2:table: 0x13abe930}
	 non_loc_disp_text = string: "Pair"
	 final_scoring_hand = table: 0x13a47680  {1:table: 0x1390b760, 2:table: 0x13abe930}
	 hand_text_set = boolean: false
	 modded = nil
	 (for generator) = C function: builtin#6
	 (for state) = table: 0x134fdb98  {1:table: 0x139ea200, 2:table: 0x13a7c020, 3:table: 0x1370f080}
	 (for control) = number: 1
	 _ = number: 1
	 area = table: 0x139ea200  {click_offset:table: 0x1394a478, static_rotation:false, shuffle_amt:0, T:table: 0x1394a800, offset:table: 0x13888c68, role:table: 0x137da2b0, last_aligned:-1 (more...)}
	 (for generator) = C function: builtin#6
	 (for state) = table: 0x134c3c10  {1:table: 0x13e234c8, 2:table: 0x13c3d5b8, 3:table: 0x1408b7a0, 4:table: 0x14135a10}
	 (for control) = number: 1
	 _ = number: 1
	 _card = table: 0x13e234c8  {click_offset:table: 0x13c725f0, static_rotation:false, rank:1, parent:table: 0x139ea200, T:table: 0x13f3ac00, last_aligned:-1, extra_cost:0, highlighted:false (more...)}
	 effects = table: 0x134fdbe0  {}
	 eval = table: 0x1412d5c8  {}
(10) Lua field 'func' at file 'functions/state_events.lua:493'
(11) Lua method 'handle' at file 'engine/event.lua:99'
	Local variables:
	 self = table: 0x13817980  {start_timer:true, timer:TOTAL, blockable:true, trigger:immediate, func:function: 0x140fd2a0, delay:0, complete:false, time:74.666189389926, blocking:true (more...)}
	 _results = table: 0x13895578  {blocking:true, pause_skip:false, time_done:false, completed:false}
(12) Lua method 'update' at file 'engine/event.lua:182'
	Local variables:
	 self = table: 0x137acc20  {queue_last_processed:24.766666666667, queues:table: 0x137ac9b8, queue_dt:0.016666666666667, queue_timer:24.808940952404}
	 dt = number: 0.0165989
	 forced = nil
	 (for generator) = C function: next
	 (for state) = table: 0x137ac9b8  {unlock:table: 0x137acaa8, other:table: 0x13544a70, tutorial:table: 0x137acaf8, base:table: 0x137acad0, achievement:table: 0x13544a48}
	 (for control) = number: nan
	 k = string: "base"
	 v = table: 0x137acad0  {1:table: 0x139e1d80, 2:table: 0x134296b8, 3:table: 0x13817980, 4:table: 0x13c70368, 5:table: 0x1407fa28, 6:table: 0x138401f8, 7:table: 0x13a846f8 (more...)}
	 blocked = boolean: false
	 i = number: 3
	 results = table: 0x13895578  {blocking:true, pause_skip:false, time_done:false, completed:false}
(13) Lua upvalue 'gameUpdateRef' at file 'game.lua:2578'
	Local variables:
	 self = table: 0x131de038  {F_GUIDE:false, F_CRASH_REPORTS:false, F_QUIT_BUTTON:true, HUD_tags:table: 0x13c86f20, F_ENGLISH_ONLY:false, viewed_stake:1, HUD:table: 0x138fa650 (more...)}
	 dt = number: 0.0165989
	 http_resp = nil
(14) Lua method 'update' at Steamodded file 'src/ui.lua:124' 
	Local variables:
	 self = table: 0x131de038  {F_GUIDE:false, F_CRASH_REPORTS:false, F_QUIT_BUTTON:true, HUD_tags:table: 0x13c86f20, F_ENGLISH_ONLY:false, viewed_stake:1, HUD:table: 0x138fa650 (more...)}
	 dt = number: 0.0165989
(15) Lua field 'update' at file 'main.lua:1011'
	Local variables:
	 dt = number: 0.0165989
(16) Lua function '?' at file 'main.lua:950' (best guess)
(17) global C function 'xpcall'
(18) LÖVE function at file 'boot.lua:377' (best guess)
	Local variables:
	 func = Lua function '?' (defined at line 921 of chunk main.lua)
	 inerror = boolean: true
	 deferErrhand = Lua function '(LÖVE Function)' (defined at line 348 of chunk [love "boot.lua"])
	 earlyinit = Lua function '(LÖVE Function)' (defined at line 355 of chunk [love "boot.lua"])
 
INFO - [G] file not found: main.lua: No such file or directory
INFO - [G] file not found: main.lua: No such file or directory
INFO - [G] 2025-09-15 15:31:13 :: INFO  :: StackTrace :: Additional Context:
Balatro Version: 1.0.1o-FULL
Modded Version: 1.0.0~BETA-0906c-STEAMODDED
LÖVE Version: 11.5.0
Lovely Version: 0.8.0
Platform: Windows
Steamodded Mods:
    1: Simple by Gonçalo, Braz, Hernani [ID: SimpleJoker]
    2: DebugPlus by WilsontheWolf [ID: DebugPlus, Version: 1.5.1, Uses Lovely]
Lovely Mods: 
