INFO - [♥] Lovely 0.8.0
INFO - [♥] Game directory is at "C:\\Program Files (x86)\\Steam\\steamapps\\common\\Balatro"
INFO - [♥] Writing logs to "C:\\Users\\irene\\AppData\\Roaming\\Balatro\\Mods\\lovely\\log"
INFO - [♥] Using mod directory at "C:\\Users\\irene\\AppData\\Roaming\\Balatro\\Mods"
WARN - [♥] Unknown key `patches.0.?.match_indent` found in patch file at "C:\\Users\\irene\\AppData\\Roaming\\Balatro\\Mods\\smods-main\\lovely\\scoring_calculation.toml", ignoring it
INFO - [♥] Cleaning up dumps directory at "C:\\Users\\irene\\AppData\\Roaming\\Balatro\\Mods\\lovely\\dump"
INFO - [♥] Initialization complete in 147ms
INFO - [♥] Applied 1 patch to 'conf.lua'
INFO - [♥] Applied 11 patches to 'main.lua'
INFO - [♥] Applied 10 patches to 'engine/controller.lua'
INFO - [♥] Applied 15 patches to 'back.lua'
INFO - [♥] Applied 8 patches to 'tag.lua'
INFO - [♥] Applied 2 patches to 'engine/moveable.lua'
INFO - [♥] Applied 2 patches to 'engine/sprite.lua'
INFO - [♥] Applied 2 patches to 'engine/animatedsprite.lua'
INFO - [♥] Applied 78 patches to 'functions/misc_functions.lua'
INFO - [♥] Applied 52 patches to 'game.lua'
INFO - [♥] Applied 1 patch to 'globals.lua'
INFO - [♥] Applied 7 patches to 'engine/ui.lua'
INFO - [♥] Applied 106 patches to 'functions/UI_definitions.lua'
INFO - [♥] Applied 55 patches to 'functions/state_events.lua'
INFO - [♥] Applied 122 patches to 'functions/common_events.lua'
INFO - [♥] Applied 54 patches to 'functions/button_callbacks.lua'
WARN - [♥] Regex 'localize\\(\'k_upgrade_ex\'\\)\\}\\); return true\n[ \\t]*end\\}\\)\\)\n[ \\t]*end\n(?<indent>[ \\t]*)return' on target 'card.lua' for regex patch from smods-main\lovely\joker_retriggers.toml resulted in no matches
WARN - [♥] Regex '[ \\t]*G\\.C\\.MULT\\}\\)\n[ \\t]*return true\n[ \\t]*end\\)\\}\\)\\)\n(?<indent>[ \\t]*)end' on target 'card.lua' for regex patch from smods-main\lovely\joker_retriggers.toml resulted in no matches
WARN - [♥] Regex '[ \\t]*func = function\\(\\) card_eval_status_text\\(self, \'extra\', nil, nil, nil, \\{message = localize\\{type = \'variable\', key = \'a_xmult\', vars = \\{self\\.ability\\.caino_xmult\\}\\}\\}\\); return true\n(?<indent>[ \\t]*)end\\}\\)\\)' on target 'card.lua' for regex patch from smods-main\lovely\joker_retriggers.toml resulted in no matches
WARN - [♥] Regex 'glass_cards\\}\\}\\}\\)\n[ \\t]*return true\n[ \\t]*end\n(?<indent>[ \\t]*)\\}\\)\\)' on target 'card.lua' for regex patch from smods-main\lovely\joker_retriggers.toml resulted in no matches
INFO - [♥] Applied 218 patches to 'card.lua'
INFO - [♥] Applied 20 patches to 'cardarea.lua'
INFO - [♥] Applied 40 patches to 'blind.lua'
INFO - [♥] Applied 10 patches to 'card_character.lua'
INFO - [♥] Applied 10 patches to 'engine/text.lua'
INFO - [G] Failed to connect to the debug server 
INFO - [G] 2025-09-13 23:22:36 :: DEBUG :: DebugConsole :: Steamodded Debug Socket started ! 
INFO - [G] 2025-09-13 23:22:36 :: INFO  :: SMODS :: Steamodded v1.0.0~BETA-0906c 
INFO - [♥] Applied 9 patches to 'engine/sound_manager.lua'
INFO - [♥] Applied 1 patch to 'engine/save_manager.lua'
INFO - [G] 2025-09-13 23:22:39 :: ERROR :: Loader :: Found invalid metadata JSON file at C:\Users\irene\AppData\Roaming\Balatro\Mods/.vscode/settings.json, ignoring: [SMODS _ "src/loader.lua"]:226: id 
INFO - [G] 2025-09-13 23:22:39 :: ERROR :: Loader :: Found invalid metadata JSON file at C:\Users\irene\AppData\Roaming\Balatro\Mods/DebugPlus-master/.luarc.json, ignoring: [SMODS _ "src/loader.lua"]:226: id 
INFO - [G] 2025-09-13 23:22:39 :: ERROR :: Loader :: Found invalid metadata JSON file at C:\Users\irene\AppData\Roaming\Balatro\Mods/DebugPlus-master/dev/.luarc.json, ignoring: [SMODS _ "src/loader.lua"]:226: id 
INFO - [G] 2025-09-13 23:22:39 :: INFO  :: Loader :: Valid JSON file found 
INFO - [G] 2025-09-13 23:22:39 :: TRACE :: Loader :: Processing Mod file (Legacy header): Main.lua 
INFO - [G] 2025-09-13 23:22:39 :: TRACE :: Loader :: Saving Mod Info: SimpleJoker 
INFO - [G] 2025-09-13 23:22:39 :: INFO  :: TIMER :: [0000] Injected Fonts in 0.004 ms 
INFO - [G] 2025-09-13 23:22:39 :: INFO  :: TIMER :: [0000] Injected DynaTextEffects in 0.004 ms 
INFO - [G] 2025-09-13 23:22:39 :: INFO  :: TIMER :: [0000] Injected Language in 0.167 ms 
INFO - [G] 2025-09-13 23:22:39 :: INFO  :: TIMER :: [0000] Injected [INTERNAL] in 5.435 ms 
INFO - [G] 2025-09-13 23:22:40 :: INFO  :: TIMER :: [0008] Injected Atlas in 779.367 ms 
INFO - [G] 2025-09-13 23:22:40 :: INFO  :: TIMER :: [0002] Injected Sound in 1.216 ms 
INFO - [G] 2025-09-13 23:22:40 :: INFO  :: TIMER :: [0008] Injected Stake in 1.268 ms 
INFO - [G] 2025-09-13 23:22:40 :: INFO  :: TIMER :: [0004] Injected Rarity in 0.104 ms 
INFO - [G] 2025-09-13 23:22:40 :: INFO  :: TIMER :: [0004] Injected ObjectType in 0.212 ms 
INFO - [G] 2025-09-13 23:22:40 :: INFO  :: TIMER :: [0053] Injected Center in 1.497 ms 
INFO - [G] 2025-09-13 23:22:40 :: INFO  :: TIMER :: [0007] Injected Undiscovered Sprite in 0.079 ms 
INFO - [G] 2025-09-13 23:22:40 :: INFO  :: TIMER :: [0004] Injected Blind in 0.081 ms 
INFO - [G] 2025-09-13 23:22:40 :: INFO  :: TIMER :: [0004] Injected Seal in 1.162 ms 
INFO - [G] 2025-09-13 23:22:40 :: INFO  :: TIMER :: [0004] Injected Suit in 0.476 ms 
INFO - [G] 2025-09-13 23:22:40 :: INFO  :: TIMER :: [0013] Injected Rank in 0.914 ms 
INFO - [G] 2025-09-13 23:22:40 :: INFO  :: TIMER :: [0028] Injected DeckSkin in 0.995 ms 
INFO - [G] 2025-09-13 23:22:40 :: INFO  :: TIMER :: [0017] Injected JimboQuip in 0.225 ms 
INFO - [G] 2025-09-13 23:22:40 :: INFO  :: TIMER :: [0012] Injected PokerHand in 0.327 ms 
INFO - [G] 2025-09-13 23:22:40 :: INFO  :: TIMER :: [0020] Injected Challenge in 0.160 ms 
INFO - [G] 2025-09-13 23:22:40 :: INFO  :: TIMER :: [0000] Injected Tag in 0.003 ms 
INFO - [G] 2025-09-13 23:22:40 :: INFO  :: TIMER :: [0004] Injected Sticker in 0.786 ms 
INFO - [G] 2025-09-13 23:22:40 :: INFO  :: TIMER :: [0000] Injected Shader in 0.006 ms 
INFO - [G] 2025-09-13 23:22:41 :: INFO  :: TIMER :: [0002] Injected Keybind in 0.069 ms 
INFO - [G] 2025-09-13 23:22:41 :: INFO  :: TIMER :: [0000] Injected Achievement in 0.197 ms 
INFO - [G] 2025-09-13 23:22:41 :: INFO  :: TIMER :: [0002] Injected nil in 0.055 ms 
INFO - [G] 2025-09-13 23:22:41 :: INFO  :: TIMER :: [0002] Injected Scoring_Parameters in 0.502 ms 
INFO - [G] 2025-09-13 23:22:41 :: INFO  :: TIMER :: [0003] Injected Scoring_Calculations in 0.064 ms 
INFO - [G] 2025-09-13 23:22:41 :: INFO  :: TIMER :: [0021] Injected Draw Step in 0.211 ms 
INFO - [G] 2025-09-13 23:22:41 :: INFO  :: TIMER :: [0000] Injected [INTERNAL] in 0.701 ms 
INFO - [G] [DebugPlus] Press [-] to toggle console and press [shift] + [-] to toggle new log previews 
INFO - [G] line not found
INFO - [G] file not found: main.lua: No such file or directory
INFO - [G] file not found: main.lua: No such file or directory
INFO - [G] 2025-09-13 23:22:56 :: ERROR :: StackTrace :: Oops! The game crashed
[SMODS SimpleJoker "Main.lua"]:240: attempt to index field 'other_card' (a nil value)
Stack Traceback
===============
(1) Lua upvalue 'orig' at file 'main.lua:612'
	Local variables:
	 msg = string: "[SMODS SimpleJoker \"Main.lua\"]:240: attempt to index field 'other_card' (a nil value)"
	 (*temporary) = Lua function '?' (defined at line 31 of chunk [SMODS _ "src/logging.lua"])
	 (*temporary) = string: "Oops! The game crashed\
"
(2) Lua local 'handler' at file 'debugplus/console.lua:606' (from lovely module debugplus.console)
	Local variables:
	 msg = string: "[SMODS SimpleJoker \"Main.lua\"]:240: attempt to index field 'other_card' (a nil value)"
(3) LÖVE metamethod at file 'boot.lua:352'
	Local variables:
	 errhand = Lua function '(LÖVE Function)' (defined at line 605 of chunk [lovely debugplus.console "debugplus/console.lua"])
	 handler = Lua function '(LÖVE Function)' (defined at line 605 of chunk [lovely debugplus.console "debugplus/console.lua"])
(4) Lua method 'calculate' at file 'Main.lua:240' (from mod with id SimpleJoker)
	Local variables:
	 self = table: 0x0cbfef28  {alerted:true, _saved_d_u:true, original_key:21_kid, mod:table: 0x0c94dce8, unlocked:true, registered:true, _discovered_unlocked_overwritten:true (more...)}
	 card = table: 0x0d07a910  {sticker_run:NONE, click_offset:table: 0x0d078708, static_rotation:false, children:table: 0x0cffd6d0, ambient_tilt:0.2, parent:table: 0x0c869540 (more...)}
	 context = table: 0x0cdb4ab8  {main_eval:true, ignore_debuff:true, cardarea:table: 0x0c869540, debuff_card:table: 0x0c4c6ab0}
	 (*temporary) = nil
	 (*temporary) = nil
	 (*temporary) = string: "attempt to index field 'other_card' (a nil value)"
(5) Lua upvalue 'calculate_joker_ref' at file 'card.lua:2611'
	Local variables:
	 self = table: 0x0d07a910  {sticker_run:NONE, click_offset:table: 0x0d078708, static_rotation:false, children:table: 0x0cffd6d0, ambient_tilt:0.2, parent:table: 0x0c869540 (more...)}
	 context = table: 0x0cdb4ab8  {main_eval:true, ignore_debuff:true, cardarea:table: 0x0c869540, debuff_card:table: 0x0c4c6ab0}
	 obj = table: 0x0cbfef28  {alerted:true, _saved_d_u:true, original_key:21_kid, mod:table: 0x0c94dce8, unlocked:true, registered:true, _discovered_unlocked_overwritten:true (more...)}
(6) Lua method 'calculate_joker' at Steamodded file 'src/overrides.lua:2399' 
	Local variables:
	 self = table: 0x0d07a910  {sticker_run:NONE, click_offset:table: 0x0d078708, static_rotation:false, children:table: 0x0cffd6d0, ambient_tilt:0.2, parent:table: 0x0c869540 (more...)}
	 context = table: 0x0cdb4ab8  {main_eval:true, ignore_debuff:true, cardarea:table: 0x0c869540, debuff_card:table: 0x0c4c6ab0}
(7) Lua upvalue 'eval_card_ref' at file 'functions/common_events.lua:758'
	Local variables:
	 card = table: 0x0d07a910  {sticker_run:NONE, click_offset:table: 0x0d078708, static_rotation:false, children:table: 0x0cffd6d0, ambient_tilt:0.2, parent:table: 0x0c869540 (more...)}
	 context = table: 0x0cdb4ab8  {main_eval:true, ignore_debuff:true, cardarea:table: 0x0c869540, debuff_card:table: 0x0c4c6ab0}
	 ret = table: 0x0cdb4cd0  {}
	 post_trig = table: 0x0c62c818  {}
	 areas = table: 0x0c62c840  {1:table: 0x0c869540, 2:table: 0x0ca30298, 3:table: 0x0ca385a0}
	 area_set = table: 0x0cf51c70  {table: 0x0ca30298:true, table: 0x0ca385a0:true, table: 0x0c869540:true}
(8) Lua global 'eval_card' at Steamodded file 'src/overrides.lua:2383' 
	Local variables:
	 card = table: 0x0d07a910  {sticker_run:NONE, click_offset:table: 0x0d078708, static_rotation:false, children:table: 0x0cffd6d0, ambient_tilt:0.2, parent:table: 0x0c869540 (more...)}
	 context = table: 0x0cdb4ab8  {main_eval:true, ignore_debuff:true, cardarea:table: 0x0c869540, debuff_card:table: 0x0c4c6ab0}
(9) Lua field 'calculate_card_areas' at Steamodded file 'src/utils.lua:1646' 
	Local variables:
	 _type = string: "jokers"
	 context = table: 0x0cdb4ab8  {main_eval:true, ignore_debuff:true, cardarea:table: 0x0c869540, debuff_card:table: 0x0c4c6ab0}
	 return_table = nil
	 args = table: 0x0cdb4c38  {joker_area:true}
	 flags = table: 0x0cdb4c60  {}
	 (for generator) = C function: builtin#6
	 (for state) = table: 0x0cdb4c88  {1:table: 0x0c869540, 2:table: 0x0ca30298, 3:table: 0x0ca385a0}
	 (for control) = number: 1
	 _ = number: 1
	 area = table: 0x0c869540  {click_offset:table: 0x0c8eaaa0, static_rotation:false, shuffle_amt:0, T:table: 0x0c8eaa78, offset:table: 0x0c6beb18, role:table: 0x0c58bc30, last_aligned:-1 (more...)}
	 (for generator) = C function: builtin#6
	 (for state) = table: 0x0cb96ff8  {1:table: 0x0d07a910}
	 (for control) = number: 1
	 _ = number: 1
	 _card = table: 0x0d07a910  {sticker_run:NONE, click_offset:table: 0x0d078708, static_rotation:false, children:table: 0x0cffd6d0, ambient_tilt:0.2, parent:table: 0x0c869540 (more...)}
(10) Lua field 'calculate_context' at Steamodded file 'src/utils.lua:1882' 
	Local variables:
	 context = table: 0x0cdb4ab8  {main_eval:true, ignore_debuff:true, cardarea:table: 0x0c869540, debuff_card:table: 0x0c4c6ab0}
	 return_table = nil
	 no_resolve = nil
	 has_area = nil
	 flags = table: 0x0cdb4ba8  {}
	 (*temporary) = number: 1
(11) Lua method 'debuff_card' at Steamodded file 'src/overrides.lua:2273' 
	Local variables:
	 self = table: 0x0cd488b0  {click_offset:table: 0x0cd48c08, children:table: 0x0cd49a98, ambient_tilt:0.3, parent:table: 0x0cdbed40, mult:1, T:table: 0x0cd48a50, offset:table: 0x0cd49978 (more...)}
	 card = table: 0x0c4c6ab0  {click_offset:table: 0x0ca42e18, children:table: 0x0c230268, ambient_tilt:0.2, parent:table: 0x0c532990, T:table: 0x0c5ff700, offset:table: 0x0c6296d0 (more...)}
	 from_blind = nil
(12) Lua method 'set_blind' at file 'blind.lua:219'
	Local variables:
	 self = table: 0x0cd488b0  {click_offset:table: 0x0cd48c08, children:table: 0x0cd49a98, ambient_tilt:0.3, parent:table: 0x0cdbed40, mult:1, T:table: 0x0cd48a50, offset:table: 0x0cd49978 (more...)}
	 blind = table: 0x0c66fe08  {order:1, alerted:true, discovered:true, debuff:table: 0x0c66fe58, _saved_d_u:true, key:bl_small, mult:1, vars:table: 0x0c66fe30, defeated:false (more...)}
	 reset = nil
	 silent = nil
	 obj = table: 0x0c66fe08  {order:1, alerted:true, discovered:true, debuff:table: 0x0c66fe58, _saved_d_u:true, key:bl_small, mult:1, vars:table: 0x0c66fe30, defeated:false (more...)}
	 (for generator) = C function: builtin#6
	 (for state) = table: 0x0cac7dd8  {1:table: 0x0c4c6ab0, 2:table: 0x0c8c2570, 3:table: 0x0c6a3d38, 4:table: 0x0cb2b540, 5:table: 0x0c4cc360, 6:table: 0x0c6ccff0, 7:table: 0x0c92dd88 (more...)}
	 (for control) = number: 1
	 _ = number: 1
	 v = table: 0x0c4c6ab0  {click_offset:table: 0x0ca42e18, children:table: 0x0c230268, ambient_tilt:0.2, parent:table: 0x0c532990, T:table: 0x0c5ff700, offset:table: 0x0c6296d0 (more...)}
(13) Lua field 'func' at file 'functions/state_events.lua:278'
	Local variables:
	 blhash = string: "S"
(14) Lua method 'handle' at file 'engine/event.lua:99'
	Local variables:
	 self = table: 0x0c80dc40  {start_timer:true, timer:TOTAL, blockable:true, trigger:immediate, func:function: 0x0c476208, delay:0, complete:false, time:23.078258886065, blocking:true (more...)}
	 _results = table: 0x0cb2b580  {blocking:true, pause_skip:false, time_done:false, completed:false}
(15) Lua method 'update' at file 'engine/event.lua:182'
	Local variables:
	 self = table: 0x0c8700c8  {queue_last_processed:15.25, queues:table: 0x0c8700f0, queue_dt:0.016666666666667, queue_timer:15.278465412986}
	 dt = number: 0.0165998
	 forced = nil
	 (for generator) = C function: next
	 (for state) = table: 0x0c8700f0  {unlock:table: 0x0c8701e0, other:table: 0x0c870280, tutorial:table: 0x0c870230, base:table: 0x0c870208, achievement:table: 0x0c870258}
	 (for control) = number: nan
	 k = string: "base"
	 v = table: 0x0c870208  {1:table: 0x0ca36208, 2:table: 0x0c80dc40, 3:table: 0x0c3ee5a0, 4:table: 0x0c3f1e00, 5:table: 0x0cfe8978, 6:table: 0x0c676030, 7:table: 0x0c988fb0 (more...)}
	 blocked = boolean: false
	 i = number: 2
	 results = table: 0x0cb2b580  {blocking:true, pause_skip:false, time_done:false, completed:false}
(16) Lua upvalue 'gameUpdateRef' at file 'game.lua:2578'
	Local variables:
	 self = table: 0x0c308070  {F_GUIDE:false, F_CRASH_REPORTS:false, F_QUIT_BUTTON:true, HUD_tags:table: 0x0cdbc2d0, F_ENGLISH_ONLY:false, viewed_stake:1, HUD:table: 0x0c98e798 (more...)}
	 dt = number: 0.0165998
	 http_resp = nil
(17) Lua method 'update' at Steamodded file 'src/ui.lua:124' 
	Local variables:
	 self = table: 0x0c308070  {F_GUIDE:false, F_CRASH_REPORTS:false, F_QUIT_BUTTON:true, HUD_tags:table: 0x0cdbc2d0, F_ENGLISH_ONLY:false, viewed_stake:1, HUD:table: 0x0c98e798 (more...)}
	 dt = number: 0.0165998
(18) Lua field 'update' at file 'main.lua:1011'
	Local variables:
	 dt = number: 0.0165998
(19) Lua function '?' at file 'main.lua:950' (best guess)
(20) global C function 'xpcall'
(21) LÖVE function at file 'boot.lua:377' (best guess)
	Local variables:
	 func = Lua function '?' (defined at line 921 of chunk main.lua)
	 inerror = boolean: true
	 deferErrhand = Lua function '(LÖVE Function)' (defined at line 348 of chunk [love "boot.lua"])
	 earlyinit = Lua function '(LÖVE Function)' (defined at line 355 of chunk [love "boot.lua"])
 
INFO - [G] file not found: main.lua: No such file or directory
INFO - [G] file not found: main.lua: No such file or directory
INFO - [G] 2025-09-13 23:22:56 :: INFO  :: StackTrace :: Additional Context:
Balatro Version: 1.0.1o-FULL
Modded Version: 1.0.0~BETA-0906c-STEAMODDED
LÖVE Version: 11.5.0
Lovely Version: 0.8.0
Platform: Windows
Steamodded Mods:
    1: Simple by Gonçalo, Braz, Hernani [ID: SimpleJoker]
    2: DebugPlus by WilsontheWolf [ID: DebugPlus, Version: 1.5.1, Uses Lovely]
Lovely Mods: 
