INFO - [♥] Lovely 0.8.0
INFO - [♥] Game directory is at "C:\\Program Files (x86)\\Steam\\steamapps\\common\\Balatro"
INFO - [♥] Writing logs to "C:\\Users\\irene\\AppData\\Roaming\\Balatro\\Mods\\lovely\\log"
INFO - [♥] Using mod directory at "C:\\Users\\irene\\AppData\\Roaming\\Balatro\\Mods"
WARN - [♥] Unknown key `patches.0.?.match_indent` found in patch file at "C:\\Users\\irene\\AppData\\Roaming\\Balatro\\Mods\\smods-main\\lovely\\scoring_calculation.toml", ignoring it
INFO - [♥] Cleaning up dumps directory at "C:\\Users\\irene\\AppData\\Roaming\\Balatro\\Mods\\lovely\\dump"
INFO - [♥] Initialization complete in 73ms
INFO - [♥] Applied 1 patch to 'conf.lua'
INFO - [♥] Applied 11 patches to 'main.lua'
INFO - [♥] Applied 10 patches to 'engine/controller.lua'
INFO - [♥] Applied 15 patches to 'back.lua'
INFO - [♥] Applied 8 patches to 'tag.lua'
INFO - [♥] Applied 2 patches to 'engine/moveable.lua'
INFO - [♥] Applied 2 patches to 'engine/sprite.lua'
INFO - [♥] Applied 2 patches to 'engine/animatedsprite.lua'
INFO - [♥] Applied 78 patches to 'functions/misc_functions.lua'
INFO - [♥] Applied 52 patches to 'game.lua'
INFO - [♥] Applied 1 patch to 'globals.lua'
INFO - [♥] Applied 7 patches to 'engine/ui.lua'
INFO - [♥] Applied 106 patches to 'functions/UI_definitions.lua'
INFO - [♥] Applied 55 patches to 'functions/state_events.lua'
INFO - [♥] Applied 122 patches to 'functions/common_events.lua'
INFO - [♥] Applied 54 patches to 'functions/button_callbacks.lua'
WARN - [♥] Regex 'localize\\(\'k_upgrade_ex\'\\)\\}\\); return true\n[ \\t]*end\\}\\)\\)\n[ \\t]*end\n(?<indent>[ \\t]*)return' on target 'card.lua' for regex patch from smods-main\lovely\joker_retriggers.toml resulted in no matches
WARN - [♥] Regex '[ \\t]*G\\.C\\.MULT\\}\\)\n[ \\t]*return true\n[ \\t]*end\\)\\}\\)\\)\n(?<indent>[ \\t]*)end' on target 'card.lua' for regex patch from smods-main\lovely\joker_retriggers.toml resulted in no matches
WARN - [♥] Regex '[ \\t]*func = function\\(\\) card_eval_status_text\\(self, \'extra\', nil, nil, nil, \\{message = localize\\{type = \'variable\', key = \'a_xmult\', vars = \\{self\\.ability\\.caino_xmult\\}\\}\\}\\); return true\n(?<indent>[ \\t]*)end\\}\\)\\)' on target 'card.lua' for regex patch from smods-main\lovely\joker_retriggers.toml resulted in no matches
WARN - [♥] Regex 'glass_cards\\}\\}\\}\\)\n[ \\t]*return true\n[ \\t]*end\n(?<indent>[ \\t]*)\\}\\)\\)' on target 'card.lua' for regex patch from smods-main\lovely\joker_retriggers.toml resulted in no matches
INFO - [♥] Applied 218 patches to 'card.lua'
INFO - [♥] Applied 20 patches to 'cardarea.lua'
INFO - [♥] Applied 40 patches to 'blind.lua'
INFO - [♥] Applied 10 patches to 'card_character.lua'
INFO - [♥] Applied 10 patches to 'engine/text.lua'
INFO - [G] Failed to connect to the debug server 
INFO - [G] 2025-09-13 23:01:52 :: DEBUG :: DebugConsole :: Steamodded Debug Socket started ! 
INFO - [G] 2025-09-13 23:01:52 :: INFO  :: SMODS :: Steamodded v1.0.0~BETA-0906c 
INFO - [♥] Applied 9 patches to 'engine/sound_manager.lua'
INFO - [♥] Applied 1 patch to 'engine/save_manager.lua'
INFO - [G] 2025-09-13 23:01:54 :: ERROR :: Loader :: Found invalid metadata JSON file at C:\Users\irene\AppData\Roaming\Balatro\Mods/.vscode/settings.json, ignoring: [SMODS _ "src/loader.lua"]:226: id 
INFO - [G] 2025-09-13 23:01:54 :: ERROR :: Loader :: Found invalid metadata JSON file at C:\Users\irene\AppData\Roaming\Balatro\Mods/DebugPlus-master/.luarc.json, ignoring: [SMODS _ "src/loader.lua"]:226: id 
INFO - [G] 2025-09-13 23:01:54 :: ERROR :: Loader :: Found invalid metadata JSON file at C:\Users\irene\AppData\Roaming\Balatro\Mods/DebugPlus-master/dev/.luarc.json, ignoring: [SMODS _ "src/loader.lua"]:226: id 
INFO - [G] 2025-09-13 23:01:54 :: INFO  :: Loader :: Valid JSON file found 
INFO - [G] 2025-09-13 23:01:54 :: TRACE :: Loader :: Processing Mod file (Legacy header): Main.lua 
INFO - [G] 2025-09-13 23:01:54 :: TRACE :: Loader :: Saving Mod Info: SimpleJoker 
INFO - [G] 2025-09-13 23:01:54 :: INFO  :: TIMER :: [0000] Injected Fonts in 0.003 ms 
INFO - [G] 2025-09-13 23:01:54 :: INFO  :: TIMER :: [0000] Injected DynaTextEffects in 0.003 ms 
INFO - [G] 2025-09-13 23:01:54 :: INFO  :: TIMER :: [0000] Injected Language in 0.003 ms 
INFO - [G] 2025-09-13 23:01:54 :: INFO  :: TIMER :: [0000] Injected [INTERNAL] in 4.593 ms 
INFO - [G] line not found
INFO - [G] file not found: main.lua: No such file or directory
INFO - [G] file not found: main.lua: No such file or directory
INFO - [G] file not found: main.lua: No such file or directory
INFO - [G] 2025-09-13 23:01:55 :: ERROR :: StackTrace :: Oops! The game crashed
[SMODS _ "src/game_object.lua"]:437: Failed to collect file data for Atlas xmpl_21_kid
Stack Traceback
===============
(1) Lua local 'handler' at file 'main.lua:612'
	Local variables:
	 msg = string: "[SMODS _ \"src/game_object.lua\"]:437: Failed to collect file data for Atlas xmpl_21_kid"
	 (*temporary) = Lua function '?' (defined at line 31 of chunk [SMODS _ "src/logging.lua"])
	 (*temporary) = string: "Oops! The game crashed\
"
(2) LÖVE function at file 'boot.lua:352' (best guess)
	Local variables:
	 errhand = Lua function '?' (defined at line 598 of chunk main.lua)
	 handler = Lua function '?' (defined at line 598 of chunk main.lua)
(3) global C function 'assert'
(4) Lua method 'inject' at Steamodded file 'src/game_object.lua:437' 
	Local variables:
	 self = table: 0x374a3500  {full_path:C:\Users\irene\AppData\Roaming\Balatro\Mods/Mod/assets/2x/21_kid, atlas:Atlas, _saved_d_u:true, original_key:21_kid, px:71, path:21_kid (more...)}
	 file_path = string: "21_kid"
(5) Lua method 'inject_class' at Steamodded file 'src/game_object.lua:183' 
	Local variables:
	 self = table: 0x37a4c0e8  {required_params:table: 0x37a4c018, pre_inject_class:function: 0x37a4c0c8, set:Atlas, subclasses:table: 0x37a4b920, disable_mipmap:false, atlas_table:ASSET_ATLAS (more...)}
	 inject_time = number: 0.684478
	 start_time = number: 10.412
	 end_time = number: 10.412
	 o = table: 0x374a3500  {full_path:C:\Users\irene\AppData\Roaming\Balatro\Mods/Mod/assets/2x/21_kid, atlas:Atlas, _saved_d_u:true, original_key:21_kid, px:71, path:21_kid (more...)}
	 (for generator) = C function: builtin#6
	 (for state) = table: 0x37a4bff0  {1:mod_tags, 2:achievements, 3:DebugPlus_modicon, 4:xmpl_Jokers, 5:xmpl_jack_of_all_jokers, 6:xmpl_the_cutter, 7:xmpl_paradox, 8:xmpl_21_kid}
	 (for control) = number: 8
	 i = number: 8
	 key = string: "xmpl_21_kid"
(6) Lua field 'injectObjects' at Steamodded file 'src/game_object.lua:257' 
	Local variables:
	 class = table: 0x37a4c0e8  {required_params:table: 0x37a4c018, pre_inject_class:function: 0x37a4c0c8, set:Atlas, subclasses:table: 0x37a4b920, disable_mipmap:false, atlas_table:ASSET_ATLAS (more...)}
(7) Lua field 'injectObjects' at Steamodded file 'src/game_object.lua:259' 
	Local variables:
	 class = table: 0x37a4a7b0  {check_duplicate_register:function: 0x37a4a9e8, check_duplicate_key:function: 0x37a4aa08, subclasses:table: 0x37a4a878, obj_list:function: 0x37a4ab08 (more...)}
	 (for generator) = C function: builtin#6
	 (for state) = table: 0x37a4a878  {1:table: 0x37a4aca0, 2:table: 0x37a4b2d8, 3:table: 0x37a4b608, 4:table: 0x37a4bad8, 5:table: 0x37a4c0e8, 6:table: 0x37a2e6d0, 7:table: 0x37700f08 (more...)}
	 (for control) = number: 5
	 _ = number: 5
	 subclass = table: 0x37a4c0e8  {required_params:table: 0x37a4c018, pre_inject_class:function: 0x37a4c0c8, set:Atlas, subclasses:table: 0x37a4b920, disable_mipmap:false, atlas_table:ASSET_ATLAS (more...)}
(8) Lua field 'injectItems' at Steamodded file 'src/loader.lua:608' 
(9) Lua global 'initSteamodded' at Steamodded file 'src/loader.lua:661' 
(10) Lua method 'start_up' at file 'game.lua:211'
	Local variables:
	 self = table: 0x37377f38  {SPEEDFACTOR:1, F_GUIDE:false, keybind_mapping:table: 0x374b74e0, F_CRASH_REPORTS:false, P_CARDS:table: 0x37454970, shared_undiscovered_joker:table: 0x376b4b60 (more...)}
	 settings = string: "return {[\"version\"]=\"1.0.1o-FULL\",[\"paused\"]=false,[\"QUEUED_CHANGE\"]={},[\"COMP\"]={[\"prev_name\"]=\"\",[\"name\"]=\"\",[\"score\"]=15000000,},[\"colourblind_option\"]=false,[\"play_button_pos\"]=2,[\"CUSTOM_DECK\"]={[\"Collabs\"]={[\"Spades\"]=\"default_Spades\",[\"Hearts\"]=\"default_Hearts\",[\"Diamonds\"]=\"default_Diamonds\",[\"Clubs\"]=\"default_Clubs\",},},[\"colour_palettes\"]={[\"Spades\"]=\"lc\",[\"Hearts\"]=\"lc\",[\"Diamonds\"]=\"lc\",[\"Clubs\"]=\"lc\",},[\"crashreports\"]=false,[\"tutorial_progress\"]={[\"hold_parts\"]={[\"first_hand_3\"]=true,[\"small_blind\"]=true,[\"big_blind\"]=true,[\"first_hand_4\"]=true,[\"second_hand\"]=true,[\"shop_1\"]=true,[\"first_hand_2\"]=true,[\"first_hand\"]=true,},[\"section\"]=\"second_hand\",[\"completed_parts\"]={[\"first_hand\"]=true,[\"first_hand_3\"]=true,[\"small_blind\"]=true,[\"big_blind\"]=true,[\"first_hand_4\"]=true,[\"shop_1\"]=true,[\"first_hand_section\"]=true,[\"first_hand_2\"]=true,[\"second_hand\"]=true,},},[\"language\"]=\"en-us\",[\"tutorial_complete\"]=true,[\"WINDOW\"]={[\"vsync\"]=1,[\"display_names\"]={[1]=\"1\",},[\"screenmode\"]=\"Windowed\",[\"DISPLAYS\"]={[1]={[\"screen_resolutions\"]={[\"strings\"]={[1]=\"-\",},[\"values\"]={[1]={[\"w\"]=1280,[\"h\"]=720,},},},[\"screen_res\"]={[\"w\"]=1536,[\"h\"]=864,},[\"DPI_scale\"]=1,[\"MONITOR_DIMS\"]={[\"height\"]=1080,[\"width\"]=1920,},},},[\"selected_display\"]=1,},[\"run_stake_stickers\"]=false,[\"GAMESPEED\"]=4,[\"SOUND\"]={[\"volume\"]=39.215093036825,[\"music_volume\"]=100,[\"game_sounds_volume\"]=100,},[\"music_control\"]={[\"current_track\"]=\"\",[\"desired_track\"]=\"\",[\"lerp\"]=1,},[\"ACHIEVEMENTS_EARNED\"]={[\"heads_up\"]=true,[\"retrograde\"]=true,[\"ante_upper\"]=true,[\"royale\"]=true,[\"_10k\"]=true,[\"_1000k\"]=true,[\"cartomancy\"]=true,[\"ante_up\"]=true,[\"card_player\"]=true,},[\"screenshake\"]=50,[\"current_setup\"]=\"New Run\",[\"profile\"]=1,[\"ambient_control\"]={[\"ambientFire1\"]={[\"per\"]=1.1,[\"vol\"]=0,},[\"ambientOrgan1\"]={[\"per\"]=0.7,[\"vol\"]=0,},[\"ambientFire2\"]={[\"per\"]=1.05,[\"vol\"]=0,},[\"ambientFire3\"]={[\"per\"]=1,[\"vol\"]=0,},},[\"DEMO\"]={[\"win_CTA_shown\"]=true,[\"quit_CTA_shown\"]=true,[\"timed_CTA_shown\"]=true,[\"total_uptime\"]=21.047481627603,},[\"GRAPHICS\"]={[\"texture_scaling\"]=2,[\"crt\"]=70,[\"shadows\"]=\"On\",[\"bloom\"]=1,},}"
	 settings_ver = nil
	 new_colour_proto = table: 0x374b4558  {Spades:table: 0x374b47e0, Hearts:table: 0x374b4650, Diamonds:table: 0x374b4708, Clubs:table: 0x374b4878}
	 sound_files = table: 0x378abf18  {1:ambientFire1.ogg, 2:ambientFire2.ogg, 3:ambientFire3.ogg, 4:ambientOrgan1.ogg, 5:button.ogg, 6:cancel.ogg, 7:card1.ogg, 8:card3.ogg, 9:cardFan2.ogg (more...)}
	 shader_files = table: 0x378afe50  {1:CRT.fs, 2:background.fs, 3:booster.fs, 4:debuff.fs, 5:dissolve.fs, 6:flame.fs, 7:flash.fs, 8:foil.fs, 9:gold_seal.fs, 10:holo.fs, 11:hologram.fs (more...)}
(11) Lua field 'load' at file 'main.lua:964'
(12) Lua function '?' at file 'main.lua:911' (best guess)
(13) global C function 'xpcall'
(14) LÖVE function at file 'boot.lua:368' (best guess)
	Local variables:
	 result = boolean: true
	 main = nil
(15) global C function 'xpcall'
(16) LÖVE function at file 'boot.lua:377' (best guess)
	Local variables:
	 func = Lua function '(LÖVE Function)' (defined at line 355 of chunk [love "boot.lua"])
	 inerror = boolean: true
	 deferErrhand = Lua function '(LÖVE Function)' (defined at line 348 of chunk [love "boot.lua"])
	 earlyinit = Lua function '(LÖVE Function)' (defined at line 355 of chunk [love "boot.lua"])
 
INFO - [G] file not found: main.lua: No such file or directory
INFO - [G] 2025-09-13 23:01:55 :: INFO  :: StackTrace :: Additional Context:
Balatro Version: 1.0.1o-FULL
Modded Version: 1.0.0~BETA-0906c-STEAMODDED
LÖVE Version: 11.5.0
Lovely Version: 0.8.0
Platform: Windows
Steamodded Mods:
    1: Simple by Gonçalo, Braz, Hernani [ID: SimpleJoker]
    2: DebugPlus by WilsontheWolf [ID: DebugPlus, Version: 1.5.1, Uses Lovely]
Lovely Mods: 
