INFO - [♥] Lovely 0.8.0
INFO - [♥] Game directory is at "C:\\Program Files (x86)\\Steam\\steamapps\\common\\Balatro"
INFO - [♥] Writing logs to "C:\\Users\\irene\\AppData\\Roaming\\Balatro\\Mods\\lovely\\log"
INFO - [♥] Using mod directory at "C:\\Users\\irene\\AppData\\Roaming\\Balatro\\Mods"
WARN - [♥] Unknown key `patches.0.?.match_indent` found in patch file at "C:\\Users\\irene\\AppData\\Roaming\\Balatro\\Mods\\smods-main\\lovely\\scoring_calculation.toml", ignoring it
INFO - [♥] Cleaning up dumps directory at "C:\\Users\\irene\\AppData\\Roaming\\Balatro\\Mods\\lovely\\dump"
INFO - [♥] Initialization complete in 187ms
INFO - [♥] Applied 1 patch to 'conf.lua'
INFO - [♥] Applied 11 patches to 'main.lua'
INFO - [♥] Applied 10 patches to 'engine/controller.lua'
INFO - [♥] Applied 15 patches to 'back.lua'
INFO - [♥] Applied 8 patches to 'tag.lua'
INFO - [♥] Applied 2 patches to 'engine/moveable.lua'
INFO - [♥] Applied 2 patches to 'engine/sprite.lua'
INFO - [♥] Applied 2 patches to 'engine/animatedsprite.lua'
INFO - [♥] Applied 78 patches to 'functions/misc_functions.lua'
INFO - [♥] Applied 52 patches to 'game.lua'
INFO - [♥] Applied 1 patch to 'globals.lua'
INFO - [♥] Applied 7 patches to 'engine/ui.lua'
INFO - [♥] Applied 106 patches to 'functions/UI_definitions.lua'
INFO - [♥] Applied 55 patches to 'functions/state_events.lua'
INFO - [♥] Applied 122 patches to 'functions/common_events.lua'
INFO - [♥] Applied 54 patches to 'functions/button_callbacks.lua'
WARN - [♥] Regex 'localize\\(\'k_upgrade_ex\'\\)\\}\\); return true\n[ \\t]*end\\}\\)\\)\n[ \\t]*end\n(?<indent>[ \\t]*)return' on target 'card.lua' for regex patch from smods-main\lovely\joker_retriggers.toml resulted in no matches
WARN - [♥] Regex '[ \\t]*G\\.C\\.MULT\\}\\)\n[ \\t]*return true\n[ \\t]*end\\)\\}\\)\\)\n(?<indent>[ \\t]*)end' on target 'card.lua' for regex patch from smods-main\lovely\joker_retriggers.toml resulted in no matches
WARN - [♥] Regex '[ \\t]*func = function\\(\\) card_eval_status_text\\(self, \'extra\', nil, nil, nil, \\{message = localize\\{type = \'variable\', key = \'a_xmult\', vars = \\{self\\.ability\\.caino_xmult\\}\\}\\}\\); return true\n(?<indent>[ \\t]*)end\\}\\)\\)' on target 'card.lua' for regex patch from smods-main\lovely\joker_retriggers.toml resulted in no matches
WARN - [♥] Regex 'glass_cards\\}\\}\\}\\)\n[ \\t]*return true\n[ \\t]*end\n(?<indent>[ \\t]*)\\}\\)\\)' on target 'card.lua' for regex patch from smods-main\lovely\joker_retriggers.toml resulted in no matches
INFO - [♥] Applied 218 patches to 'card.lua'
INFO - [♥] Applied 20 patches to 'cardarea.lua'
INFO - [♥] Applied 40 patches to 'blind.lua'
INFO - [♥] Applied 10 patches to 'card_character.lua'
INFO - [♥] Applied 10 patches to 'engine/text.lua'
INFO - [G] Failed to connect to the debug server 
INFO - [G] 2025-09-13 23:49:51 :: DEBUG :: DebugConsole :: Steamodded Debug Socket started ! 
INFO - [G] 2025-09-13 23:49:51 :: INFO  :: SMODS :: Steamodded v1.0.0~BETA-0906c 
INFO - [♥] Applied 9 patches to 'engine/sound_manager.lua'
INFO - [♥] Applied 1 patch to 'engine/save_manager.lua'
INFO - [G] 2025-09-13 23:49:53 :: ERROR :: Loader :: Found invalid metadata JSON file at C:\Users\irene\AppData\Roaming\Balatro\Mods/.vscode/settings.json, ignoring: [SMODS _ "src/loader.lua"]:226: id 
INFO - [G] 2025-09-13 23:49:53 :: ERROR :: Loader :: Found invalid metadata JSON file at C:\Users\irene\AppData\Roaming\Balatro\Mods/DebugPlus-master/.luarc.json, ignoring: [SMODS _ "src/loader.lua"]:226: id 
INFO - [G] 2025-09-13 23:49:53 :: ERROR :: Loader :: Found invalid metadata JSON file at C:\Users\irene\AppData\Roaming\Balatro\Mods/DebugPlus-master/dev/.luarc.json, ignoring: [SMODS _ "src/loader.lua"]:226: id 
INFO - [G] 2025-09-13 23:49:53 :: INFO  :: Loader :: Valid JSON file found 
INFO - [G] 2025-09-13 23:49:53 :: TRACE :: Loader :: Processing Mod file (Legacy header): Main.lua 
INFO - [G] 2025-09-13 23:49:53 :: TRACE :: Loader :: Saving Mod Info: SimpleJoker 
INFO - [G] 2025-09-13 23:49:53 :: INFO  :: TIMER :: [0000] Injected Fonts in 0.002 ms 
INFO - [G] 2025-09-13 23:49:53 :: INFO  :: TIMER :: [0000] Injected DynaTextEffects in 0.008 ms 
INFO - [G] 2025-09-13 23:49:53 :: INFO  :: TIMER :: [0000] Injected Language in 0.002 ms 
INFO - [G] 2025-09-13 23:49:53 :: INFO  :: TIMER :: [0000] Injected [INTERNAL] in 4.281 ms 
INFO - [G] 2025-09-13 23:49:53 :: INFO  :: TIMER :: [0008] Injected Atlas in 605.850 ms 
INFO - [G] 2025-09-13 23:49:54 :: INFO  :: TIMER :: [0002] Injected Sound in 0.768 ms 
INFO - [G] 2025-09-13 23:49:54 :: INFO  :: TIMER :: [0008] Injected Stake in 0.867 ms 
INFO - [G] 2025-09-13 23:49:54 :: INFO  :: TIMER :: [0004] Injected Rarity in 0.047 ms 
INFO - [G] 2025-09-13 23:49:54 :: INFO  :: TIMER :: [0004] Injected ObjectType in 0.117 ms 
INFO - [G] 2025-09-13 23:49:54 :: INFO  :: TIMER :: [0053] Injected Center in 0.584 ms 
INFO - [G] 2025-09-13 23:49:54 :: INFO  :: TIMER :: [0007] Injected Undiscovered Sprite in 0.047 ms 
INFO - [G] 2025-09-13 23:49:54 :: INFO  :: TIMER :: [0004] Injected Blind in 0.049 ms 
INFO - [G] 2025-09-13 23:49:54 :: INFO  :: TIMER :: [0004] Injected Seal in 0.290 ms 
INFO - [G] 2025-09-13 23:49:54 :: INFO  :: TIMER :: [0004] Injected Suit in 0.188 ms 
INFO - [G] 2025-09-13 23:49:54 :: INFO  :: TIMER :: [0013] Injected Rank in 0.320 ms 
INFO - [G] 2025-09-13 23:49:54 :: INFO  :: TIMER :: [0028] Injected DeckSkin in 0.425 ms 
INFO - [G] 2025-09-13 23:49:54 :: INFO  :: TIMER :: [0017] Injected JimboQuip in 0.320 ms 
INFO - [G] 2025-09-13 23:49:54 :: INFO  :: TIMER :: [0012] Injected PokerHand in 0.098 ms 
INFO - [G] 2025-09-13 23:49:54 :: INFO  :: TIMER :: [0020] Injected Challenge in 0.071 ms 
INFO - [G] 2025-09-13 23:49:54 :: INFO  :: TIMER :: [0000] Injected Tag in 0.005 ms 
INFO - [G] 2025-09-13 23:49:54 :: INFO  :: TIMER :: [0004] Injected Sticker in 0.201 ms 
INFO - [G] 2025-09-13 23:49:54 :: INFO  :: TIMER :: [0000] Injected Shader in 0.002 ms 
INFO - [G] 2025-09-13 23:49:54 :: INFO  :: TIMER :: [0002] Injected Keybind in 0.032 ms 
INFO - [G] 2025-09-13 23:49:54 :: INFO  :: TIMER :: [0000] Injected Achievement in 0.049 ms 
INFO - [G] 2025-09-13 23:49:54 :: INFO  :: TIMER :: [0002] Injected nil in 0.024 ms 
INFO - [G] 2025-09-13 23:49:54 :: INFO  :: TIMER :: [0002] Injected Scoring_Parameters in 0.192 ms 
INFO - [G] 2025-09-13 23:49:54 :: INFO  :: TIMER :: [0003] Injected Scoring_Calculations in 0.028 ms 
INFO - [G] 2025-09-13 23:49:54 :: INFO  :: TIMER :: [0021] Injected Draw Step in 0.078 ms 
INFO - [G] 2025-09-13 23:49:54 :: INFO  :: TIMER :: [0000] Injected [INTERNAL] in 0.353 ms 
INFO - [G] [DebugPlus] Press [-] to toggle console and press [shift] + [-] to toggle new log previews 
INFO - [G] line not found
INFO - [G] file not found: main.lua: No such file or directory
INFO - [G] file not found: main.lua: No such file or directory
INFO - [G] 2025-09-13 23:50:52 :: ERROR :: StackTrace :: Oops! The game crashed
[SMODS SimpleJoker "Main.lua"]:243: bad argument #1 to 'ipairs' (table expected, got nil)
Stack Traceback
===============
(1) Lua upvalue 'orig' at file 'main.lua:612'
	Local variables:
	 msg = string: "[SMODS SimpleJoker \"Main.lua\"]:243: bad argument #1 to 'ipairs' (table expected, got nil)"
	 (*temporary) = Lua function '?' (defined at line 31 of chunk [SMODS _ "src/logging.lua"])
	 (*temporary) = string: "Oops! The game crashed\
"
(2) Lua local 'handler' at file 'debugplus/console.lua:606' (from lovely module debugplus.console)
	Local variables:
	 msg = string: "[SMODS SimpleJoker \"Main.lua\"]:243: bad argument #1 to 'ipairs' (table expected, got nil)"
(3) LÖVE function at file 'boot.lua:352' (best guess)
	Local variables:
	 errhand = Lua function '(LÖVE Function)' (defined at line 605 of chunk [lovely debugplus.console "debugplus/console.lua"])
	 handler = Lua function '(LÖVE Function)' (defined at line 605 of chunk [lovely debugplus.console "debugplus/console.lua"])
(4) global C function 'ipairs'
(5) Lua method 'calculate' at file 'Main.lua:243' (from mod with id SimpleJoker)
	Local variables:
	 self = table: 0x2bfe9bb8  {alerted:true, _saved_d_u:true, original_key:21_kid, mod:table: 0x2c3b0088, unlocked:true, registered:true, _discovered_unlocked_overwritten:true (more...)}
	 card = table: 0x2d224b48  {sticker_run:NONE, click_offset:table: 0x2d23ba20, static_rotation:false, children:table: 0x2d23bbf8, ambient_tilt:0.2, parent:table: 0x2bed0140 (more...)}
	 context = table: 0x2c8cb4c0  {poker_hands:table: 0x2c92c0d0, main_eval:true, display_name:High Card, scoring_name:High Card, scoring_hand:table: 0x2c51a5d0, full_hand:table: 0x2c088c10 (more...)}
	 has_9 = boolean: false
	 has_10 = boolean: false
(6) Lua upvalue 'calculate_joker_ref' at file 'card.lua:2611'
	Local variables:
	 self = table: 0x2d224b48  {sticker_run:NONE, click_offset:table: 0x2d23ba20, static_rotation:false, children:table: 0x2d23bbf8, ambient_tilt:0.2, parent:table: 0x2bed0140 (more...)}
	 context = table: 0x2c8cb4c0  {poker_hands:table: 0x2c92c0d0, main_eval:true, display_name:High Card, scoring_name:High Card, scoring_hand:table: 0x2c51a5d0, full_hand:table: 0x2c088c10 (more...)}
	 obj = table: 0x2bfe9bb8  {alerted:true, _saved_d_u:true, original_key:21_kid, mod:table: 0x2c3b0088, unlocked:true, registered:true, _discovered_unlocked_overwritten:true (more...)}
(7) Lua method 'calculate_joker' at Steamodded file 'src/overrides.lua:2399' 
	Local variables:
	 self = table: 0x2d224b48  {sticker_run:NONE, click_offset:table: 0x2d23ba20, static_rotation:false, children:table: 0x2d23bbf8, ambient_tilt:0.2, parent:table: 0x2bed0140 (more...)}
	 context = table: 0x2c8cb4c0  {poker_hands:table: 0x2c92c0d0, main_eval:true, display_name:High Card, scoring_name:High Card, scoring_hand:table: 0x2c51a5d0, full_hand:table: 0x2c088c10 (more...)}
(8) Lua upvalue 'eval_card_ref' at file 'functions/common_events.lua:758'
	Local variables:
	 card = table: 0x2d224b48  {sticker_run:NONE, click_offset:table: 0x2d23ba20, static_rotation:false, children:table: 0x2d23bbf8, ambient_tilt:0.2, parent:table: 0x2bed0140 (more...)}
	 context = table: 0x2c8cb4c0  {poker_hands:table: 0x2c92c0d0, main_eval:true, display_name:High Card, scoring_name:High Card, scoring_hand:table: 0x2c51a5d0, full_hand:table: 0x2c088c10 (more...)}
	 ret = table: 0x2c8e6438  {}
	 post_trig = table: 0x2c8e6460  {}
	 areas = table: 0x2c0477f8  {1:table: 0x2bed0140, 2:table: 0x2c4a46f0, 3:table: 0x2c042110}
	 area_set = table: 0x2c047840  {table: 0x2bed0140:true, table: 0x2c4a46f0:true, table: 0x2c042110:true}
(9) Lua global 'eval_card' at Steamodded file 'src/overrides.lua:2383' 
	Local variables:
	 card = table: 0x2d224b48  {sticker_run:NONE, click_offset:table: 0x2d23ba20, static_rotation:false, children:table: 0x2d23bbf8, ambient_tilt:0.2, parent:table: 0x2bed0140 (more...)}
	 context = table: 0x2c8cb4c0  {poker_hands:table: 0x2c92c0d0, main_eval:true, display_name:High Card, scoring_name:High Card, scoring_hand:table: 0x2c51a5d0, full_hand:table: 0x2c088c10 (more...)}
(10) Lua field 'calculate_card_areas' at Steamodded file 'src/utils.lua:1646' 
	Local variables:
	 _type = string: "jokers"
	 context = table: 0x2c8cb4c0  {poker_hands:table: 0x2c92c0d0, main_eval:true, display_name:High Card, scoring_name:High Card, scoring_hand:table: 0x2c51a5d0, full_hand:table: 0x2c088c10 (more...)}
	 return_table = nil
	 args = table: 0x2c16d698  {joker_area:true}
	 flags = table: 0x2c16d670  {}
	 (for generator) = C function: builtin#6
	 (for state) = table: 0x2c8e63f0  {1:table: 0x2bed0140, 2:table: 0x2c4a46f0, 3:table: 0x2c042110}
	 (for control) = number: 1
	 _ = number: 1
	 area = table: 0x2bed0140  {click_offset:table: 0x2c134b08, static_rotation:false, shuffle_amt:0, T:table: 0x2c134ae0, offset:table: 0x2c348cb0, role:table: 0x2bfa5220, last_aligned:-1 (more...)}
	 (for generator) = C function: builtin#6
	 (for state) = table: 0x2c2e2c50  {1:table: 0x2d224b48}
	 (for control) = number: 1
	 _ = number: 1
	 _card = table: 0x2d224b48  {sticker_run:NONE, click_offset:table: 0x2d23ba20, static_rotation:false, children:table: 0x2d23bbf8, ambient_tilt:0.2, parent:table: 0x2bed0140 (more...)}
(11) Lua field 'calculate_context' at Steamodded file 'src/utils.lua:1882' 
	Local variables:
	 context = table: 0x2c8cb4c0  {poker_hands:table: 0x2c92c0d0, main_eval:true, display_name:High Card, scoring_name:High Card, scoring_hand:table: 0x2c51a5d0, full_hand:table: 0x2c088c10 (more...)}
	 return_table = nil
	 no_resolve = nil
	 has_area = nil
	 flags = table: 0x2c16d648  {}
	 (*temporary) = number: 1
(12) Lua field 'get_poker_hand_info' at Steamodded file 'src/overrides.lua:1529' 
	Local variables:
	 _cards = table: 0x2c088c10  {1:table: 0x2c583258}
	 poker_hands = table: 0x2c92c0d0  {Flush House:table: 0x2c314340, Full House:table: 0x2c3143a0, top:table: 0x2c90df10, Flush:table: 0x2bf40db8, Pair:table: 0x2c54bc78, Four of a Kind:table: 0x2c178c08 (more...)}
	 scoring_hand = table: 0x2c51a5d0  {1:table: 0x2c583258}
	 text = string: "High Card"
	 disp_text = string: "High Card"
	 loc_disp_text = string: "NULL"
	 _hand = table: 0x2c2f3f98  {l_mult:1, evaluate:function: 0x2c2ef720, example:table: 0x2c2f3fc0, _saved_d_u:true, original_key:High Card, mult:1, played:0, chips:5, order:12 (more...)}
(13) Lua method 'parse_highlighted' at file 'cardarea.lua:190'
	Local variables:
	 self = table: 0x2c126470  {click_offset:table: 0x2c2e1b40, static_rotation:false, shuffle_amt:0, T:table: 0x2c2b6c30, offset:table: 0x2bef2d98, role:table: 0x2beaacd0, last_aligned:-1 (more...)}
(14) Lua method 'add_to_highlighted' at file 'cardarea.lua:183'
	Local variables:
	 self = table: 0x2c126470  {click_offset:table: 0x2c2e1b40, static_rotation:false, shuffle_amt:0, T:table: 0x2c2b6c30, offset:table: 0x2bef2d98, role:table: 0x2beaacd0, last_aligned:-1 (more...)}
	 card = table: 0x2c583258  {role:table: 0x2bf08480, zoom:true, click_offset:table: 0x2c584458, shadow_height:0.35, children:table: 0x2c2ca738, ambient_tilt:0.2, parent:table: 0x2c126470 (more...)}
	 silent = nil
(15) Lua method 'click' at file 'card.lua:4926'
	Local variables:
	 self = table: 0x2c583258  {role:table: 0x2bf08480, zoom:true, click_offset:table: 0x2c584458, shadow_height:0.35, children:table: 0x2c2ca738, ambient_tilt:0.2, parent:table: 0x2c126470 (more...)}
(16) Lua method 'update' at file 'engine/controller.lua:375'
	Local variables:
	 self = table: 0x2c30da10  {held_button_times:table: 0x2c30e2e0, focus_cursor_stack_level:1, snap_cursor_to:table: 0x2cf951c8, interrupt:table: 0x2c30e330, GAMEPAD:table: 0x2c30eb60 (more...)}
	 dt = number: 0.0166386
(17) Lua upvalue 'gameUpdateRef' at file 'game.lua:2715'
	Local variables:
	 self = table: 0x2bd679f8  {F_GUIDE:false, F_CRASH_REPORTS:false, F_QUIT_BUTTON:true, HUD_tags:table: 0x2c923760, F_ENGLISH_ONLY:false, viewed_stake:1, HUD:table: 0x2c8aad70 (more...)}
	 dt = number: 0.0166386
(18) Lua method 'update' at Steamodded file 'src/ui.lua:124' 
	Local variables:
	 self = table: 0x2bd679f8  {F_GUIDE:false, F_CRASH_REPORTS:false, F_QUIT_BUTTON:true, HUD_tags:table: 0x2c923760, F_ENGLISH_ONLY:false, viewed_stake:1, HUD:table: 0x2c8aad70 (more...)}
	 dt = number: 0.0166386
(19) Lua field 'update' at file 'main.lua:1011'
	Local variables:
	 dt = number: 0.0166386
(20) Lua function '?' at file 'main.lua:950' (best guess)
(21) global C function 'xpcall'
(22) LÖVE function at file 'boot.lua:377' (best guess)
	Local variables:
	 func = Lua function '?' (defined at line 921 of chunk main.lua)
	 inerror = boolean: true
	 deferErrhand = Lua function '(LÖVE Function)' (defined at line 348 of chunk [love "boot.lua"])
	 earlyinit = Lua function '(LÖVE Function)' (defined at line 355 of chunk [love "boot.lua"])
 
INFO - [G] file not found: main.lua: No such file or directory
INFO - [G] file not found: main.lua: No such file or directory
INFO - [G] 2025-09-13 23:50:52 :: INFO  :: StackTrace :: Additional Context:
Balatro Version: 1.0.1o-FULL
Modded Version: 1.0.0~BETA-0906c-STEAMODDED
LÖVE Version: 11.5.0
Lovely Version: 0.8.0
Platform: Windows
Steamodded Mods:
    1: Simple by Gonçalo, Braz, Hernani [ID: SimpleJoker]
    2: DebugPlus by WilsontheWolf [ID: DebugPlus, Version: 1.5.1, Uses Lovely]
Lovely Mods: 
