INFO - [♥] Lovely 0.8.0
INFO - [♥] Game directory is at "C:\\Program Files (x86)\\Steam\\steamapps\\common\\Balatro"
INFO - [♥] Writing logs to "C:\\Users\\irene\\AppData\\Roaming\\Balatro\\Mods\\lovely\\log"
INFO - [♥] Using mod directory at "C:\\Users\\irene\\AppData\\Roaming\\Balatro\\Mods"
WARN - [♥] Unknown key `patches.0.?.match_indent` found in patch file at "C:\\Users\\irene\\AppData\\Roaming\\Balatro\\Mods\\smods-main\\lovely\\scoring_calculation.toml", ignoring it
INFO - [♥] Cleaning up dumps directory at "C:\\Users\\irene\\AppData\\Roaming\\Balatro\\Mods\\lovely\\dump"
INFO - [♥] Initialization complete in 102ms
INFO - [♥] Applied 1 patch to 'conf.lua'
INFO - [♥] Applied 11 patches to 'main.lua'
INFO - [♥] Applied 10 patches to 'engine/controller.lua'
INFO - [♥] Applied 15 patches to 'back.lua'
INFO - [♥] Applied 8 patches to 'tag.lua'
INFO - [♥] Applied 2 patches to 'engine/moveable.lua'
INFO - [♥] Applied 2 patches to 'engine/sprite.lua'
INFO - [♥] Applied 2 patches to 'engine/animatedsprite.lua'
INFO - [♥] Applied 78 patches to 'functions/misc_functions.lua'
INFO - [♥] Applied 52 patches to 'game.lua'
INFO - [♥] Applied 1 patch to 'globals.lua'
INFO - [♥] Applied 7 patches to 'engine/ui.lua'
INFO - [♥] Applied 106 patches to 'functions/UI_definitions.lua'
INFO - [♥] Applied 55 patches to 'functions/state_events.lua'
INFO - [♥] Applied 122 patches to 'functions/common_events.lua'
INFO - [♥] Applied 54 patches to 'functions/button_callbacks.lua'
WARN - [♥] Regex 'localize\\(\'k_upgrade_ex\'\\)\\}\\); return true\n[ \\t]*end\\}\\)\\)\n[ \\t]*end\n(?<indent>[ \\t]*)return' on target 'card.lua' for regex patch from smods-main\lovely\joker_retriggers.toml resulted in no matches
WARN - [♥] Regex '[ \\t]*G\\.C\\.MULT\\}\\)\n[ \\t]*return true\n[ \\t]*end\\)\\}\\)\\)\n(?<indent>[ \\t]*)end' on target 'card.lua' for regex patch from smods-main\lovely\joker_retriggers.toml resulted in no matches
WARN - [♥] Regex '[ \\t]*func = function\\(\\) card_eval_status_text\\(self, \'extra\', nil, nil, nil, \\{message = localize\\{type = \'variable\', key = \'a_xmult\', vars = \\{self\\.ability\\.caino_xmult\\}\\}\\}\\); return true\n(?<indent>[ \\t]*)end\\}\\)\\)' on target 'card.lua' for regex patch from smods-main\lovely\joker_retriggers.toml resulted in no matches
WARN - [♥] Regex 'glass_cards\\}\\}\\}\\)\n[ \\t]*return true\n[ \\t]*end\n(?<indent>[ \\t]*)\\}\\)\\)' on target 'card.lua' for regex patch from smods-main\lovely\joker_retriggers.toml resulted in no matches
INFO - [♥] Applied 218 patches to 'card.lua'
INFO - [♥] Applied 20 patches to 'cardarea.lua'
INFO - [♥] Applied 40 patches to 'blind.lua'
INFO - [♥] Applied 10 patches to 'card_character.lua'
INFO - [♥] Applied 10 patches to 'engine/text.lua'
INFO - [G] Failed to connect to the debug server 
INFO - [G] 2025-09-15 14:59:42 :: DEBUG :: DebugConsole :: Steamodded Debug Socket started ! 
INFO - [G] 2025-09-15 14:59:42 :: INFO  :: SMODS :: Steamodded v1.0.0~BETA-0906c 
INFO - [♥] Applied 9 patches to 'engine/sound_manager.lua'
INFO - [♥] Applied 1 patch to 'engine/save_manager.lua'
INFO - [G] 2025-09-15 14:59:43 :: ERROR :: Loader :: Found invalid metadata JSON file at C:\Users\irene\AppData\Roaming\Balatro\Mods/.vscode/settings.json, ignoring: [SMODS _ "src/loader.lua"]:226: id 
INFO - [G] 2025-09-15 14:59:43 :: ERROR :: Loader :: Found invalid metadata JSON file at C:\Users\irene\AppData\Roaming\Balatro\Mods/DebugPlus-master/.luarc.json, ignoring: [SMODS _ "src/loader.lua"]:226: id 
INFO - [G] 2025-09-15 14:59:43 :: ERROR :: Loader :: Found invalid metadata JSON file at C:\Users\irene\AppData\Roaming\Balatro\Mods/DebugPlus-master/dev/.luarc.json, ignoring: [SMODS _ "src/loader.lua"]:226: id 
INFO - [G] 2025-09-15 14:59:43 :: INFO  :: Loader :: Valid JSON file found 
INFO - [G] 2025-09-15 14:59:44 :: TRACE :: Loader :: Processing Mod file (Legacy header): Main.lua 
INFO - [G] 2025-09-15 14:59:44 :: TRACE :: Loader :: Saving Mod Info: SimpleJoker 
INFO - [G] 2025-09-15 14:59:44 :: INFO  :: TIMER :: [0000] Injected Fonts in 0.002 ms 
INFO - [G] 2025-09-15 14:59:44 :: INFO  :: TIMER :: [0000] Injected DynaTextEffects in 0.004 ms 
INFO - [G] 2025-09-15 14:59:44 :: INFO  :: TIMER :: [0000] Injected Language in 0.004 ms 
INFO - [G] 2025-09-15 14:59:44 :: INFO  :: TIMER :: [0000] Injected [INTERNAL] in 2.474 ms 
INFO - [G] 2025-09-15 14:59:44 :: INFO  :: TIMER :: [0008] Injected Atlas in 674.009 ms 
INFO - [G] 2025-09-15 14:59:44 :: INFO  :: TIMER :: [0002] Injected Sound in 0.726 ms 
INFO - [G] 2025-09-15 14:59:44 :: INFO  :: TIMER :: [0008] Injected Stake in 0.485 ms 
INFO - [G] 2025-09-15 14:59:44 :: INFO  :: TIMER :: [0004] Injected Rarity in 0.056 ms 
INFO - [G] 2025-09-15 14:59:44 :: INFO  :: TIMER :: [0004] Injected ObjectType in 0.137 ms 
INFO - [G] 2025-09-15 14:59:44 :: INFO  :: TIMER :: [0053] Injected Center in 0.679 ms 
INFO - [G] 2025-09-15 14:59:44 :: INFO  :: TIMER :: [0007] Injected Undiscovered Sprite in 0.047 ms 
INFO - [G] 2025-09-15 14:59:44 :: INFO  :: TIMER :: [0004] Injected Blind in 0.057 ms 
INFO - [G] 2025-09-15 14:59:44 :: INFO  :: TIMER :: [0004] Injected Seal in 1.196 ms 
INFO - [G] 2025-09-15 14:59:44 :: INFO  :: TIMER :: [0004] Injected Suit in 0.617 ms 
INFO - [G] 2025-09-15 14:59:44 :: INFO  :: TIMER :: [0013] Injected Rank in 0.800 ms 
INFO - [G] 2025-09-15 14:59:45 :: INFO  :: TIMER :: [0028] Injected DeckSkin in 1.271 ms 
INFO - [G] 2025-09-15 14:59:45 :: INFO  :: TIMER :: [0017] Injected JimboQuip in 0.209 ms 
INFO - [G] 2025-09-15 14:59:45 :: INFO  :: TIMER :: [0012] Injected PokerHand in 0.439 ms 
INFO - [G] 2025-09-15 14:59:45 :: INFO  :: TIMER :: [0020] Injected Challenge in 0.235 ms 
INFO - [G] 2025-09-15 14:59:45 :: INFO  :: TIMER :: [0000] Injected Tag in 0.003 ms 
INFO - [G] 2025-09-15 14:59:45 :: INFO  :: TIMER :: [0004] Injected Sticker in 1.200 ms 
INFO - [G] 2025-09-15 14:59:45 :: INFO  :: TIMER :: [0000] Injected Shader in 0.003 ms 
INFO - [G] 2025-09-15 14:59:45 :: INFO  :: TIMER :: [0002] Injected Keybind in 0.148 ms 
INFO - [G] 2025-09-15 14:59:45 :: INFO  :: TIMER :: [0000] Injected Achievement in 0.343 ms 
INFO - [G] 2025-09-15 14:59:45 :: INFO  :: TIMER :: [0002] Injected nil in 0.071 ms 
INFO - [G] 2025-09-15 14:59:45 :: INFO  :: TIMER :: [0002] Injected Scoring_Parameters in 0.598 ms 
INFO - [G] 2025-09-15 14:59:45 :: INFO  :: TIMER :: [0003] Injected Scoring_Calculations in 0.116 ms 
INFO - [G] 2025-09-15 14:59:45 :: INFO  :: TIMER :: [0021] Injected Draw Step in 0.573 ms 
INFO - [G] 2025-09-15 14:59:45 :: INFO  :: TIMER :: [0000] Injected [INTERNAL] in 0.682 ms 
INFO - [G] [DebugPlus] Press [-] to toggle console and press [shift] + [-] to toggle new log previews 
INFO - [G] line not found
INFO - [G] file not found: main.lua: No such file or directory
INFO - [G] file not found: main.lua: No such file or directory
INFO - [G] 2025-09-15 14:59:59 :: ERROR :: StackTrace :: Oops! The game crashed
[SMODS SimpleJoker "Main.lua"]:243: bad argument #1 to 'ipairs' (table expected, got nil)
Stack Traceback
===============
(1) Lua upvalue 'orig' at file 'main.lua:612'
	Local variables:
	 msg = string: "[SMODS SimpleJoker \"Main.lua\"]:243: bad argument #1 to 'ipairs' (table expected, got nil)"
	 (*temporary) = Lua function '?' (defined at line 31 of chunk [SMODS _ "src/logging.lua"])
	 (*temporary) = string: "Oops! The game crashed\
"
(2) Lua local 'handler' at file 'debugplus/console.lua:606' (from lovely module debugplus.console)
	Local variables:
	 msg = string: "[SMODS SimpleJoker \"Main.lua\"]:243: bad argument #1 to 'ipairs' (table expected, got nil)"
(3) LÖVE function at file 'boot.lua:352' (best guess)
	Local variables:
	 errhand = Lua function '(LÖVE Function)' (defined at line 605 of chunk [lovely debugplus.console "debugplus/console.lua"])
	 handler = Lua function '(LÖVE Function)' (defined at line 605 of chunk [lovely debugplus.console "debugplus/console.lua"])
(4) global C function 'ipairs'
(5) Lua method 'calculate' at file 'Main.lua:243' (from mod with id SimpleJoker)
	Local variables:
	 self = table: 0x11ecd268  {alerted:true, _saved_d_u:true, original_key:21_kid, mod:table: 0x11914400, unlocked:true, registered:true, _discovered_unlocked_overwritten:true (more...)}
	 card = table: 0x12500d20  {click_offset:table: 0x124fe5d8, static_rotation:false, ambient_tilt:0.2, parent:table: 0x11855f78, T:table: 0x12500ec0, last_aligned:-1, extra_cost:0 (more...)}
	 context = table: 0x1220a118  {poker_hands:table: 0x125be0d0, main_eval:true, display_name:High Card, scoring_name:High Card, scoring_hand:table: 0x125be160, full_hand:table: 0x11b172e0 (more...)}
	 has_9 = boolean: false
	 has_10 = boolean: false
(6) Lua upvalue 'calculate_joker_ref' at file 'card.lua:2611'
	Local variables:
	 self = table: 0x12500d20  {click_offset:table: 0x124fe5d8, static_rotation:false, ambient_tilt:0.2, parent:table: 0x11855f78, T:table: 0x12500ec0, last_aligned:-1, extra_cost:0 (more...)}
	 context = table: 0x1220a118  {poker_hands:table: 0x125be0d0, main_eval:true, display_name:High Card, scoring_name:High Card, scoring_hand:table: 0x125be160, full_hand:table: 0x11b172e0 (more...)}
	 obj = table: 0x11ecd268  {alerted:true, _saved_d_u:true, original_key:21_kid, mod:table: 0x11914400, unlocked:true, registered:true, _discovered_unlocked_overwritten:true (more...)}
(7) Lua method 'calculate_joker' at Steamodded file 'src/overrides.lua:2399' 
	Local variables:
	 self = table: 0x12500d20  {click_offset:table: 0x124fe5d8, static_rotation:false, ambient_tilt:0.2, parent:table: 0x11855f78, T:table: 0x12500ec0, last_aligned:-1, extra_cost:0 (more...)}
	 context = table: 0x1220a118  {poker_hands:table: 0x125be0d0, main_eval:true, display_name:High Card, scoring_name:High Card, scoring_hand:table: 0x125be160, full_hand:table: 0x11b172e0 (more...)}
(8) Lua upvalue 'eval_card_ref' at file 'functions/common_events.lua:758'
	Local variables:
	 card = table: 0x12500d20  {click_offset:table: 0x124fe5d8, static_rotation:false, ambient_tilt:0.2, parent:table: 0x11855f78, T:table: 0x12500ec0, last_aligned:-1, extra_cost:0 (more...)}
	 context = table: 0x1220a118  {poker_hands:table: 0x125be0d0, main_eval:true, display_name:High Card, scoring_name:High Card, scoring_hand:table: 0x125be160, full_hand:table: 0x11b172e0 (more...)}
	 ret = table: 0x1220a358  {}
	 post_trig = table: 0x1220a380  {}
	 areas = table: 0x1220a3a8  {1:table: 0x11855f78, 2:table: 0x11bd3f80, 3:table: 0x117cb9f0}
	 area_set = table: 0x1220a3f0  {table: 0x11855f78:true, table: 0x11bd3f80:true, table: 0x117cb9f0:true}
(9) Lua global 'eval_card' at Steamodded file 'src/overrides.lua:2383' 
	Local variables:
	 card = table: 0x12500d20  {click_offset:table: 0x124fe5d8, static_rotation:false, ambient_tilt:0.2, parent:table: 0x11855f78, T:table: 0x12500ec0, last_aligned:-1, extra_cost:0 (more...)}
	 context = table: 0x1220a118  {poker_hands:table: 0x125be0d0, main_eval:true, display_name:High Card, scoring_name:High Card, scoring_hand:table: 0x125be160, full_hand:table: 0x11b172e0 (more...)}
(10) Lua field 'calculate_card_areas' at Steamodded file 'src/utils.lua:1646' 
	Local variables:
	 _type = string: "jokers"
	 context = table: 0x1220a118  {poker_hands:table: 0x125be0d0, main_eval:true, display_name:High Card, scoring_name:High Card, scoring_hand:table: 0x125be160, full_hand:table: 0x11b172e0 (more...)}
	 return_table = nil
	 args = table: 0x1220a2c0  {joker_area:true}
	 flags = table: 0x1220a2e8  {}
	 (for generator) = C function: builtin#6
	 (for state) = table: 0x1220a310  {1:table: 0x11855f78, 2:table: 0x11bd3f80, 3:table: 0x117cb9f0}
	 (for control) = number: 1
	 _ = number: 1
	 area = table: 0x11855f78  {click_offset:table: 0x11b74248, static_rotation:false, shuffle_amt:0, T:table: 0x11ddf338, offset:table: 0x1192da20, role:table: 0x118aeaa8, last_aligned:-1 (more...)}
	 (for generator) = C function: builtin#6
	 (for state) = table: 0x1204cfc0  {1:table: 0x12500d20}
	 (for control) = number: 1
	 _ = number: 1
	 _card = table: 0x12500d20  {click_offset:table: 0x124fe5d8, static_rotation:false, ambient_tilt:0.2, parent:table: 0x11855f78, T:table: 0x12500ec0, last_aligned:-1, extra_cost:0 (more...)}
(11) Lua field 'calculate_context' at Steamodded file 'src/utils.lua:1882' 
	Local variables:
	 context = table: 0x1220a118  {poker_hands:table: 0x125be0d0, main_eval:true, display_name:High Card, scoring_name:High Card, scoring_hand:table: 0x125be160, full_hand:table: 0x11b172e0 (more...)}
	 return_table = nil
	 no_resolve = nil
	 has_area = nil
	 flags = table: 0x1220a298  {}
	 (*temporary) = number: 1
(12) Lua field 'get_poker_hand_info' at Steamodded file 'src/overrides.lua:1529' 
	Local variables:
	 _cards = table: 0x11b172e0  {1:table: 0x1156c750}
	 poker_hands = table: 0x125be0d0  {Flush House:table: 0x12209d38, Full House:table: 0x12209d98, top:table: 0x12209f40, Flush:table: 0x125be2a8, Pair:table: 0x125bbcd0, Four of a Kind:table: 0x125bc4b8 (more...)}
	 scoring_hand = table: 0x125be160  {1:table: 0x1156c750}
	 text = string: "High Card"
	 disp_text = string: "High Card"
	 loc_disp_text = string: "NULL"
	 _hand = table: 0x119c30a8  {l_mult:1, evaluate:function: 0x11522370, example:table: 0x119c30d0, _saved_d_u:true, original_key:High Card, mult:1, played:0, chips:5, order:12 (more...)}
(13) Lua method 'parse_highlighted' at file 'cardarea.lua:190'
	Local variables:
	 self = table: 0x11a01ae0  {click_offset:table: 0x118788f8, static_rotation:false, shuffle_amt:0, T:table: 0x11e49018, offset:table: 0x11c973e0, role:table: 0x118ed8d8, last_aligned:-1 (more...)}
(14) Lua method 'add_to_highlighted' at file 'cardarea.lua:183'
	Local variables:
	 self = table: 0x11a01ae0  {click_offset:table: 0x118788f8, static_rotation:false, shuffle_amt:0, T:table: 0x11e49018, offset:table: 0x11c973e0, role:table: 0x118ed8d8, last_aligned:-1 (more...)}
	 card = table: 0x1156c750  {role:table: 0x117af420, zoom:true, click_offset:table: 0x11741890, under_overlay:false, children:table: 0x11bcaeb8, ambient_tilt:0.2, parent:table: 0x11a01ae0 (more...)}
	 silent = nil
(15) Lua method 'click' at file 'card.lua:4926'
	Local variables:
	 self = table: 0x1156c750  {role:table: 0x117af420, zoom:true, click_offset:table: 0x11741890, under_overlay:false, children:table: 0x11bcaeb8, ambient_tilt:0.2, parent:table: 0x11a01ae0 (more...)}
(16) Lua method 'update' at file 'engine/controller.lua:375'
	Local variables:
	 self = table: 0x11b96818  {held_button_times:table: 0x11b970e8, focus_cursor_stack_level:1, snap_cursor_to:table: 0x120f8130, interrupt:table: 0x11b97138, GAMEPAD:table: 0x11b97968 (more...)}
	 dt = number: 0.0167381
(17) Lua upvalue 'gameUpdateRef' at file 'game.lua:2715'
	Local variables:
	 self = table: 0x115fde80  {F_GUIDE:false, F_CRASH_REPORTS:false, F_QUIT_BUTTON:true, HUD_tags:table: 0x121cc3b8, F_ENGLISH_ONLY:false, viewed_stake:1, HUD:table: 0x12153400 (more...)}
	 dt = number: 0.0167381
(18) Lua method 'update' at Steamodded file 'src/ui.lua:124' 
	Local variables:
	 self = table: 0x115fde80  {F_GUIDE:false, F_CRASH_REPORTS:false, F_QUIT_BUTTON:true, HUD_tags:table: 0x121cc3b8, F_ENGLISH_ONLY:false, viewed_stake:1, HUD:table: 0x12153400 (more...)}
	 dt = number: 0.0167381
(19) Lua field 'update' at file 'main.lua:1011'
	Local variables:
	 dt = number: 0.0167381
(20) Lua function '?' at file 'main.lua:950' (best guess)
(21) global C function 'xpcall'
(22) LÖVE function at file 'boot.lua:377' (best guess)
	Local variables:
	 func = Lua function '?' (defined at line 921 of chunk main.lua)
	 inerror = boolean: true
	 deferErrhand = Lua function '(LÖVE Function)' (defined at line 348 of chunk [love "boot.lua"])
	 earlyinit = Lua function '(LÖVE Function)' (defined at line 355 of chunk [love "boot.lua"])
 
INFO - [G] file not found: main.lua: No such file or directory
INFO - [G] file not found: main.lua: No such file or directory
INFO - [G] 2025-09-15 14:59:59 :: INFO  :: StackTrace :: Additional Context:
Balatro Version: 1.0.1o-FULL
Modded Version: 1.0.0~BETA-0906c-STEAMODDED
LÖVE Version: 11.5.0
Lovely Version: 0.8.0
Platform: Windows
Steamodded Mods:
    1: Simple by Gonçalo, Braz, Hernani [ID: SimpleJoker]
    2: DebugPlus by WilsontheWolf [ID: DebugPlus, Version: 1.5.1, Uses Lovely]
Lovely Mods: 
