INFO - [♥] Lovely 0.8.0
INFO - [♥] Game directory is at "C:\\Program Files (x86)\\Steam\\steamapps\\common\\Balatro"
INFO - [♥] Writing logs to "C:\\Users\\irene\\AppData\\Roaming\\Balatro\\Mods\\lovely\\log"
INFO - [♥] Using mod directory at "C:\\Users\\irene\\AppData\\Roaming\\Balatro\\Mods"
WARN - [♥] Unknown key `patches.0.?.match_indent` found in patch file at "C:\\Users\\irene\\AppData\\Roaming\\Balatro\\Mods\\smods-main\\lovely\\scoring_calculation.toml", ignoring it
INFO - [♥] Cleaning up dumps directory at "C:\\Users\\irene\\AppData\\Roaming\\Balatro\\Mods\\lovely\\dump"
INFO - [♥] Initialization complete in 91ms
INFO - [♥] Applied 1 patch to 'conf.lua'
INFO - [♥] Applied 11 patches to 'main.lua'
INFO - [♥] Applied 10 patches to 'engine/controller.lua'
INFO - [♥] Applied 15 patches to 'back.lua'
INFO - [♥] Applied 8 patches to 'tag.lua'
INFO - [♥] Applied 2 patches to 'engine/moveable.lua'
INFO - [♥] Applied 2 patches to 'engine/sprite.lua'
INFO - [♥] Applied 2 patches to 'engine/animatedsprite.lua'
INFO - [♥] Applied 78 patches to 'functions/misc_functions.lua'
INFO - [♥] Applied 52 patches to 'game.lua'
INFO - [♥] Applied 1 patch to 'globals.lua'
INFO - [♥] Applied 7 patches to 'engine/ui.lua'
INFO - [♥] Applied 106 patches to 'functions/UI_definitions.lua'
INFO - [♥] Applied 55 patches to 'functions/state_events.lua'
INFO - [♥] Applied 122 patches to 'functions/common_events.lua'
INFO - [♥] Applied 54 patches to 'functions/button_callbacks.lua'
WARN - [♥] Regex 'localize\\(\'k_upgrade_ex\'\\)\\}\\); return true\n[ \\t]*end\\}\\)\\)\n[ \\t]*end\n(?<indent>[ \\t]*)return' on target 'card.lua' for regex patch from smods-main\lovely\joker_retriggers.toml resulted in no matches
WARN - [♥] Regex '[ \\t]*G\\.C\\.MULT\\}\\)\n[ \\t]*return true\n[ \\t]*end\\)\\}\\)\\)\n(?<indent>[ \\t]*)end' on target 'card.lua' for regex patch from smods-main\lovely\joker_retriggers.toml resulted in no matches
WARN - [♥] Regex '[ \\t]*func = function\\(\\) card_eval_status_text\\(self, \'extra\', nil, nil, nil, \\{message = localize\\{type = \'variable\', key = \'a_xmult\', vars = \\{self\\.ability\\.caino_xmult\\}\\}\\}\\); return true\n(?<indent>[ \\t]*)end\\}\\)\\)' on target 'card.lua' for regex patch from smods-main\lovely\joker_retriggers.toml resulted in no matches
WARN - [♥] Regex 'glass_cards\\}\\}\\}\\)\n[ \\t]*return true\n[ \\t]*end\n(?<indent>[ \\t]*)\\}\\)\\)' on target 'card.lua' for regex patch from smods-main\lovely\joker_retriggers.toml resulted in no matches
INFO - [♥] Applied 218 patches to 'card.lua'
INFO - [♥] Applied 20 patches to 'cardarea.lua'
INFO - [♥] Applied 40 patches to 'blind.lua'
INFO - [♥] Applied 10 patches to 'card_character.lua'
INFO - [♥] Applied 10 patches to 'engine/text.lua'
INFO - [G] Failed to connect to the debug server 
INFO - [G] 2025-09-16 02:23:37 :: DEBUG :: DebugConsole :: Steamodded Debug Socket started ! 
INFO - [G] 2025-09-16 02:23:37 :: INFO  :: SMODS :: Steamodded v1.0.0~BETA-0906c 
INFO - [♥] Applied 9 patches to 'engine/sound_manager.lua'
INFO - [♥] Applied 1 patch to 'engine/save_manager.lua'
INFO - [G] 2025-09-16 02:23:39 :: ERROR :: Loader :: Found invalid metadata JSON file at C:\Users\irene\AppData\Roaming\Balatro\Mods/.vscode/settings.json, ignoring: [SMODS _ "src/loader.lua"]:226: id 
INFO - [G] 2025-09-16 02:23:39 :: ERROR :: Loader :: Found invalid metadata JSON file at C:\Users\irene\AppData\Roaming\Balatro\Mods/DebugPlus-master/.luarc.json, ignoring: [SMODS _ "src/loader.lua"]:226: id 
INFO - [G] 2025-09-16 02:23:39 :: ERROR :: Loader :: Found invalid metadata JSON file at C:\Users\irene\AppData\Roaming\Balatro\Mods/DebugPlus-master/dev/.luarc.json, ignoring: [SMODS _ "src/loader.lua"]:226: id 
INFO - [G] 2025-09-16 02:23:39 :: INFO  :: Loader :: Valid JSON file found 
INFO - [G] 2025-09-16 02:23:39 :: TRACE :: Loader :: Processing Mod file (Legacy header): Main.lua 
INFO - [G] 2025-09-16 02:23:39 :: TRACE :: Loader :: Saving Mod Info: SimpleJoker 
INFO - [G] 2025-09-16 02:23:39 :: INFO  :: TIMER :: [0000] Injected Fonts in 0.003 ms 
INFO - [G] 2025-09-16 02:23:39 :: INFO  :: TIMER :: [0000] Injected DynaTextEffects in 0.002 ms 
INFO - [G] 2025-09-16 02:23:39 :: INFO  :: TIMER :: [0000] Injected Language in 0.007 ms 
INFO - [G] 2025-09-16 02:23:39 :: INFO  :: TIMER :: [0000] Injected [INTERNAL] in 6.422 ms 
INFO - [G] 2025-09-16 02:23:40 :: INFO  :: TIMER :: [0009] Injected Atlas in 695.474 ms 
INFO - [G] 2025-09-16 02:23:40 :: INFO  :: TIMER :: [0002] Injected Sound in 1.221 ms 
INFO - [G] 2025-09-16 02:23:40 :: INFO  :: TIMER :: [0008] Injected Stake in 1.672 ms 
INFO - [G] 2025-09-16 02:23:40 :: INFO  :: TIMER :: [0004] Injected Rarity in 0.148 ms 
INFO - [G] 2025-09-16 02:23:40 :: INFO  :: TIMER :: [0004] Injected ObjectType in 0.118 ms 
INFO - [G] 2025-09-16 02:23:40 :: INFO  :: TIMER :: [0054] Injected Center in 1.665 ms 
INFO - [G] 2025-09-16 02:23:40 :: INFO  :: TIMER :: [0007] Injected Undiscovered Sprite in 0.072 ms 
INFO - [G] 2025-09-16 02:23:40 :: INFO  :: TIMER :: [0004] Injected Blind in 0.291 ms 
INFO - [G] 2025-09-16 02:23:40 :: INFO  :: TIMER :: [0004] Injected Seal in 1.280 ms 
INFO - [G] 2025-09-16 02:23:40 :: INFO  :: TIMER :: [0004] Injected Suit in 0.748 ms 
INFO - [G] 2025-09-16 02:23:40 :: INFO  :: TIMER :: [0013] Injected Rank in 1.058 ms 
INFO - [G] 2025-09-16 02:23:40 :: INFO  :: TIMER :: [0028] Injected DeckSkin in 0.954 ms 
INFO - [G] 2025-09-16 02:23:40 :: INFO  :: TIMER :: [0017] Injected JimboQuip in 0.162 ms 
INFO - [G] 2025-09-16 02:23:40 :: INFO  :: TIMER :: [0012] Injected PokerHand in 0.597 ms 
INFO - [G] 2025-09-16 02:23:40 :: INFO  :: TIMER :: [0020] Injected Challenge in 0.160 ms 
INFO - [G] 2025-09-16 02:23:40 :: INFO  :: TIMER :: [0000] Injected Tag in 0.004 ms 
INFO - [G] 2025-09-16 02:23:40 :: INFO  :: TIMER :: [0004] Injected Sticker in 0.208 ms 
INFO - [G] 2025-09-16 02:23:40 :: INFO  :: TIMER :: [0000] Injected Shader in 0.003 ms 
INFO - [G] 2025-09-16 02:23:40 :: INFO  :: TIMER :: [0002] Injected Keybind in 0.025 ms 
INFO - [G] 2025-09-16 02:23:40 :: INFO  :: TIMER :: [0000] Injected Achievement in 0.053 ms 
INFO - [G] 2025-09-16 02:23:40 :: INFO  :: TIMER :: [0002] Injected nil in 0.028 ms 
INFO - [G] 2025-09-16 02:23:40 :: INFO  :: TIMER :: [0002] Injected Scoring_Parameters in 0.199 ms 
INFO - [G] 2025-09-16 02:23:40 :: INFO  :: TIMER :: [0003] Injected Scoring_Calculations in 0.032 ms 
INFO - [G] 2025-09-16 02:23:40 :: INFO  :: TIMER :: [0021] Injected Draw Step in 0.287 ms 
INFO - [G] 2025-09-16 02:23:40 :: INFO  :: TIMER :: [0000] Injected [INTERNAL] in 0.411 ms 
INFO - [G] [DebugPlus] Press [-] to toggle console and press [shift] + [-] to toggle new log previews 
INFO - [G] line not found
INFO - [G] file not found: main.lua: No such file or directory
INFO - [G] file not found: main.lua: No such file or directory
INFO - [G] 2025-09-16 02:24:30 :: ERROR :: StackTrace :: Oops! The game crashed
[SMODS SimpleJoker "Main.lua"]:282: attempt to index field 'player' (a nil value)
Stack Traceback
===============
(1) Lua upvalue 'orig' at file 'main.lua:612'
	Local variables:
	 msg = string: "[SMODS SimpleJoker \"Main.lua\"]:282: attempt to index field 'player' (a nil value)"
	 (*temporary) = Lua function '?' (defined at line 31 of chunk [SMODS _ "src/logging.lua"])
	 (*temporary) = string: "Oops! The game crashed\
"
(2) Lua local 'handler' at file 'debugplus/console.lua:606' (from lovely module debugplus.console)
	Local variables:
	 msg = string: "[SMODS SimpleJoker \"Main.lua\"]:282: attempt to index field 'player' (a nil value)"
(3) LÖVE metamethod at file 'boot.lua:352'
	Local variables:
	 errhand = Lua function '(LÖVE Function)' (defined at line 605 of chunk [lovely debugplus.console "debugplus/console.lua"])
	 handler = Lua function '(LÖVE Function)' (defined at line 605 of chunk [lovely debugplus.console "debugplus/console.lua"])
(4) Lua method 'calculate' at file 'Main.lua:282' (from mod with id SimpleJoker)
	Local variables:
	 self = table: 0x2a9d6458  {alerted:true, _saved_d_u:true, original_key:The gambler, mod:table: 0x2ae33310, unlocked:true, _u:true, rarity:2, cost:7, order:146, _d:true (more...)}
	 card = table: 0x2af39d30  {ARGS:table: 0x2af39e40, rank:1, click_offset:table: 0x2aa004b0, dissolve_colours:table: 0x2b8e7a48, static_rotation:false, ambient_tilt:0.2, parent:table: 0x2b3460a0 (more...)}
	 context = table: 0x2b487390  {main_eval:true, blind:table: 0x2a9b0e90, cardarea:table: 0x2b3460a0, setting_blind:true}
	 amount = number: 8
	 (*temporary) = nil
	 (*temporary) = nil
	 (*temporary) = number: 8
	 (*temporary) = string: "attempt to index field 'player' (a nil value)"
(5) Lua upvalue 'calculate_joker_ref' at file 'card.lua:2611'
	Local variables:
	 self = table: 0x2af39d30  {ARGS:table: 0x2af39e40, rank:1, click_offset:table: 0x2aa004b0, dissolve_colours:table: 0x2b8e7a48, static_rotation:false, ambient_tilt:0.2, parent:table: 0x2b3460a0 (more...)}
	 context = table: 0x2b487390  {main_eval:true, blind:table: 0x2a9b0e90, cardarea:table: 0x2b3460a0, setting_blind:true}
	 obj = table: 0x2a9d6458  {alerted:true, _saved_d_u:true, original_key:The gambler, mod:table: 0x2ae33310, unlocked:true, _u:true, rarity:2, cost:7, order:146, _d:true (more...)}
(6) Lua method 'calculate_joker' at Steamodded file 'src/overrides.lua:2399' 
	Local variables:
	 self = table: 0x2af39d30  {ARGS:table: 0x2af39e40, rank:1, click_offset:table: 0x2aa004b0, dissolve_colours:table: 0x2b8e7a48, static_rotation:false, ambient_tilt:0.2, parent:table: 0x2b3460a0 (more...)}
	 context = table: 0x2b487390  {main_eval:true, blind:table: 0x2a9b0e90, cardarea:table: 0x2b3460a0, setting_blind:true}
(7) Lua upvalue 'eval_card_ref' at file 'functions/common_events.lua:758'
	Local variables:
	 card = table: 0x2af39d30  {ARGS:table: 0x2af39e40, rank:1, click_offset:table: 0x2aa004b0, dissolve_colours:table: 0x2b8e7a48, static_rotation:false, ambient_tilt:0.2, parent:table: 0x2b3460a0 (more...)}
	 context = table: 0x2b487390  {main_eval:true, blind:table: 0x2a9b0e90, cardarea:table: 0x2b3460a0, setting_blind:true}
	 ret = table: 0x2ab8fbb8  {}
	 post_trig = table: 0x2ab8fbe0  {}
	 areas = table: 0x2ab8fc08  {1:table: 0x2b3460a0, 2:table: 0x2af49e40, 3:table: 0x2ae60a38}
	 area_set = table: 0x2ab8fc50  {table: 0x2af49e40:true, table: 0x2b3460a0:true, table: 0x2ae60a38:true}
(8) Lua global 'eval_card' at Steamodded file 'src/overrides.lua:2383' 
	Local variables:
	 card = table: 0x2af39d30  {ARGS:table: 0x2af39e40, rank:1, click_offset:table: 0x2aa004b0, dissolve_colours:table: 0x2b8e7a48, static_rotation:false, ambient_tilt:0.2, parent:table: 0x2b3460a0 (more...)}
	 context = table: 0x2b487390  {main_eval:true, blind:table: 0x2a9b0e90, cardarea:table: 0x2b3460a0, setting_blind:true}
(9) Lua field 'calculate_card_areas' at Steamodded file 'src/utils.lua:1646' 
	Local variables:
	 _type = string: "jokers"
	 context = table: 0x2b487390  {main_eval:true, blind:table: 0x2a9b0e90, cardarea:table: 0x2b3460a0, setting_blind:true}
	 return_table = nil
	 args = table: 0x2ab8fb20  {joker_area:true}
	 flags = table: 0x2ab8fb48  {}
	 (for generator) = C function: builtin#6
	 (for state) = table: 0x2ab8fb70  {1:table: 0x2b3460a0, 2:table: 0x2af49e40, 3:table: 0x2ae60a38}
	 (for control) = number: 1
	 _ = number: 1
	 area = table: 0x2b3460a0  {click_offset:table: 0x2b36d550, static_rotation:false, shuffle_amt:0, T:table: 0x2b36d398, offset:table: 0x2b097d50, role:table: 0x2aceb518, last_aligned:-1 (more...)}
	 (for generator) = C function: builtin#6
	 (for state) = table: 0x2aee66b0  {1:table: 0x2af39d30}
	 (for control) = number: 1
	 _ = number: 1
	 _card = table: 0x2af39d30  {ARGS:table: 0x2af39e40, rank:1, click_offset:table: 0x2aa004b0, dissolve_colours:table: 0x2b8e7a48, static_rotation:false, ambient_tilt:0.2, parent:table: 0x2b3460a0 (more...)}
(10) Lua field 'calculate_context' at Steamodded file 'src/utils.lua:1882' 
	Local variables:
	 context = table: 0x2b487390  {main_eval:true, blind:table: 0x2a9b0e90, cardarea:table: 0x2b3460a0, setting_blind:true}
	 return_table = nil
	 no_resolve = nil
	 has_area = nil
	 flags = table: 0x2ab8fa90  {}
	 (*temporary) = number: 1
(11) Lua field 'func' at file 'functions/state_events.lua:280'
	Local variables:
	 blhash = string: "S"
(12) Lua method 'handle' at file 'engine/event.lua:99'
	Local variables:
	 self = table: 0x2b44d8c8  {start_timer:true, timer:TOTAL, blockable:true, trigger:immediate, func:function: 0x2a9d9678, delay:0, complete:false, time:34.465900838735, blocking:true (more...)}
	 _results = table: 0x2af562a8  {blocking:true, pause_skip:false, time_done:false, completed:false}
(13) Lua method 'update' at file 'engine/event.lua:182'
	Local variables:
	 self = table: 0x2abe3c20  {queue_last_processed:48.666666666665, queues:table: 0x2abe3c48, queue_dt:0.016666666666667, queue_timer:49.413452408962}
	 dt = number: 0.0166876
	 forced = nil
	 (for generator) = C function: next
	 (for state) = table: 0x2abe3c48  {unlock:table: 0x2abe3d38, other:table: 0x2abe3dd8, tutorial:table: 0x2abe3d88, base:table: 0x2abe3d60, achievement:table: 0x2abe3db0}
	 (for control) = number: nan
	 k = string: "base"
	 v = table: 0x2abe3d60  {1:table: 0x2b360268, 2:table: 0x2b44d8c8, 3:table: 0x2b6306f0, 4:table: 0x2a879ba8, 5:table: 0x2b0c57e8, 6:table: 0x2ae76fc0, 7:table: 0x2b001240 (more...)}
	 blocked = boolean: false
	 i = number: 2
	 results = table: 0x2af562a8  {blocking:true, pause_skip:false, time_done:false, completed:false}
(14) Lua upvalue 'gameUpdateRef' at file 'game.lua:2578'
	Local variables:
	 self = table: 0x2a7e1c50  {F_GUIDE:false, F_CRASH_REPORTS:false, F_QUIT_BUTTON:true, HUD_tags:table: 0x2b94ecd0, F_ENGLISH_ONLY:false, viewed_stake:1, HUD:table: 0x2b8d7670 (more...)}
	 dt = number: 0.0166876
	 http_resp = nil
(15) Lua method 'update' at Steamodded file 'src/ui.lua:124' 
	Local variables:
	 self = table: 0x2a7e1c50  {F_GUIDE:false, F_CRASH_REPORTS:false, F_QUIT_BUTTON:true, HUD_tags:table: 0x2b94ecd0, F_ENGLISH_ONLY:false, viewed_stake:1, HUD:table: 0x2b8d7670 (more...)}
	 dt = number: 0.0166876
(16) Lua field 'update' at file 'main.lua:1011'
	Local variables:
	 dt = number: 0.0166876
(17) Lua function '?' at file 'main.lua:950' (best guess)
(18) global C function 'xpcall'
(19) LÖVE function at file 'boot.lua:377' (best guess)
	Local variables:
	 func = Lua function '?' (defined at line 921 of chunk main.lua)
	 inerror = boolean: true
	 deferErrhand = Lua function '(LÖVE Function)' (defined at line 348 of chunk [love "boot.lua"])
	 earlyinit = Lua function '(LÖVE Function)' (defined at line 355 of chunk [love "boot.lua"])
 
INFO - [G] file not found: main.lua: No such file or directory
INFO - [G] file not found: main.lua: No such file or directory
INFO - [G] 2025-09-16 02:24:30 :: INFO  :: StackTrace :: Additional Context:
Balatro Version: 1.0.1o-FULL
Modded Version: 1.0.0~BETA-0906c-STEAMODDED
LÖVE Version: 11.5.0
Lovely Version: 0.8.0
Platform: Windows
Steamodded Mods:
    1: Simple by Gonçalo, Braz, Hernani [ID: SimpleJoker]
    2: DebugPlus by WilsontheWolf [ID: DebugPlus, Version: 1.5.1, Uses Lovely]
Lovely Mods: 
