INFO - [♥] Lovely 0.8.0
INFO - [♥] Game directory is at "C:\\Program Files (x86)\\Steam\\steamapps\\common\\Balatro"
INFO - [♥] Writing logs to "C:\\Users\\irene\\AppData\\Roaming\\Balatro\\Mods\\lovely\\log"
INFO - [♥] Using mod directory at "C:\\Users\\irene\\AppData\\Roaming\\Balatro\\Mods"
WARN - [♥] Unknown key `patches.0.?.match_indent` found in patch file at "C:\\Users\\irene\\AppData\\Roaming\\Balatro\\Mods\\smods-main\\lovely\\scoring_calculation.toml", ignoring it
INFO - [♥] Cleaning up dumps directory at "C:\\Users\\irene\\AppData\\Roaming\\Balatro\\Mods\\lovely\\dump"
INFO - [♥] Initialization complete in 93ms
INFO - [♥] Applied 1 patch to 'conf.lua'
INFO - [♥] Applied 11 patches to 'main.lua'
INFO - [♥] Applied 10 patches to 'engine/controller.lua'
INFO - [♥] Applied 15 patches to 'back.lua'
INFO - [♥] Applied 8 patches to 'tag.lua'
INFO - [♥] Applied 2 patches to 'engine/moveable.lua'
INFO - [♥] Applied 2 patches to 'engine/sprite.lua'
INFO - [♥] Applied 2 patches to 'engine/animatedsprite.lua'
INFO - [♥] Applied 78 patches to 'functions/misc_functions.lua'
INFO - [♥] Applied 52 patches to 'game.lua'
INFO - [♥] Applied 1 patch to 'globals.lua'
INFO - [♥] Applied 7 patches to 'engine/ui.lua'
INFO - [♥] Applied 106 patches to 'functions/UI_definitions.lua'
INFO - [♥] Applied 55 patches to 'functions/state_events.lua'
INFO - [♥] Applied 122 patches to 'functions/common_events.lua'
INFO - [♥] Applied 54 patches to 'functions/button_callbacks.lua'
WARN - [♥] Regex 'localize\\(\'k_upgrade_ex\'\\)\\}\\); return true\n[ \\t]*end\\}\\)\\)\n[ \\t]*end\n(?<indent>[ \\t]*)return' on target 'card.lua' for regex patch from smods-main\lovely\joker_retriggers.toml resulted in no matches
WARN - [♥] Regex '[ \\t]*G\\.C\\.MULT\\}\\)\n[ \\t]*return true\n[ \\t]*end\\)\\}\\)\\)\n(?<indent>[ \\t]*)end' on target 'card.lua' for regex patch from smods-main\lovely\joker_retriggers.toml resulted in no matches
WARN - [♥] Regex '[ \\t]*func = function\\(\\) card_eval_status_text\\(self, \'extra\', nil, nil, nil, \\{message = localize\\{type = \'variable\', key = \'a_xmult\', vars = \\{self\\.ability\\.caino_xmult\\}\\}\\}\\); return true\n(?<indent>[ \\t]*)end\\}\\)\\)' on target 'card.lua' for regex patch from smods-main\lovely\joker_retriggers.toml resulted in no matches
WARN - [♥] Regex 'glass_cards\\}\\}\\}\\)\n[ \\t]*return true\n[ \\t]*end\n(?<indent>[ \\t]*)\\}\\)\\)' on target 'card.lua' for regex patch from smods-main\lovely\joker_retriggers.toml resulted in no matches
INFO - [♥] Applied 218 patches to 'card.lua'
INFO - [♥] Applied 20 patches to 'cardarea.lua'
INFO - [♥] Applied 40 patches to 'blind.lua'
INFO - [♥] Applied 10 patches to 'card_character.lua'
INFO - [♥] Applied 10 patches to 'engine/text.lua'
INFO - [G] Failed to connect to the debug server 
INFO - [G] 2025-09-13 15:10:52 :: DEBUG :: DebugConsole :: Steamodded Debug Socket started ! 
INFO - [G] 2025-09-13 15:10:52 :: INFO  :: SMODS :: Steamodded v1.0.0~BETA-0906c 
INFO - [♥] Applied 9 patches to 'engine/sound_manager.lua'
INFO - [♥] Applied 1 patch to 'engine/save_manager.lua'
INFO - [G] 2025-09-13 15:10:53 :: ERROR :: Loader :: Found invalid metadata JSON file at C:\Users\irene\AppData\Roaming\Balatro\Mods/.vscode/settings.json, ignoring: [SMODS _ "src/loader.lua"]:226: id 
INFO - [G] 2025-09-13 15:10:53 :: ERROR :: Loader :: Found invalid metadata JSON file at C:\Users\irene\AppData\Roaming\Balatro\Mods/DebugPlus-master/.luarc.json, ignoring: [SMODS _ "src/loader.lua"]:226: id 
INFO - [G] 2025-09-13 15:10:53 :: ERROR :: Loader :: Found invalid metadata JSON file at C:\Users\irene\AppData\Roaming\Balatro\Mods/DebugPlus-master/dev/.luarc.json, ignoring: [SMODS _ "src/loader.lua"]:226: id 
INFO - [G] 2025-09-13 15:10:53 :: INFO  :: Loader :: Valid JSON file found 
INFO - [G] 2025-09-13 15:10:53 :: TRACE :: Loader :: Processing Mod file (Legacy header): Main.lua 
INFO - [G] 2025-09-13 15:10:53 :: TRACE :: Loader :: Saving Mod Info: SimpleJoker 
INFO - [G] 2025-09-13 15:10:54 :: INFO  :: TIMER :: [0000] Injected Fonts in 0.003 ms 
INFO - [G] 2025-09-13 15:10:54 :: INFO  :: TIMER :: [0000] Injected DynaTextEffects in 0.003 ms 
INFO - [G] 2025-09-13 15:10:54 :: INFO  :: TIMER :: [0000] Injected Language in 0.074 ms 
INFO - [G] 2025-09-13 15:10:54 :: INFO  :: TIMER :: [0000] Injected [INTERNAL] in 2.337 ms 
INFO - [G] 2025-09-13 15:10:54 :: INFO  :: TIMER :: [0007] Injected Atlas in 737.720 ms 
INFO - [G] 2025-09-13 15:10:54 :: INFO  :: TIMER :: [0001] Injected Sound in 0.725 ms 
INFO - [G] 2025-09-13 15:10:54 :: INFO  :: TIMER :: [0008] Injected Stake in 1.609 ms 
INFO - [G] 2025-09-13 15:10:54 :: INFO  :: TIMER :: [0004] Injected Rarity in 0.242 ms 
INFO - [G] 2025-09-13 15:10:54 :: INFO  :: TIMER :: [0004] Injected ObjectType in 0.205 ms 
INFO - [G] 2025-09-13 15:10:54 :: INFO  :: TIMER :: [0052] Injected Center in 1.202 ms 
INFO - [G] 2025-09-13 15:10:54 :: INFO  :: TIMER :: [0007] Injected Undiscovered Sprite in 0.034 ms 
INFO - [G] 2025-09-13 15:10:54 :: INFO  :: TIMER :: [0004] Injected Blind in 0.079 ms 
INFO - [G] 2025-09-13 15:10:54 :: INFO  :: TIMER :: [0004] Injected Seal in 1.013 ms 
INFO - [G] 2025-09-13 15:10:55 :: INFO  :: TIMER :: [0004] Injected Suit in 0.699 ms 
INFO - [G] 2025-09-13 15:10:55 :: INFO  :: TIMER :: [0013] Injected Rank in 0.922 ms 
INFO - [G] 2025-09-13 15:10:55 :: INFO  :: TIMER :: [0028] Injected DeckSkin in 0.813 ms 
INFO - [G] 2025-09-13 15:10:55 :: INFO  :: TIMER :: [0017] Injected JimboQuip in 0.262 ms 
INFO - [G] 2025-09-13 15:10:55 :: INFO  :: TIMER :: [0012] Injected PokerHand in 0.382 ms 
INFO - [G] 2025-09-13 15:10:55 :: INFO  :: TIMER :: [0020] Injected Challenge in 0.243 ms 
INFO - [G] 2025-09-13 15:10:55 :: INFO  :: TIMER :: [0000] Injected Tag in 0.040 ms 
INFO - [G] 2025-09-13 15:10:55 :: INFO  :: TIMER :: [0004] Injected Sticker in 0.789 ms 
INFO - [G] 2025-09-13 15:10:55 :: INFO  :: TIMER :: [0000] Injected Shader in 0.004 ms 
INFO - [G] 2025-09-13 15:10:55 :: INFO  :: TIMER :: [0002] Injected Keybind in 0.033 ms 
INFO - [G] 2025-09-13 15:10:55 :: INFO  :: TIMER :: [0000] Injected Achievement in 0.128 ms 
INFO - [G] 2025-09-13 15:10:55 :: INFO  :: TIMER :: [0002] Injected nil in 0.046 ms 
INFO - [G] 2025-09-13 15:10:55 :: INFO  :: TIMER :: [0002] Injected Scoring_Parameters in 0.409 ms 
INFO - [G] 2025-09-13 15:10:55 :: INFO  :: TIMER :: [0003] Injected Scoring_Calculations in 0.052 ms 
INFO - [G] 2025-09-13 15:10:55 :: INFO  :: TIMER :: [0021] Injected Draw Step in 0.221 ms 
INFO - [G] 2025-09-13 15:10:55 :: INFO  :: TIMER :: [0000] Injected [INTERNAL] in 0.533 ms 
INFO - [G] [DebugPlus] Press [-] to toggle console and press [shift] + [-] to toggle new log previews 
INFO - [G] line not found
INFO - [G] file not found: main.lua: No such file or directory
INFO - [G] file not found: main.lua: No such file or directory
INFO - [G] 2025-09-13 15:11:43 :: ERROR :: StackTrace :: Oops! The game crashed
[SMODS SimpleJoker "Main.lua"]:117: attempt to compare table with number
Stack Traceback
===============
(1) Lua upvalue 'orig' at file 'main.lua:612'
	Local variables:
	 msg = string: "[SMODS SimpleJoker \"Main.lua\"]:117: attempt to compare table with number"
	 (*temporary) = Lua function '?' (defined at line 31 of chunk [SMODS _ "src/logging.lua"])
	 (*temporary) = string: "Oops! The game crashed\
"
(2) Lua local 'handler' at file 'debugplus/console.lua:606' (from lovely module debugplus.console)
	Local variables:
	 msg = string: "[SMODS SimpleJoker \"Main.lua\"]:117: attempt to compare table with number"
(3) LÖVE metamethod at file 'boot.lua:352'
	Local variables:
	 errhand = Lua function '(LÖVE Function)' (defined at line 605 of chunk [lovely debugplus.console "debugplus/console.lua"])
	 handler = Lua function '(LÖVE Function)' (defined at line 605 of chunk [lovely debugplus.console "debugplus/console.lua"])
(4) Lua method 'calculate' at file 'Main.lua:117' (from mod with id SimpleJoker)
	Local variables:
	 self = table: 0x27eff360  {alerted:true, _saved_d_u:true, original_key:Jack_of_all_jokers, mod:table: 0x28166df0, unlocked:true, registered:true, _discovered_unlocked_overwritten:true (more...)}
	 card = table: 0x2859c750  {click_offset:table: 0x28173498, static_rotation:false, rank:1, parent:table: 0x283ff100, T:table: 0x28364b38, last_aligned:-1, extra_cost:0, highlighted:false (more...)}
	 context = table: 0x288ca7c0  {main_eval:true, blind:table: 0x27d4cfd0, cardarea:table: 0x283ff100, setting_blind:true}
	 (*temporary) = number: 1
	 (*temporary) = table: 0x27a200e8  {}
	 (*temporary) = table: 0x288ca688  {}
	 (*temporary) = nil
	 (*temporary) = string: "nil"
	 (*temporary) = nil
	 (*temporary) = table: 0x28367fb0  {click_offset:table: 0x28368358, children:table: 0x283686a8, animation:table: 0x28368db8, offset:table: 0x28369598, role:table: 0x283689a0, last_aligned:-1 (more...)}
	 (*temporary) = table: 0x288ca688  {}
	 (*temporary) = nil
	 (*temporary) = string: "attempt to compare table with number"
(5) Lua upvalue 'calculate_joker_ref' at file 'card.lua:2611'
	Local variables:
	 self = table: 0x2859c750  {click_offset:table: 0x28173498, static_rotation:false, rank:1, parent:table: 0x283ff100, T:table: 0x28364b38, last_aligned:-1, extra_cost:0, highlighted:false (more...)}
	 context = table: 0x288ca7c0  {main_eval:true, blind:table: 0x27d4cfd0, cardarea:table: 0x283ff100, setting_blind:true}
	 obj = table: 0x27eff360  {alerted:true, _saved_d_u:true, original_key:Jack_of_all_jokers, mod:table: 0x28166df0, unlocked:true, registered:true, _discovered_unlocked_overwritten:true (more...)}
(6) Lua method 'calculate_joker' at Steamodded file 'src/overrides.lua:2399' 
	Local variables:
	 self = table: 0x2859c750  {click_offset:table: 0x28173498, static_rotation:false, rank:1, parent:table: 0x283ff100, T:table: 0x28364b38, last_aligned:-1, extra_cost:0, highlighted:false (more...)}
	 context = table: 0x288ca7c0  {main_eval:true, blind:table: 0x27d4cfd0, cardarea:table: 0x283ff100, setting_blind:true}
(7) Lua upvalue 'eval_card_ref' at file 'functions/common_events.lua:758'
	Local variables:
	 card = table: 0x2859c750  {click_offset:table: 0x28173498, static_rotation:false, rank:1, parent:table: 0x283ff100, T:table: 0x28364b38, last_aligned:-1, extra_cost:0, highlighted:false (more...)}
	 context = table: 0x288ca7c0  {main_eval:true, blind:table: 0x27d4cfd0, cardarea:table: 0x283ff100, setting_blind:true}
	 ret = table: 0x288ca9d8  {}
	 post_trig = table: 0x288caa00  {}
	 areas = table: 0x288caa28  {1:table: 0x283ff100, 2:table: 0x286e8258, 3:table: 0x28196dd8}
	 area_set = table: 0x288caa70  {table: 0x28196dd8:true, table: 0x286e8258:true, table: 0x283ff100:true}
(8) Lua global 'eval_card' at Steamodded file 'src/overrides.lua:2383' 
	Local variables:
	 card = table: 0x2859c750  {click_offset:table: 0x28173498, static_rotation:false, rank:1, parent:table: 0x283ff100, T:table: 0x28364b38, last_aligned:-1, extra_cost:0, highlighted:false (more...)}
	 context = table: 0x288ca7c0  {main_eval:true, blind:table: 0x27d4cfd0, cardarea:table: 0x283ff100, setting_blind:true}
(9) Lua field 'calculate_card_areas' at Steamodded file 'src/utils.lua:1646' 
	Local variables:
	 _type = string: "jokers"
	 context = table: 0x288ca7c0  {main_eval:true, blind:table: 0x27d4cfd0, cardarea:table: 0x283ff100, setting_blind:true}
	 return_table = nil
	 args = table: 0x288ca940  {joker_area:true}
	 flags = table: 0x288ca968  {}
	 (for generator) = C function: builtin#6
	 (for state) = table: 0x288ca990  {1:table: 0x283ff100, 2:table: 0x286e8258, 3:table: 0x28196dd8}
	 (for control) = number: 1
	 _ = number: 1
	 area = table: 0x283ff100  {click_offset:table: 0x28404270, static_rotation:false, shuffle_amt:0, T:table: 0x28401ea8, offset:table: 0x281911e8, role:table: 0x28190b80, last_aligned:-1 (more...)}
	 (for generator) = C function: builtin#6
	 (for state) = table: 0x28191670  {1:table: 0x2859c750}
	 (for control) = number: 1
	 _ = number: 1
	 _card = table: 0x2859c750  {click_offset:table: 0x28173498, static_rotation:false, rank:1, parent:table: 0x283ff100, T:table: 0x28364b38, last_aligned:-1, extra_cost:0, highlighted:false (more...)}
(10) Lua field 'calculate_context' at Steamodded file 'src/utils.lua:1882' 
	Local variables:
	 context = table: 0x288ca7c0  {main_eval:true, blind:table: 0x27d4cfd0, cardarea:table: 0x283ff100, setting_blind:true}
	 return_table = nil
	 no_resolve = nil
	 has_area = nil
	 flags = table: 0x288ca8b0  {}
	 (*temporary) = number: 1
(11) Lua field 'func' at file 'functions/state_events.lua:280'
	Local variables:
	 blhash = string: "S"
(12) Lua method 'handle' at file 'engine/event.lua:99'
	Local variables:
	 self = table: 0x28262c78  {start_timer:true, timer:TOTAL, blockable:true, trigger:immediate, func:function: 0x28210340, delay:0, complete:false, time:45.385817927978, blocking:true (more...)}
	 _results = table: 0x283addb0  {blocking:true, pause_skip:false, time_done:false, completed:false}
(13) Lua method 'update' at file 'engine/event.lua:182'
	Local variables:
	 self = table: 0x27efd008  {queue_last_processed:47.183333333332, queues:table: 0x27efd030, queue_dt:0.016666666666667, queue_timer:47.926669666453}
	 dt = number: 0.0166645
	 forced = nil
	 (for generator) = C function: next
	 (for state) = table: 0x27efd030  {unlock:table: 0x27efd120, other:table: 0x27efd1c0, tutorial:table: 0x27efd170, base:table: 0x27efd148, achievement:table: 0x27efd198}
	 (for control) = number: nan
	 k = string: "base"
	 v = table: 0x27efd148  {1:table: 0x27d63808, 2:table: 0x28262c78, 3:table: 0x27e7f7b0, 4:table: 0x2837d2a8, 5:table: 0x283360e8, 6:table: 0x286e9000, 7:table: 0x287f89a8 (more...)}
	 blocked = boolean: false
	 i = number: 2
	 results = table: 0x283addb0  {blocking:true, pause_skip:false, time_done:false, completed:false}
(14) Lua upvalue 'gameUpdateRef' at file 'game.lua:2578'
	Local variables:
	 self = table: 0x27b27e38  {F_GUIDE:false, F_CRASH_REPORTS:false, F_QUIT_BUTTON:true, HUD_tags:table: 0x28265dd0, F_ENGLISH_ONLY:false, viewed_stake:1, HUD:table: 0x282af7b8 (more...)}
	 dt = number: 0.0166645
	 http_resp = nil
(15) Lua method 'update' at Steamodded file 'src/ui.lua:124' 
	Local variables:
	 self = table: 0x27b27e38  {F_GUIDE:false, F_CRASH_REPORTS:false, F_QUIT_BUTTON:true, HUD_tags:table: 0x28265dd0, F_ENGLISH_ONLY:false, viewed_stake:1, HUD:table: 0x282af7b8 (more...)}
	 dt = number: 0.0166645
(16) Lua field 'update' at file 'main.lua:1011'
	Local variables:
	 dt = number: 0.0166645
(17) Lua function '?' at file 'main.lua:950' (best guess)
(18) global C function 'xpcall'
(19) LÖVE function at file 'boot.lua:377' (best guess)
	Local variables:
	 func = Lua function '?' (defined at line 921 of chunk main.lua)
	 inerror = boolean: true
	 deferErrhand = Lua function '(LÖVE Function)' (defined at line 348 of chunk [love "boot.lua"])
	 earlyinit = Lua function '(LÖVE Function)' (defined at line 355 of chunk [love "boot.lua"])
 
INFO - [G] file not found: main.lua: No such file or directory
INFO - [G] file not found: main.lua: No such file or directory
INFO - [G] 2025-09-13 15:11:43 :: INFO  :: StackTrace :: Additional Context:
Balatro Version: 1.0.1o-FULL
Modded Version: 1.0.0~BETA-0906c-STEAMODDED
LÖVE Version: 11.5.0
Lovely Version: 0.8.0
Platform: Windows
Steamodded Mods:
    1: Simple by Gonçalo, Braz, Hernani [ID: SimpleJoker]
    2: DebugPlus by WilsontheWolf [ID: DebugPlus, Version: 1.5.1, Uses Lovely]
Lovely Mods: 
